78 [26164] INFO perfrun.launcher <> - Launcher main begin
83 [26164] INFO perfrun.launcher <> - MessageCatalogInit finished
83 [26164] INFO perfrun.launcher <> - Launcher instance created
83 [26164] INFO perfrun.launcher <> - argc = 7; cmdline = C:\Program Files (x86)\Intel\oneAPI\vtune\2023.0.0\bin64\amplxe-runss.exe --ui-output-format xml --ui-output-fd 1196 --option-file C:\Users\germa\source\repos\Project3\Project3\VTune Profiler Results\Project3\r096hs\config\runss.options 
112 [26164] INFO perfrun.launcher <> - New signal handler callback was added
160 [26164] INFO perfrun.launcher <> - create msngr2::ICliToolContext
160 [26164] INFO perfrun.launcher <> - create file finder object
160 [26164] INFO perfrun.launcher <> - create a result directory: pattern = C:\Users\germa\source\repos\Project3\Project3\VTune Profiler Results\Project3\r096hs pid = 4294967295
167 [26164] INFO perfrun.launcher <> - create data directory = C:\Users\germa\source\repos\Project3\Project3\VTune Profiler Results\Project3\r096hs\data.0
169 [26164] INFO perfrun.launcher <> - Creating the master collection flag
177 [26164] INFO perfrun.launcher <> - Done creating the master collection flag
177 [26248] INFO perfrun.launcher <> - plugin [remoteplug] was disabled because it doesn't support the given collection type.
178 [26248] INFO perfrun.sdk <> - Allocating TMU :C:\Users\germa\source\repos\Project3\Project3\VTune Profiler Results\Project3\r096hs\data.0\systemcollector-26100-DESKTOP-JB6HC7R.sc
178 [26248] INFO perfrun.launcher <> - plugin [] was disabled because it doesn't support the given collection type.
181 [26248] INFO perfrun.launcher <> - plugin [] was disabled because it doesn't support the given collection type.
181 [26248] INFO perfrun.launcher <> - plugin [gpu] was disabled because it doesn't support the given collection type.
181 [26248] INFO perfrun.launcher <> - plugin [etw.kernel] was disabled because it doesn't support the given collection type.
181 [26248] INFO perfrun.launcher <> - plugin [etw.dx] was disabled because it doesn't support the given collection type.
181 [26248] INFO perfrun.launcher <> - plugin [etw.wsa] was disabled because it doesn't support the given collection type.
181 [26248] INFO perfrun.mrte <> - system-wide mode is 0
182 [26248] INFO perfrun.mrte <> - Getting  mrte profiling environment ...
360 [26248] INFO perfrun.mrte <> - INTEL_MRTE_DATA_DIR=C:\Users\germa\source\repos\Project3\Project3\VTune Profiler Results\Project3\r096hs\data.0
360 [26248] INFO perfrun.mrte <> - INTEL_MRTE_HOST_NAME=DESKTOP-JB6HC7R
360 [26248] INFO perfrun.mrte <> - JAVA_TOOL_OPTIONS=-agentlib:amplxe_tpssmrte_javaprof_1.0
360 [26248] INFO perfrun.mrte <> - PATH=C:\Program Files (x86)\Intel\oneAPI\vtune\2023.0.0\bin32\runtime;C:\Program Files (x86)\Intel\oneAPI\vtune\2023.0.0\bin64\runtime;C:\ProgramData\Oracle\Java\javapath;C:\Windows\system32;C:\Windows;C:\Windows\System32\Wbem;C:\Windows\System32\WindowsPowerShell\v1.0\;C:\Windows\System32\OpenSSH\;C:\Program Files\NVIDIA Corporation\NVIDIA NvDLISR;C:\Program Files (x86)\NVIDIA Corporation\PhysX\Common;D:\MATLAB\bin;C:\Program Files\PuTTY\;C:\Program Files\dotnet\;C:\Program Files\ibm\gsk8\lib64;C:\Program Files (x86)\ibm\gsk8\lib;C:\WINDOWS\system32;C:\WINDOWS;C:\WINDOWS\System32\Wbem;C:\WINDOWS\System32\WindowsPowerShell\v1.0\;C:\WINDOWS\System32\OpenSSH\;C:\Program Files\Docker\Docker\resources\bin;C:\ProgramData\DockerDesktop\version-bin;C:\Program Files\Azure Data Studio\bin;C:\Program Files\Microsoft SQL Server\Client SDK\ODBC\170\Tools\Binn\;C:\Program Files (x86)\Microsoft SQL Server\150\Tools\Binn\;C:\Program Files\Microsoft SQL Server\150\Tools\Binn\;C:\Program Files\Microsoft SQL Server\150\DTS\Binn\;C:\Program Files (x86)\Microsoft SQL Server\150\DTS\Binn\;C:\Program Files (x86)\Ghdl\Bin;C:\Program Files\Git\cmd;C:\Users\germa\AppData\Local\Programs\Python\Python310\Scripts\;C:\Users\germa\AppData\Local\Programs\Python\Python310\;C:\Users\germa\AppData\Local\Microsoft\WindowsApps;C:\Users\germa\AppData\Local\Programs\MiKTeX\miktex\bin\x64\;C:\Users\germa\.dotnet\tools;C:\Users\germa\AppData\Local\Programs\Microsoft VS Code\bin;C:\eda\Ghdl\bin;C:\eda\gtkwave\bin
361 [26248] INFO perfrun.mrte <> - COR_ENABLE_PROFILING=1
361 [26248] INFO perfrun.mrte <> - COR_PROFILER={AA5E4821-E3B1-479c-B7FF-5AD047D22CED}
361 [26248] INFO perfrun.mrte <> - COMPLUS_ProfAPI_ProfilerCompatibilitySetting=EnableV2Profiler
361 [26248] INFO perfrun.mrte <> - CORECLR_ENABLE_PROFILING=1
361 [26248] INFO perfrun.mrte <> - CORECLR_PROFILER={AA5E4821-E3B1-479c-B7FF-5AD047D22CED}
361 [26248] INFO perfrun.mrte <> - CORECLR_PROFILER_PATH=C:\Program Files (x86)\Intel\oneAPI\vtune\2023.0.0\bin64/amplxe_samplingmrte_clrprof_1.0.dll
361 [26248] INFO perfrun.mrte <> - INTEL_MRTE_PROFILER_MODE=mixed
361 [26248] INFO perfrun.mrte <> - Data directory: C:\Users\germa\source\repos\Project3\Project3\VTune Profiler Results\Project3\r096hs\data.0
361 [26248] INFO perfrun.mrte <> - Mrte plugin is initialized
362 [26248] INFO perfrun.launcher <> - plugin [cuscol] was disabled because it doesn't support the given collection type.
362 [26248] INFO perfrun.launcher <> - plugin [stdsrc] was disabled because it doesn't support the given collection type.
362 [26248] INFO perfrun.launcher <> - plugin [sep] was disabled because it doesn't support the given collection type.
363 [26248] INFO perfrun.launcher <> - plugin [vtsspp] was disabled because it doesn't support the given collection type.
363 [26248] INFO perfrun.launcher <> - plugin [] was disabled because it doesn't support the given collection type.
363 [26248] INFO perfrun.launcher <> - plugin [aoclprofile] was disabled because it doesn't support the given collection type.
363 [26248] INFO perfrun.tpss <> - initialize tpss controller
363 [26248] INFO perfrun.tpss <> - configure collection mode: value = cpu:counters:nostack
363 [26248] INFO perfrun.tpss <> - configure collection mode: value = cpu:stack
363 [26248] INFO perfrun.tpss <> - default obj-size-min=1024
363 [26248] INFO perfrun.tpss <> - default hash-table-size=0
363 [26248] INFO perfrun.launcher <> - plugin [] was disabled because it doesn't support the given collection type.
363 [26248] INFO perfrun.launcher <> - plugin [] was disabled because it doesn't support the given collection type.
363 [26248] INFO perfrun.launcher <> - plugin [] was disabled because it doesn't support the given collection type.
363 [26248] INFO perfrun.launcher <> - plugin [] was disabled because it doesn't support the given collection type.
363 [26248] INFO perfrun.launcher <> - plugin [power] was disabled because it doesn't support the given collection type.
363 [26248] INFO perfrun.launcher <> - plugin [hwloc] was disabled because it doesn't support the given collection type.
363 [26248] INFO perfrun.launcher <> - plugin [ipmwatch] was disabled because it doesn't support the given collection type.
363 [26248] INFO perfrun.launcher <> - plugin [os_counters] was disabled because it doesn't support the given collection type.
363 [26248] INFO perfrun.launcher <> - plugin [l0_metrics] was disabled because it doesn't support the given collection type.
363 [26164] INFO perfrun.launcher <> - set environment variable: PATH = C:\Program Files (x86)\Intel\oneAPI\vtune\2023.0.0\bin32\runtime;C:\Program Files (x86)\Intel\oneAPI\vtune\2023.0.0\bin64\runtime;C:\ProgramData\Oracle\Java\javapath;C:\Windows\system32;C:\Windows;C:\Windows\System32\Wbem;C:\Windows\System32\WindowsPowerShell\v1.0\;C:\Windows\System32\OpenSSH\;C:\Program Files\NVIDIA Corporation\NVIDIA NvDLISR;C:\Program Files (x86)\NVIDIA Corporation\PhysX\Common;D:\MATLAB\bin;C:\Program Files\PuTTY\;C:\Program Files\dotnet\;C:\Program Files\ibm\gsk8\lib64;C:\Program Files (x86)\ibm\gsk8\lib;C:\WINDOWS\system32;C:\WINDOWS;C:\WINDOWS\System32\Wbem;C:\WINDOWS\System32\WindowsPowerShell\v1.0\;C:\WINDOWS\System32\OpenSSH\;C:\Program Files\Docker\Docker\resources\bin;C:\ProgramData\DockerDesktop\version-bin;C:\Program Files\Azure Data Studio\bin;C:\Program Files\Microsoft SQL Server\Client SDK\ODBC\170\Tools\Binn\;C:\Program Files (x86)\Microsoft SQL Server\150\Tools\Binn\;C:\Program Files\Microsoft SQL Server\150\Tools\Binn\;C:\Program Files\Microsoft SQL Server\150\DTS\Binn\;C:\Program Files (x86)\Microsoft SQL Server\150\DTS\Binn\;C:\Program Files (x86)\Ghdl\Bin;C:\Program Files\Git\cmd;C:\Users\germa\AppData\Local\Programs\Python\Python310\Scripts\;C:\Users\germa\AppData\Local\Programs\Python\Python310\;C:\Users\germa\AppData\Local\Microsoft\WindowsApps;C:\Users\germa\AppData\Local\Programs\MiKTeX\miktex\bin\x64\;C:\Users\germa\.dotnet\tools;C:\Users\germa\AppData\Local\Programs\Microsoft VS Code\bin;C:\eda\Ghdl\bin;C:\eda\gtkwave\bin
364 [26164] INFO perfrun.launcher <> - set environment variable: INTEL_LIBITTNOTIFY32 = C:\Program Files (x86)\Intel\oneAPI\vtune\2023.0.0\bin32\runtime\ittnotify_collector.dll
364 [26164] INFO perfrun.launcher <> - set environment variable: INTEL_LIBITTNOTIFY64 = C:\Program Files (x86)\Intel\oneAPI\vtune\2023.0.0\bin64\runtime\ittnotify_collector.dll
364 [26164] INFO perfrun.launcher <> - set environment variable: INTEL_ITTNOTIFY_GROUPS = 
364 [26164] INFO perfrun.launcher <> - set environment variable: INTEL_JIT_PROFILER32 = C:\Program Files (x86)\Intel\oneAPI\vtune\2023.0.0\bin32\runtime\ittnotify_collector.dll
364 [26164] INFO perfrun.launcher <> - set environment variable: INTEL_JIT_PROFILER64 = C:\Program Files (x86)\Intel\oneAPI\vtune\2023.0.0\bin64\runtime\ittnotify_collector.dll
364 [26164] INFO perfrun.launcher <> - set environment variable: OMP_TOOL_LIBRARIES = C:\Program Files (x86)\Intel\oneAPI\vtune\2023.0.0\bin32\runtime\ittnotify_collector.dll;C:\Program Files (x86)\Intel\oneAPI\vtune\2023.0.0\bin64\runtime\ittnotify_collector.dll
364 [26164] INFO perfrun.launcher <> - set environment variable: ENABLE_JITPROFILING = 1
364 [26164] INFO perfrun.launcher <> - set environment variable: CL_CONFIG_USE_VTUNE = True
365 [26164] INFO perfrun.launcher <> - set environment variable: KMP_FORKJOIN_FRAMES = 0
365 [26164] INFO perfrun.launcher <> - set environment variable: KMP_FORKJOIN_FRAMES_MODE = 0
365 [26164] INFO perfrun.launcher <> - set environment variable: OMP_TOOL = disabled
365 [26164] INFO perfrun.launcher <> - set environment variable: INTEL_MRTE_DATA_DIR = C:\Users\germa\source\repos\Project3\Project3\VTune Profiler Results\Project3\r096hs\data.0
365 [26164] INFO perfrun.launcher <> - set environment variable: INTEL_MRTE_HOST_NAME = DESKTOP-JB6HC7R
365 [26164] INFO perfrun.launcher <> - set environment variable: JAVA_TOOL_OPTIONS = -agentlib:amplxe_tpssmrte_javaprof_1.0
365 [26164] INFO perfrun.launcher <> - set environment variable: PATH = C:\Program Files (x86)\Intel\oneAPI\vtune\2023.0.0\bin32\runtime;C:\Program Files (x86)\Intel\oneAPI\vtune\2023.0.0\bin64\runtime;C:\ProgramData\Oracle\Java\javapath;C:\Windows\system32;C:\Windows;C:\Windows\System32\Wbem;C:\Windows\System32\WindowsPowerShell\v1.0\;C:\Windows\System32\OpenSSH\;C:\Program Files\NVIDIA Corporation\NVIDIA NvDLISR;C:\Program Files (x86)\NVIDIA Corporation\PhysX\Common;D:\MATLAB\bin;C:\Program Files\PuTTY\;C:\Program Files\dotnet\;C:\Program Files\ibm\gsk8\lib64;C:\Program Files (x86)\ibm\gsk8\lib;C:\WINDOWS\system32;C:\WINDOWS;C:\WINDOWS\System32\Wbem;C:\WINDOWS\System32\WindowsPowerShell\v1.0\;C:\WINDOWS\System32\OpenSSH\;C:\Program Files\Docker\Docker\resources\bin;C:\ProgramData\DockerDesktop\version-bin;C:\Program Files\Azure Data Studio\bin;C:\Program Files\Microsoft SQL Server\Client SDK\ODBC\170\Tools\Binn\;C:\Program Files (x86)\Microsoft SQL Server\150\Tools\Binn\;C:\Program Files\Microsoft SQL Server\150\Tools\Binn\;C:\Program Files\Microsoft SQL Server\150\DTS\Binn\;C:\Program Files (x86)\Microsoft SQL Server\150\DTS\Binn\;C:\Program Files (x86)\Ghdl\Bin;C:\Program Files\Git\cmd;C:\Users\germa\AppData\Local\Programs\Python\Python310\Scripts\;C:\Users\germa\AppData\Local\Programs\Python\Python310\;C:\Users\germa\AppData\Local\Microsoft\WindowsApps;C:\Users\germa\AppData\Local\Programs\MiKTeX\miktex\bin\x64\;C:\Users\germa\.dotnet\tools;C:\Users\germa\AppData\Local\Programs\Microsoft VS Code\bin;C:\eda\Ghdl\bin;C:\eda\gtkwave\bin
365 [26164] INFO perfrun.launcher <> - set environment variable: COR_ENABLE_PROFILING = 1
365 [26164] INFO perfrun.launcher <> - set environment variable: COR_PROFILER = {AA5E4821-E3B1-479c-B7FF-5AD047D22CED}
365 [26164] INFO perfrun.launcher <> - set environment variable: COMPLUS_ProfAPI_ProfilerCompatibilitySetting = EnableV2Profiler
366 [26164] INFO perfrun.launcher <> - set environment variable: CORECLR_ENABLE_PROFILING = 1
366 [26164] INFO perfrun.launcher <> - set environment variable: CORECLR_PROFILER = {AA5E4821-E3B1-479c-B7FF-5AD047D22CED}
366 [26164] INFO perfrun.launcher <> - set environment variable: CORECLR_PROFILER_PATH = C:\Program Files (x86)\Intel\oneAPI\vtune\2023.0.0\bin64/amplxe_samplingmrte_clrprof_1.0.dll
366 [26164] INFO perfrun.launcher <> - set environment variable: INTEL_MRTE_PROFILER_MODE = mixed
366 [26164] INFO perfrun.launcher <> - RpcServer: run RPC server to handle requests
372 [26164] INFO perfrun.sdk <> - IProcessUtil: the given executable 'C:\Users\germa\source\repos\Project3\Debug\Project3.exe' is valid.
372 [26164] INFO perfrun.launcher <> - Launcher: command line to start before modification = C:\Users\germa\source\repos\Project3\Debug\Project3.exe
379 [26164] INFO perfrun.launcher <> - Launcher: command line to start after modification = C:\Program Files (x86)\Intel\oneAPI\vtune\2023.0.0\bin64\pin.exe -error_file C:\Users\germa\source\repos\Project3\Project3\VTune Profiler Results\Project3\r096hs\data.0\pinerr.tpsslog -detach_reattach -probe -follow_execv -p32 C:\Program Files (x86)\Intel\oneAPI\vtune\2023.0.0\bin32\pin.exe -p64 C:\Program Files (x86)\Intel\oneAPI\vtune\2023.0.0\bin64\pin.exe -t64 C:\Program Files (x86)\Intel\oneAPI\vtune\2023.0.0\bin64\tpsstool.dll -t C:\Program Files (x86)\Intel\oneAPI\vtune\2023.0.0\bin32\tpsstool.dll -server_name tpss_ipc.26100 -prd_dir C:\Program Files (x86)\Intel\oneAPI\vtune\2023.0.0 -- C:\Users\germa\source\repos\Project3\Debug\Project3.exe
379 [26164] INFO perfrun.launcher <> - ProcessCreator object was created
396 [26164] INFO perfrun.launcher <> - Launcher: the process was started in suspend mode
396 [26248] INFO perfrun.itt <> - start itt controller for pid #26264
399 [26248] INFO perfrun.sdk <> - runCmd: "C:\Program Files (x86)\Intel\oneAPI\vtune\2023.0.0\bin64\emon.exe" -M
403 [26248] INFO perfrun.sdk <> - runCmd started PID 26272
457 [26248] INFO perfrun.sdk <> - runCmd: "C:\Program Files (x86)\Intel\oneAPI\vtune\2023.0.0\bin64\emon.exe" -v
458 [26248] INFO perfrun.sdk <> - runCmd started PID 25748
521 [26248] INFO perfrun.sdk <> - runCmd: "C:\Program Files (x86)\Intel\oneAPI\vtune\2023.0.0\bin64\sep.exe" -dry-run -ec CPU_CLK_UNHALTED.THREAD,CPU_CLK_UNHALTED.REF_TSC:sample:sa=2800000,INST_RETIRED.ANY:sample:sa=2800000,CPU_CLK_UNHALTED.DISTRIBUTED,FP_ARITH_INST_RETIRED.SCALAR_SINGLE,FP_ARITH_INST_RETIRED.128B_PACKED_SINGLE,FP_ARITH_INST_RETIRED.256B_PACKED_SINGLE,FP_ARITH_INST_RETIRED.SCALAR_DOUBLE,FP_ARITH_INST_RETIRED.128B_PACKED_DOUBLE,FP_ARITH_INST_RETIRED.256B_PACKED_DOUBLE,UOPS_EXECUTED.X87,UOPS_RETIRED.SLOTS:sample:sa=2000003,UOPS_EXECUTED.THREAD,FP_ARITH_INST_RETIRED.512B_PACKED_DOUBLE,FP_ARITH_INST_RETIRED.512B_PACKED_SINGLE,TOPDOWN.SLOTS:sample:sa=2000003 -experimental
522 [26248] INFO perfrun.sdk <> - runCmd started PID 25700
578 [26248] INFO perfrun.sdk <> - runCmd: "C:\Program Files (x86)\Intel\oneAPI\vtune\2023.0.0\bin64\emon.exe" -u -t 0.050 -l0 -A -C CPU_CLK_UNHALTED.DISTRIBUTED,CPU_CLK_UNHALTED.REF_TSC,CPU_CLK_UNHALTED.THREAD,FP_ARITH_INST_RETIRED.128B_PACKED_DOUBLE,FP_ARITH_INST_RETIRED.128B_PACKED_SINGLE,FP_ARITH_INST_RETIRED.256B_PACKED_DOUBLE,FP_ARITH_INST_RETIRED.256B_PACKED_SINGLE,FP_ARITH_INST_RETIRED.512B_PACKED_DOUBLE,FP_ARITH_INST_RETIRED.512B_PACKED_SINGLE,FP_ARITH_INST_RETIRED.SCALAR_DOUBLE,FP_ARITH_INST_RETIRED.SCALAR_SINGLE,INST_RETIRED.ANY,TOPDOWN.SLOTS,UOPS_EXECUTED.THREAD,UOPS_EXECUTED.X87,UOPS_RETIRED.SLOTS -f "C:\Users\germa\source\repos\Project3\Project3\VTune Profiler Results\Project3\r096hs\data.0\emon.0.emon" -experimental
580 [26248] INFO perfrun.sdk <> - runCmd started PID 26400
580 [26248] INFO perfrun.emon <> - Waiting trace file creation: C:\Users\germa\source\repos\Project3\Project3\VTune Profiler Results\Project3\r096hs\data.0\emon.0.emon
788 [26248] INFO perfrun.emon <> - trace file was found
788 [26248] INFO perfrun.tpss <> - start tpss controller for pid #26264
850 [26164] INFO perfrun.launcher <> - Launcher: all plugins were started
851 [26164] INFO perfrun.launcher <> - DirectoryMonitor object was created
851 [26164] INFO perfrun.launcher <> - DirectoryMonitor: a callback was added
851 [26164] INFO perfrun.launcher <> - DirectoryMonitor was started with pingTime = 1000
851 [26164] INFO perfrun.launcher <> - DeadlineTimer is going to be constructed
851 [26164] INFO perfrun.launcher <> - DeadlineTimer: a callback was added
859 [26164] INFO perfrun.launcher <> - Launcher: resume the profiled application and  wait its termination or stop command
110303 [26164] INFO perfrun.launcher <> - Launcher: the profiled application was terminated  with exit code = 0
110316 [26248] INFO perfrun.itt <> - detach itt controller
110316 [26248] INFO perfrun.itt <> - detach itt controller done
110316 [26248] INFO perfrun.sdk <> - runCmd: "C:\Program Files (x86)\Intel\oneAPI\vtune\2023.0.0\bin64\emon.exe" -stop
110318 [26248] INFO perfrun.sdk <> - runCmd started PID 25044
110534 [26248] INFO perfrun.emon <> - EMON collector successfully stopped.

110534 [26248] INFO perfrun.emon <> - Waiting for main Emon process (26400) to finish...
110534 [26248] INFO perfrun.emon <> - Main Emon process finished
110534 [26248] INFO perfrun.tpss <> - stop tpss controller
110535 [26248] INFO perfrun.sdk <> - De-allocating TMU: C:\Users\germa\source\repos\Project3\Project3\VTune Profiler Results\Project3\r096hs\data.0\systemcollector-26100-DESKTOP-JB6HC7R.sc
110555 [26248] INFO perfrun.system <> - closed the system trace file: C:\Users\germa\source\repos\Project3\Project3\VTune Profiler Results\Project3\r096hs\data.0\systemcollector-26100-DESKTOP-JB6HC7R.sc
110555 [26164] INFO perfrun.launcher <> - Launcher: all plugins were stopped.
110555 [26164] INFO perfrun.launcher <> - DeadlineTimer is going to be destroyed
110556 [26164] INFO perfrun.launcher <> - DeadlineTimer was destroyed
110556 [26164] INFO perfrun.launcher <> - DirectoryMonitor object was destroyed
110556 [26164] WARN perfrun.launcher <> - Stop command is ignored because it is received when collection is already stopped, at file: C:\BB\ANphep2w6r\b\tmp2iy5aj\vcs\perfrun1\launcher\src\command_handler.cpp:226
110557 [26164] INFO perfrun.launcher <> - Application exit code: 0
110557 [26164] INFO perfrun.launcher <> - Exit code: 0
