98 [27816] INFO perfrun.launcher <> - Launcher main begin
104 [27816] INFO perfrun.launcher <> - MessageCatalogInit finished
104 [27816] INFO perfrun.launcher <> - Launcher instance created
104 [27816] INFO perfrun.launcher <> - argc = 7; cmdline = C:\Program Files (x86)\Intel\oneAPI\vtune\2023.0.0\bin64\amplxe-runss.exe --ui-output-format xml --ui-output-fd 1316 --option-file C:\Users\germa\source\repos\Project3\Project3\VTune Profiler Results\Project3\r074hs\config\runss.options 
136 [27816] INFO perfrun.launcher <> - New signal handler callback was added
200 [27816] INFO perfrun.launcher <> - create msngr2::ICliToolContext
200 [27816] INFO perfrun.launcher <> - create file finder object
200 [27816] INFO perfrun.launcher <> - create a result directory: pattern = C:\Users\germa\source\repos\Project3\Project3\VTune Profiler Results\Project3\r074hs pid = 4294967295
209 [27816] INFO perfrun.launcher <> - create data directory = C:\Users\germa\source\repos\Project3\Project3\VTune Profiler Results\Project3\r074hs\data.0
210 [27816] INFO perfrun.launcher <> - Creating the master collection flag
220 [27816] INFO perfrun.launcher <> - Done creating the master collection flag
221 [33688] INFO perfrun.launcher <> - plugin [remoteplug] was disabled because it doesn't support the given collection type.
221 [33688] INFO perfrun.sdk <> - Allocating TMU :C:\Users\germa\source\repos\Project3\Project3\VTune Profiler Results\Project3\r074hs\data.0\systemcollector-22116-DESKTOP-JB6HC7R.sc
222 [33688] INFO perfrun.launcher <> - plugin [] was disabled because it doesn't support the given collection type.
225 [33688] INFO perfrun.launcher <> - plugin [] was disabled because it doesn't support the given collection type.
225 [33688] INFO perfrun.launcher <> - plugin [gpu] was disabled because it doesn't support the given collection type.
225 [33688] INFO perfrun.launcher <> - plugin [etw.kernel] was disabled because it doesn't support the given collection type.
225 [33688] INFO perfrun.launcher <> - plugin [etw.dx] was disabled because it doesn't support the given collection type.
225 [33688] INFO perfrun.launcher <> - plugin [etw.wsa] was disabled because it doesn't support the given collection type.
225 [33688] INFO perfrun.mrte <> - system-wide mode is 0
225 [33688] INFO perfrun.mrte <> - Getting  mrte profiling environment ...
259 [33688] INFO perfrun.mrte <> - INTEL_MRTE_DATA_DIR=C:\Users\germa\source\repos\Project3\Project3\VTune Profiler Results\Project3\r074hs\data.0
259 [33688] INFO perfrun.mrte <> - INTEL_MRTE_HOST_NAME=DESKTOP-JB6HC7R
259 [33688] INFO perfrun.mrte <> - JAVA_TOOL_OPTIONS=-agentlib:amplxe_tpssmrte_javaprof_1.0
259 [33688] INFO perfrun.mrte <> - PATH=C:\Program Files (x86)\Intel\oneAPI\vtune\2023.0.0\bin32\runtime;C:\Program Files (x86)\Intel\oneAPI\vtune\2023.0.0\bin64\runtime;C:\ProgramData\Oracle\Java\javapath;C:\Windows\system32;C:\Windows;C:\Windows\System32\Wbem;C:\Windows\System32\WindowsPowerShell\v1.0\;C:\Windows\System32\OpenSSH\;C:\Program Files\NVIDIA Corporation\NVIDIA NvDLISR;C:\Program Files (x86)\NVIDIA Corporation\PhysX\Common;D:\MATLAB\bin;C:\Program Files\PuTTY\;C:\Program Files\dotnet\;C:\Program Files\ibm\gsk8\lib64;C:\Program Files (x86)\ibm\gsk8\lib;C:\WINDOWS\system32;C:\WINDOWS;C:\WINDOWS\System32\Wbem;C:\WINDOWS\System32\WindowsPowerShell\v1.0\;C:\WINDOWS\System32\OpenSSH\;C:\Program Files\Docker\Docker\resources\bin;C:\ProgramData\DockerDesktop\version-bin;C:\Program Files\Azure Data Studio\bin;C:\Program Files\Microsoft SQL Server\Client SDK\ODBC\170\Tools\Binn\;C:\Program Files (x86)\Microsoft SQL Server\150\Tools\Binn\;C:\Program Files\Microsoft SQL Server\150\Tools\Binn\;C:\Program Files\Microsoft SQL Server\150\DTS\Binn\;C:\Program Files (x86)\Microsoft SQL Server\150\DTS\Binn\;C:\Program Files (x86)\Ghdl\Bin;C:\Program Files\Git\cmd;C:\Users\germa\AppData\Local\Programs\Python\Python310\Scripts\;C:\Users\germa\AppData\Local\Programs\Python\Python310\;C:\Users\germa\AppData\Local\Microsoft\WindowsApps;C:\Users\germa\AppData\Local\Programs\MiKTeX\miktex\bin\x64\;C:\Users\germa\.dotnet\tools;C:\Users\germa\AppData\Local\Programs\Microsoft VS Code\bin;C:\eda\Ghdl\bin;C:\eda\gtkwave\bin
259 [33688] INFO perfrun.mrte <> - COR_ENABLE_PROFILING=1
259 [33688] INFO perfrun.mrte <> - COR_PROFILER={AA5E4821-E3B1-479c-B7FF-5AD047D22CED}
259 [33688] INFO perfrun.mrte <> - COMPLUS_ProfAPI_ProfilerCompatibilitySetting=EnableV2Profiler
259 [33688] INFO perfrun.mrte <> - CORECLR_ENABLE_PROFILING=1
259 [33688] INFO perfrun.mrte <> - CORECLR_PROFILER={AA5E4821-E3B1-479c-B7FF-5AD047D22CED}
259 [33688] INFO perfrun.mrte <> - CORECLR_PROFILER_PATH=C:\Program Files (x86)\Intel\oneAPI\vtune\2023.0.0\bin64/amplxe_samplingmrte_clrprof_1.0.dll
259 [33688] INFO perfrun.mrte <> - INTEL_MRTE_PROFILER_MODE=mixed
259 [33688] INFO perfrun.mrte <> - Data directory: C:\Users\germa\source\repos\Project3\Project3\VTune Profiler Results\Project3\r074hs\data.0
259 [33688] INFO perfrun.mrte <> - Mrte plugin is initialized
259 [33688] INFO perfrun.launcher <> - plugin [cuscol] was disabled because it doesn't support the given collection type.
259 [33688] INFO perfrun.launcher <> - plugin [stdsrc] was disabled because it doesn't support the given collection type.
259 [33688] INFO perfrun.launcher <> - plugin [sep] was disabled because it doesn't support the given collection type.
259 [33688] INFO perfrun.launcher <> - plugin [vtsspp] was disabled because it doesn't support the given collection type.
259 [33688] INFO perfrun.launcher <> - plugin [] was disabled because it doesn't support the given collection type.
259 [33688] INFO perfrun.launcher <> - plugin [aoclprofile] was disabled because it doesn't support the given collection type.
259 [33688] INFO perfrun.tpss <> - initialize tpss controller
259 [33688] INFO perfrun.tpss <> - configure collection mode: value = cpu:counters:nostack
260 [33688] INFO perfrun.tpss <> - configure collection mode: value = cpu:stack
260 [33688] INFO perfrun.tpss <> - default obj-size-min=1024
260 [33688] INFO perfrun.tpss <> - default hash-table-size=0
260 [33688] INFO perfrun.launcher <> - plugin [] was disabled because it doesn't support the given collection type.
260 [33688] INFO perfrun.launcher <> - plugin [] was disabled because it doesn't support the given collection type.
260 [33688] INFO perfrun.launcher <> - plugin [] was disabled because it doesn't support the given collection type.
260 [33688] INFO perfrun.launcher <> - plugin [] was disabled because it doesn't support the given collection type.
260 [33688] INFO perfrun.launcher <> - plugin [power] was disabled because it doesn't support the given collection type.
260 [33688] INFO perfrun.launcher <> - plugin [hwloc] was disabled because it doesn't support the given collection type.
260 [33688] INFO perfrun.launcher <> - plugin [ipmwatch] was disabled because it doesn't support the given collection type.
260 [33688] INFO perfrun.launcher <> - plugin [os_counters] was disabled because it doesn't support the given collection type.
260 [33688] INFO perfrun.launcher <> - plugin [l0_metrics] was disabled because it doesn't support the given collection type.
260 [27816] INFO perfrun.launcher <> - set environment variable: PATH = C:\Program Files (x86)\Intel\oneAPI\vtune\2023.0.0\bin32\runtime;C:\Program Files (x86)\Intel\oneAPI\vtune\2023.0.0\bin64\runtime;C:\ProgramData\Oracle\Java\javapath;C:\Windows\system32;C:\Windows;C:\Windows\System32\Wbem;C:\Windows\System32\WindowsPowerShell\v1.0\;C:\Windows\System32\OpenSSH\;C:\Program Files\NVIDIA Corporation\NVIDIA NvDLISR;C:\Program Files (x86)\NVIDIA Corporation\PhysX\Common;D:\MATLAB\bin;C:\Program Files\PuTTY\;C:\Program Files\dotnet\;C:\Program Files\ibm\gsk8\lib64;C:\Program Files (x86)\ibm\gsk8\lib;C:\WINDOWS\system32;C:\WINDOWS;C:\WINDOWS\System32\Wbem;C:\WINDOWS\System32\WindowsPowerShell\v1.0\;C:\WINDOWS\System32\OpenSSH\;C:\Program Files\Docker\Docker\resources\bin;C:\ProgramData\DockerDesktop\version-bin;C:\Program Files\Azure Data Studio\bin;C:\Program Files\Microsoft SQL Server\Client SDK\ODBC\170\Tools\Binn\;C:\Program Files (x86)\Microsoft SQL Server\150\Tools\Binn\;C:\Program Files\Microsoft SQL Server\150\Tools\Binn\;C:\Program Files\Microsoft SQL Server\150\DTS\Binn\;C:\Program Files (x86)\Microsoft SQL Server\150\DTS\Binn\;C:\Program Files (x86)\Ghdl\Bin;C:\Program Files\Git\cmd;C:\Users\germa\AppData\Local\Programs\Python\Python310\Scripts\;C:\Users\germa\AppData\Local\Programs\Python\Python310\;C:\Users\germa\AppData\Local\Microsoft\WindowsApps;C:\Users\germa\AppData\Local\Programs\MiKTeX\miktex\bin\x64\;C:\Users\germa\.dotnet\tools;C:\Users\germa\AppData\Local\Programs\Microsoft VS Code\bin;C:\eda\Ghdl\bin;C:\eda\gtkwave\bin
260 [27816] INFO perfrun.launcher <> - set environment variable: INTEL_LIBITTNOTIFY32 = C:\Program Files (x86)\Intel\oneAPI\vtune\2023.0.0\bin32\runtime\ittnotify_collector.dll
260 [27816] INFO perfrun.launcher <> - set environment variable: INTEL_LIBITTNOTIFY64 = C:\Program Files (x86)\Intel\oneAPI\vtune\2023.0.0\bin64\runtime\ittnotify_collector.dll
260 [27816] INFO perfrun.launcher <> - set environment variable: INTEL_ITTNOTIFY_GROUPS = 
260 [27816] INFO perfrun.launcher <> - set environment variable: INTEL_JIT_PROFILER32 = C:\Program Files (x86)\Intel\oneAPI\vtune\2023.0.0\bin32\runtime\ittnotify_collector.dll
260 [27816] INFO perfrun.launcher <> - set environment variable: INTEL_JIT_PROFILER64 = C:\Program Files (x86)\Intel\oneAPI\vtune\2023.0.0\bin64\runtime\ittnotify_collector.dll
260 [27816] INFO perfrun.launcher <> - set environment variable: OMP_TOOL_LIBRARIES = C:\Program Files (x86)\Intel\oneAPI\vtune\2023.0.0\bin32\runtime\ittnotify_collector.dll;C:\Program Files (x86)\Intel\oneAPI\vtune\2023.0.0\bin64\runtime\ittnotify_collector.dll
260 [27816] INFO perfrun.launcher <> - set environment variable: ENABLE_JITPROFILING = 1
261 [27816] INFO perfrun.launcher <> - set environment variable: CL_CONFIG_USE_VTUNE = True
261 [27816] INFO perfrun.launcher <> - set environment variable: KMP_FORKJOIN_FRAMES = 0
261 [27816] INFO perfrun.launcher <> - set environment variable: KMP_FORKJOIN_FRAMES_MODE = 0
261 [27816] INFO perfrun.launcher <> - set environment variable: OMP_TOOL = disabled
261 [27816] INFO perfrun.launcher <> - set environment variable: INTEL_MRTE_DATA_DIR = C:\Users\germa\source\repos\Project3\Project3\VTune Profiler Results\Project3\r074hs\data.0
261 [27816] INFO perfrun.launcher <> - set environment variable: INTEL_MRTE_HOST_NAME = DESKTOP-JB6HC7R
261 [27816] INFO perfrun.launcher <> - set environment variable: JAVA_TOOL_OPTIONS = -agentlib:amplxe_tpssmrte_javaprof_1.0
261 [27816] INFO perfrun.launcher <> - set environment variable: PATH = C:\Program Files (x86)\Intel\oneAPI\vtune\2023.0.0\bin32\runtime;C:\Program Files (x86)\Intel\oneAPI\vtune\2023.0.0\bin64\runtime;C:\ProgramData\Oracle\Java\javapath;C:\Windows\system32;C:\Windows;C:\Windows\System32\Wbem;C:\Windows\System32\WindowsPowerShell\v1.0\;C:\Windows\System32\OpenSSH\;C:\Program Files\NVIDIA Corporation\NVIDIA NvDLISR;C:\Program Files (x86)\NVIDIA Corporation\PhysX\Common;D:\MATLAB\bin;C:\Program Files\PuTTY\;C:\Program Files\dotnet\;C:\Program Files\ibm\gsk8\lib64;C:\Program Files (x86)\ibm\gsk8\lib;C:\WINDOWS\system32;C:\WINDOWS;C:\WINDOWS\System32\Wbem;C:\WINDOWS\System32\WindowsPowerShell\v1.0\;C:\WINDOWS\System32\OpenSSH\;C:\Program Files\Docker\Docker\resources\bin;C:\ProgramData\DockerDesktop\version-bin;C:\Program Files\Azure Data Studio\bin;C:\Program Files\Microsoft SQL Server\Client SDK\ODBC\170\Tools\Binn\;C:\Program Files (x86)\Microsoft SQL Server\150\Tools\Binn\;C:\Program Files\Microsoft SQL Server\150\Tools\Binn\;C:\Program Files\Microsoft SQL Server\150\DTS\Binn\;C:\Program Files (x86)\Microsoft SQL Server\150\DTS\Binn\;C:\Program Files (x86)\Ghdl\Bin;C:\Program Files\Git\cmd;C:\Users\germa\AppData\Local\Programs\Python\Python310\Scripts\;C:\Users\germa\AppData\Local\Programs\Python\Python310\;C:\Users\germa\AppData\Local\Microsoft\WindowsApps;C:\Users\germa\AppData\Local\Programs\MiKTeX\miktex\bin\x64\;C:\Users\germa\.dotnet\tools;C:\Users\germa\AppData\Local\Programs\Microsoft VS Code\bin;C:\eda\Ghdl\bin;C:\eda\gtkwave\bin
261 [27816] INFO perfrun.launcher <> - set environment variable: COR_ENABLE_PROFILING = 1
261 [27816] INFO perfrun.launcher <> - set environment variable: COR_PROFILER = {AA5E4821-E3B1-479c-B7FF-5AD047D22CED}
261 [27816] INFO perfrun.launcher <> - set environment variable: COMPLUS_ProfAPI_ProfilerCompatibilitySetting = EnableV2Profiler
261 [27816] INFO perfrun.launcher <> - set environment variable: CORECLR_ENABLE_PROFILING = 1
261 [27816] INFO perfrun.launcher <> - set environment variable: CORECLR_PROFILER = {AA5E4821-E3B1-479c-B7FF-5AD047D22CED}
261 [27816] INFO perfrun.launcher <> - set environment variable: CORECLR_PROFILER_PATH = C:\Program Files (x86)\Intel\oneAPI\vtune\2023.0.0\bin64/amplxe_samplingmrte_clrprof_1.0.dll
261 [27816] INFO perfrun.launcher <> - set environment variable: INTEL_MRTE_PROFILER_MODE = mixed
261 [27816] INFO perfrun.launcher <> - RpcServer: run RPC server to handle requests
265 [27816] INFO perfrun.sdk <> - IProcessUtil: the given executable 'C:\Users\germa\source\repos\Project3\Debug\Project3.exe' is valid.
265 [27816] INFO perfrun.launcher <> - Launcher: command line to start before modification = C:\Users\germa\source\repos\Project3\Debug\Project3.exe
267 [27816] INFO perfrun.launcher <> - Launcher: command line to start after modification = C:\Program Files (x86)\Intel\oneAPI\vtune\2023.0.0\bin64\pin.exe -error_file C:\Users\germa\source\repos\Project3\Project3\VTune Profiler Results\Project3\r074hs\data.0\pinerr.tpsslog -detach_reattach -probe -follow_execv -p32 C:\Program Files (x86)\Intel\oneAPI\vtune\2023.0.0\bin32\pin.exe -p64 C:\Program Files (x86)\Intel\oneAPI\vtune\2023.0.0\bin64\pin.exe -t64 C:\Program Files (x86)\Intel\oneAPI\vtune\2023.0.0\bin64\tpsstool.dll -t C:\Program Files (x86)\Intel\oneAPI\vtune\2023.0.0\bin32\tpsstool.dll -server_name tpss_ipc.22116 -prd_dir C:\Program Files (x86)\Intel\oneAPI\vtune\2023.0.0 -- C:\Users\germa\source\repos\Project3\Debug\Project3.exe
267 [27816] INFO perfrun.launcher <> - ProcessCreator object was created
269 [27816] INFO perfrun.launcher <> - Launcher: the process was started in suspend mode
270 [33688] INFO perfrun.itt <> - start itt controller for pid #34636
272 [33688] INFO perfrun.sdk <> - runCmd: "C:\Program Files (x86)\Intel\oneAPI\vtune\2023.0.0\bin64\emon.exe" -M
275 [33688] INFO perfrun.sdk <> - runCmd started PID 16460
340 [33688] INFO perfrun.sdk <> - runCmd: "C:\Program Files (x86)\Intel\oneAPI\vtune\2023.0.0\bin64\emon.exe" -v
342 [33688] INFO perfrun.sdk <> - runCmd started PID 33588
416 [33688] INFO perfrun.sdk <> - runCmd: "C:\Program Files (x86)\Intel\oneAPI\vtune\2023.0.0\bin64\sep.exe" -dry-run -ec CPU_CLK_UNHALTED.THREAD,CPU_CLK_UNHALTED.REF_TSC:sample:sa=2800000,INST_RETIRED.ANY:sample:sa=2800000,CPU_CLK_UNHALTED.DISTRIBUTED,FP_ARITH_INST_RETIRED.SCALAR_SINGLE,FP_ARITH_INST_RETIRED.128B_PACKED_SINGLE,FP_ARITH_INST_RETIRED.256B_PACKED_SINGLE,FP_ARITH_INST_RETIRED.SCALAR_DOUBLE,FP_ARITH_INST_RETIRED.128B_PACKED_DOUBLE,FP_ARITH_INST_RETIRED.256B_PACKED_DOUBLE,UOPS_EXECUTED.X87,UOPS_RETIRED.SLOTS:sample:sa=2000003,UOPS_EXECUTED.THREAD,FP_ARITH_INST_RETIRED.512B_PACKED_DOUBLE,FP_ARITH_INST_RETIRED.512B_PACKED_SINGLE,TOPDOWN.SLOTS:sample:sa=2000003 -experimental
418 [33688] INFO perfrun.sdk <> - runCmd started PID 21232
526 [33688] INFO perfrun.sdk <> - runCmd: "C:\Program Files (x86)\Intel\oneAPI\vtune\2023.0.0\bin64\emon.exe" -u -t 0.050 -l0 -A -C CPU_CLK_UNHALTED.DISTRIBUTED,CPU_CLK_UNHALTED.REF_TSC,CPU_CLK_UNHALTED.THREAD,FP_ARITH_INST_RETIRED.128B_PACKED_DOUBLE,FP_ARITH_INST_RETIRED.128B_PACKED_SINGLE,FP_ARITH_INST_RETIRED.256B_PACKED_DOUBLE,FP_ARITH_INST_RETIRED.256B_PACKED_SINGLE,FP_ARITH_INST_RETIRED.512B_PACKED_DOUBLE,FP_ARITH_INST_RETIRED.512B_PACKED_SINGLE,FP_ARITH_INST_RETIRED.SCALAR_DOUBLE,FP_ARITH_INST_RETIRED.SCALAR_SINGLE,INST_RETIRED.ANY,TOPDOWN.SLOTS,UOPS_EXECUTED.THREAD,UOPS_EXECUTED.X87,UOPS_RETIRED.SLOTS -f "C:\Users\germa\source\repos\Project3\Project3\VTune Profiler Results\Project3\r074hs\data.0\emon.0.emon" -experimental
530 [33688] INFO perfrun.sdk <> - runCmd started PID 33344
530 [33688] INFO perfrun.emon <> - Waiting trace file creation: C:\Users\germa\source\repos\Project3\Project3\VTune Profiler Results\Project3\r074hs\data.0\emon.0.emon
734 [33688] INFO perfrun.emon <> - trace file was found
734 [33688] INFO perfrun.tpss <> - start tpss controller for pid #34636
795 [27816] INFO perfrun.launcher <> - Launcher: all plugins were started
795 [27816] INFO perfrun.launcher <> - DirectoryMonitor object was created
795 [27816] INFO perfrun.launcher <> - DirectoryMonitor: a callback was added
795 [27816] INFO perfrun.launcher <> - DirectoryMonitor was started with pingTime = 1000
795 [27816] INFO perfrun.launcher <> - DeadlineTimer is going to be constructed
796 [27816] INFO perfrun.launcher <> - DeadlineTimer: a callback was added
808 [27816] INFO perfrun.launcher <> - Launcher: resume the profiled application and  wait its termination or stop command
7233 [27816] INFO perfrun.launcher <> - Launcher: the profiled application was terminated  with exit code = 0
7240 [33688] INFO perfrun.itt <> - detach itt controller
7240 [33688] INFO perfrun.itt <> - detach itt controller done
7240 [33688] INFO perfrun.sdk <> - runCmd: "C:\Program Files (x86)\Intel\oneAPI\vtune\2023.0.0\bin64\emon.exe" -stop
7242 [33688] INFO perfrun.sdk <> - runCmd started PID 30812
7413 [33688] INFO perfrun.emon <> - EMON collector successfully stopped.

7413 [33688] INFO perfrun.emon <> - Waiting for main Emon process (33344) to finish...
7413 [33688] INFO perfrun.emon <> - Main Emon process finished
7413 [33688] INFO perfrun.tpss <> - stop tpss controller
7414 [33688] INFO perfrun.sdk <> - De-allocating TMU: C:\Users\germa\source\repos\Project3\Project3\VTune Profiler Results\Project3\r074hs\data.0\systemcollector-22116-DESKTOP-JB6HC7R.sc
7435 [33688] INFO perfrun.system <> - closed the system trace file: C:\Users\germa\source\repos\Project3\Project3\VTune Profiler Results\Project3\r074hs\data.0\systemcollector-22116-DESKTOP-JB6HC7R.sc
7435 [27816] INFO perfrun.launcher <> - Launcher: all plugins were stopped.
7435 [27816] INFO perfrun.launcher <> - DeadlineTimer is going to be destroyed
7435 [27816] INFO perfrun.launcher <> - DeadlineTimer was destroyed
7435 [27816] INFO perfrun.launcher <> - DirectoryMonitor object was destroyed
7436 [27816] WARN perfrun.launcher <> - Stop command is ignored because it is received when collection is already stopped, at file: C:\BB\ANphep2w6r\b\tmp2iy5aj\vcs\perfrun1\launcher\src\command_handler.cpp:226
7436 [27816] INFO perfrun.launcher <> - Application exit code: 0
7436 [27816] INFO perfrun.launcher <> - Exit code: 0
