75 [26312] INFO perfrun.launcher <> - Launcher main begin
79 [26312] INFO perfrun.launcher <> - MessageCatalogInit finished
79 [26312] INFO perfrun.launcher <> - Launcher instance created
79 [26312] INFO perfrun.launcher <> - argc = 7; cmdline = C:\Program Files (x86)\Intel\oneAPI\vtune\2023.0.0\bin64\amplxe-runss.exe --ui-output-format xml --ui-output-fd 1212 --option-file C:\Users\germa\source\repos\Project3\Project3\VTune Profiler Results\Project3\r031hs\config\runss.options 
123 [26312] INFO perfrun.launcher <> - New signal handler callback was added
161 [26312] INFO perfrun.launcher <> - create msngr2::ICliToolContext
162 [26312] INFO perfrun.launcher <> - create file finder object
162 [26312] INFO perfrun.launcher <> - create a result directory: pattern = C:\Users\germa\source\repos\Project3\Project3\VTune Profiler Results\Project3\r031hs pid = 4294967295
166 [26312] INFO perfrun.launcher <> - create data directory = C:\Users\germa\source\repos\Project3\Project3\VTune Profiler Results\Project3\r031hs\data.0
167 [26312] INFO perfrun.launcher <> - Creating the master collection flag
174 [26312] INFO perfrun.launcher <> - Done creating the master collection flag
174 [34432] INFO perfrun.launcher <> - plugin [remoteplug] was disabled because it doesn't support the given collection type.
174 [34432] INFO perfrun.sdk <> - Allocating TMU :C:\Users\germa\source\repos\Project3\Project3\VTune Profiler Results\Project3\r031hs\data.0\systemcollector-26300-DESKTOP-JB6HC7R.sc
175 [34432] INFO perfrun.launcher <> - plugin [] was disabled because it doesn't support the given collection type.
176 [34432] INFO perfrun.launcher <> - plugin [] was disabled because it doesn't support the given collection type.
176 [34432] INFO perfrun.launcher <> - plugin [gpu] was disabled because it doesn't support the given collection type.
176 [34432] INFO perfrun.launcher <> - plugin [etw.kernel] was disabled because it doesn't support the given collection type.
176 [34432] INFO perfrun.launcher <> - plugin [etw.dx] was disabled because it doesn't support the given collection type.
176 [34432] INFO perfrun.launcher <> - plugin [etw.wsa] was disabled because it doesn't support the given collection type.
176 [34432] INFO perfrun.mrte <> - system-wide mode is 0
177 [34432] INFO perfrun.mrte <> - Getting  mrte profiling environment ...
200 [34432] INFO perfrun.mrte <> - INTEL_MRTE_DATA_DIR=C:\Users\germa\source\repos\Project3\Project3\VTune Profiler Results\Project3\r031hs\data.0
200 [34432] INFO perfrun.mrte <> - INTEL_MRTE_HOST_NAME=DESKTOP-JB6HC7R
200 [34432] INFO perfrun.mrte <> - JAVA_TOOL_OPTIONS=-agentlib:amplxe_tpssmrte_javaprof_1.0
200 [34432] INFO perfrun.mrte <> - PATH=C:\Program Files (x86)\Intel\oneAPI\vtune\2023.0.0\bin32\runtime;C:\Program Files (x86)\Intel\oneAPI\vtune\2023.0.0\bin64\runtime;C:\ProgramData\Oracle\Java\javapath;C:\Windows\system32;C:\Windows;C:\Windows\System32\Wbem;C:\Windows\System32\WindowsPowerShell\v1.0\;C:\Windows\System32\OpenSSH\;C:\Program Files\NVIDIA Corporation\NVIDIA NvDLISR;C:\Program Files (x86)\NVIDIA Corporation\PhysX\Common;D:\MATLAB\bin;C:\Program Files\PuTTY\;C:\Program Files\dotnet\;C:\Program Files\ibm\gsk8\lib64;C:\Program Files (x86)\ibm\gsk8\lib;C:\WINDOWS\system32;C:\WINDOWS;C:\WINDOWS\System32\Wbem;C:\WINDOWS\System32\WindowsPowerShell\v1.0\;C:\WINDOWS\System32\OpenSSH\;C:\Program Files\Docker\Docker\resources\bin;C:\ProgramData\DockerDesktop\version-bin;C:\Program Files\Azure Data Studio\bin;C:\Program Files\Microsoft SQL Server\Client SDK\ODBC\170\Tools\Binn\;C:\Program Files (x86)\Microsoft SQL Server\150\Tools\Binn\;C:\Program Files\Microsoft SQL Server\150\Tools\Binn\;C:\Program Files\Microsoft SQL Server\150\DTS\Binn\;C:\Program Files (x86)\Microsoft SQL Server\150\DTS\Binn\;C:\Program Files (x86)\Ghdl\Bin;C:\Program Files\Git\cmd;C:\Users\germa\AppData\Local\Programs\Python\Python310\Scripts\;C:\Users\germa\AppData\Local\Programs\Python\Python310\;C:\Users\germa\AppData\Local\Microsoft\WindowsApps;C:\Users\germa\AppData\Local\Programs\MiKTeX\miktex\bin\x64\;C:\Users\germa\.dotnet\tools;C:\Users\germa\AppData\Local\Programs\Microsoft VS Code\bin;C:\eda\Ghdl\bin;C:\eda\gtkwave\bin
200 [34432] INFO perfrun.mrte <> - COR_ENABLE_PROFILING=1
200 [34432] INFO perfrun.mrte <> - COR_PROFILER={AA5E4821-E3B1-479c-B7FF-5AD047D22CED}
200 [34432] INFO perfrun.mrte <> - COMPLUS_ProfAPI_ProfilerCompatibilitySetting=EnableV2Profiler
200 [34432] INFO perfrun.mrte <> - CORECLR_ENABLE_PROFILING=1
200 [34432] INFO perfrun.mrte <> - CORECLR_PROFILER={AA5E4821-E3B1-479c-B7FF-5AD047D22CED}
200 [34432] INFO perfrun.mrte <> - CORECLR_PROFILER_PATH=C:\Program Files (x86)\Intel\oneAPI\vtune\2023.0.0\bin64/amplxe_samplingmrte_clrprof_1.0.dll
200 [34432] INFO perfrun.mrte <> - INTEL_MRTE_PROFILER_MODE=mixed
200 [34432] INFO perfrun.mrte <> - Data directory: C:\Users\germa\source\repos\Project3\Project3\VTune Profiler Results\Project3\r031hs\data.0
200 [34432] INFO perfrun.mrte <> - Mrte plugin is initialized
200 [34432] INFO perfrun.launcher <> - plugin [cuscol] was disabled because it doesn't support the given collection type.
200 [34432] INFO perfrun.launcher <> - plugin [stdsrc] was disabled because it doesn't support the given collection type.
200 [34432] INFO perfrun.launcher <> - plugin [sep] was disabled because it doesn't support the given collection type.
200 [34432] INFO perfrun.launcher <> - plugin [vtsspp] was disabled because it doesn't support the given collection type.
200 [34432] INFO perfrun.launcher <> - plugin [] was disabled because it doesn't support the given collection type.
200 [34432] INFO perfrun.launcher <> - plugin [aoclprofile] was disabled because it doesn't support the given collection type.
200 [34432] INFO perfrun.tpss <> - initialize tpss controller
200 [34432] INFO perfrun.tpss <> - configure collection mode: value = cpu:counters:nostack
201 [34432] INFO perfrun.tpss <> - configure collection mode: value = cpu:stack
201 [34432] INFO perfrun.tpss <> - default obj-size-min=1024
201 [34432] INFO perfrun.tpss <> - default hash-table-size=0
201 [34432] INFO perfrun.launcher <> - plugin [] was disabled because it doesn't support the given collection type.
201 [34432] INFO perfrun.launcher <> - plugin [] was disabled because it doesn't support the given collection type.
201 [34432] INFO perfrun.launcher <> - plugin [] was disabled because it doesn't support the given collection type.
201 [34432] INFO perfrun.launcher <> - plugin [] was disabled because it doesn't support the given collection type.
201 [34432] INFO perfrun.launcher <> - plugin [power] was disabled because it doesn't support the given collection type.
201 [34432] INFO perfrun.launcher <> - plugin [hwloc] was disabled because it doesn't support the given collection type.
201 [34432] INFO perfrun.launcher <> - plugin [ipmwatch] was disabled because it doesn't support the given collection type.
201 [34432] INFO perfrun.launcher <> - plugin [os_counters] was disabled because it doesn't support the given collection type.
201 [34432] INFO perfrun.launcher <> - plugin [l0_metrics] was disabled because it doesn't support the given collection type.
201 [26312] INFO perfrun.launcher <> - set environment variable: PATH = C:\Program Files (x86)\Intel\oneAPI\vtune\2023.0.0\bin32\runtime;C:\Program Files (x86)\Intel\oneAPI\vtune\2023.0.0\bin64\runtime;C:\ProgramData\Oracle\Java\javapath;C:\Windows\system32;C:\Windows;C:\Windows\System32\Wbem;C:\Windows\System32\WindowsPowerShell\v1.0\;C:\Windows\System32\OpenSSH\;C:\Program Files\NVIDIA Corporation\NVIDIA NvDLISR;C:\Program Files (x86)\NVIDIA Corporation\PhysX\Common;D:\MATLAB\bin;C:\Program Files\PuTTY\;C:\Program Files\dotnet\;C:\Program Files\ibm\gsk8\lib64;C:\Program Files (x86)\ibm\gsk8\lib;C:\WINDOWS\system32;C:\WINDOWS;C:\WINDOWS\System32\Wbem;C:\WINDOWS\System32\WindowsPowerShell\v1.0\;C:\WINDOWS\System32\OpenSSH\;C:\Program Files\Docker\Docker\resources\bin;C:\ProgramData\DockerDesktop\version-bin;C:\Program Files\Azure Data Studio\bin;C:\Program Files\Microsoft SQL Server\Client SDK\ODBC\170\Tools\Binn\;C:\Program Files (x86)\Microsoft SQL Server\150\Tools\Binn\;C:\Program Files\Microsoft SQL Server\150\Tools\Binn\;C:\Program Files\Microsoft SQL Server\150\DTS\Binn\;C:\Program Files (x86)\Microsoft SQL Server\150\DTS\Binn\;C:\Program Files (x86)\Ghdl\Bin;C:\Program Files\Git\cmd;C:\Users\germa\AppData\Local\Programs\Python\Python310\Scripts\;C:\Users\germa\AppData\Local\Programs\Python\Python310\;C:\Users\germa\AppData\Local\Microsoft\WindowsApps;C:\Users\germa\AppData\Local\Programs\MiKTeX\miktex\bin\x64\;C:\Users\germa\.dotnet\tools;C:\Users\germa\AppData\Local\Programs\Microsoft VS Code\bin;C:\eda\Ghdl\bin;C:\eda\gtkwave\bin
201 [26312] INFO perfrun.launcher <> - set environment variable: INTEL_LIBITTNOTIFY32 = C:\Program Files (x86)\Intel\oneAPI\vtune\2023.0.0\bin32\runtime\ittnotify_collector.dll
201 [26312] INFO perfrun.launcher <> - set environment variable: INTEL_LIBITTNOTIFY64 = C:\Program Files (x86)\Intel\oneAPI\vtune\2023.0.0\bin64\runtime\ittnotify_collector.dll
202 [26312] INFO perfrun.launcher <> - set environment variable: INTEL_ITTNOTIFY_GROUPS = 
202 [26312] INFO perfrun.launcher <> - set environment variable: INTEL_JIT_PROFILER32 = C:\Program Files (x86)\Intel\oneAPI\vtune\2023.0.0\bin32\runtime\ittnotify_collector.dll
202 [26312] INFO perfrun.launcher <> - set environment variable: INTEL_JIT_PROFILER64 = C:\Program Files (x86)\Intel\oneAPI\vtune\2023.0.0\bin64\runtime\ittnotify_collector.dll
202 [26312] INFO perfrun.launcher <> - set environment variable: OMP_TOOL_LIBRARIES = C:\Program Files (x86)\Intel\oneAPI\vtune\2023.0.0\bin32\runtime\ittnotify_collector.dll;C:\Program Files (x86)\Intel\oneAPI\vtune\2023.0.0\bin64\runtime\ittnotify_collector.dll
202 [26312] INFO perfrun.launcher <> - set environment variable: ENABLE_JITPROFILING = 1
202 [26312] INFO perfrun.launcher <> - set environment variable: CL_CONFIG_USE_VTUNE = True
202 [26312] INFO perfrun.launcher <> - set environment variable: KMP_FORKJOIN_FRAMES = 0
202 [26312] INFO perfrun.launcher <> - set environment variable: KMP_FORKJOIN_FRAMES_MODE = 0
202 [26312] INFO perfrun.launcher <> - set environment variable: OMP_TOOL = disabled
202 [26312] INFO perfrun.launcher <> - set environment variable: INTEL_MRTE_DATA_DIR = C:\Users\germa\source\repos\Project3\Project3\VTune Profiler Results\Project3\r031hs\data.0
202 [26312] INFO perfrun.launcher <> - set environment variable: INTEL_MRTE_HOST_NAME = DESKTOP-JB6HC7R
203 [26312] INFO perfrun.launcher <> - set environment variable: JAVA_TOOL_OPTIONS = -agentlib:amplxe_tpssmrte_javaprof_1.0
203 [26312] INFO perfrun.launcher <> - set environment variable: PATH = C:\Program Files (x86)\Intel\oneAPI\vtune\2023.0.0\bin32\runtime;C:\Program Files (x86)\Intel\oneAPI\vtune\2023.0.0\bin64\runtime;C:\ProgramData\Oracle\Java\javapath;C:\Windows\system32;C:\Windows;C:\Windows\System32\Wbem;C:\Windows\System32\WindowsPowerShell\v1.0\;C:\Windows\System32\OpenSSH\;C:\Program Files\NVIDIA Corporation\NVIDIA NvDLISR;C:\Program Files (x86)\NVIDIA Corporation\PhysX\Common;D:\MATLAB\bin;C:\Program Files\PuTTY\;C:\Program Files\dotnet\;C:\Program Files\ibm\gsk8\lib64;C:\Program Files (x86)\ibm\gsk8\lib;C:\WINDOWS\system32;C:\WINDOWS;C:\WINDOWS\System32\Wbem;C:\WINDOWS\System32\WindowsPowerShell\v1.0\;C:\WINDOWS\System32\OpenSSH\;C:\Program Files\Docker\Docker\resources\bin;C:\ProgramData\DockerDesktop\version-bin;C:\Program Files\Azure Data Studio\bin;C:\Program Files\Microsoft SQL Server\Client SDK\ODBC\170\Tools\Binn\;C:\Program Files (x86)\Microsoft SQL Server\150\Tools\Binn\;C:\Program Files\Microsoft SQL Server\150\Tools\Binn\;C:\Program Files\Microsoft SQL Server\150\DTS\Binn\;C:\Program Files (x86)\Microsoft SQL Server\150\DTS\Binn\;C:\Program Files (x86)\Ghdl\Bin;C:\Program Files\Git\cmd;C:\Users\germa\AppData\Local\Programs\Python\Python310\Scripts\;C:\Users\germa\AppData\Local\Programs\Python\Python310\;C:\Users\germa\AppData\Local\Microsoft\WindowsApps;C:\Users\germa\AppData\Local\Programs\MiKTeX\miktex\bin\x64\;C:\Users\germa\.dotnet\tools;C:\Users\germa\AppData\Local\Programs\Microsoft VS Code\bin;C:\eda\Ghdl\bin;C:\eda\gtkwave\bin
203 [26312] INFO perfrun.launcher <> - set environment variable: COR_ENABLE_PROFILING = 1
203 [26312] INFO perfrun.launcher <> - set environment variable: COR_PROFILER = {AA5E4821-E3B1-479c-B7FF-5AD047D22CED}
203 [26312] INFO perfrun.launcher <> - set environment variable: COMPLUS_ProfAPI_ProfilerCompatibilitySetting = EnableV2Profiler
203 [26312] INFO perfrun.launcher <> - set environment variable: CORECLR_ENABLE_PROFILING = 1
203 [26312] INFO perfrun.launcher <> - set environment variable: CORECLR_PROFILER = {AA5E4821-E3B1-479c-B7FF-5AD047D22CED}
203 [26312] INFO perfrun.launcher <> - set environment variable: CORECLR_PROFILER_PATH = C:\Program Files (x86)\Intel\oneAPI\vtune\2023.0.0\bin64/amplxe_samplingmrte_clrprof_1.0.dll
203 [26312] INFO perfrun.launcher <> - set environment variable: INTEL_MRTE_PROFILER_MODE = mixed
203 [26312] INFO perfrun.launcher <> - RpcServer: run RPC server to handle requests
207 [26312] INFO perfrun.sdk <> - IProcessUtil: the given executable 'C:\Users\germa\source\repos\Project3\Debug\Project3.exe' is valid.
207 [26312] INFO perfrun.launcher <> - Launcher: command line to start before modification = C:\Users\germa\source\repos\Project3\Debug\Project3.exe
209 [26312] INFO perfrun.launcher <> - Launcher: command line to start after modification = C:\Program Files (x86)\Intel\oneAPI\vtune\2023.0.0\bin64\pin.exe -error_file C:\Users\germa\source\repos\Project3\Project3\VTune Profiler Results\Project3\r031hs\data.0\pinerr.tpsslog -detach_reattach -probe -follow_execv -p32 C:\Program Files (x86)\Intel\oneAPI\vtune\2023.0.0\bin32\pin.exe -p64 C:\Program Files (x86)\Intel\oneAPI\vtune\2023.0.0\bin64\pin.exe -t64 C:\Program Files (x86)\Intel\oneAPI\vtune\2023.0.0\bin64\tpsstool.dll -t C:\Program Files (x86)\Intel\oneAPI\vtune\2023.0.0\bin32\tpsstool.dll -server_name tpss_ipc.26300 -prd_dir C:\Program Files (x86)\Intel\oneAPI\vtune\2023.0.0 -- C:\Users\germa\source\repos\Project3\Debug\Project3.exe
210 [26312] INFO perfrun.launcher <> - ProcessCreator object was created
212 [26312] INFO perfrun.launcher <> - Launcher: the process was started in suspend mode
213 [34432] INFO perfrun.itt <> - start itt controller for pid #17728
216 [34432] INFO perfrun.sdk <> - runCmd: "C:\Program Files (x86)\Intel\oneAPI\vtune\2023.0.0\bin64\emon.exe" -M
219 [34432] INFO perfrun.sdk <> - runCmd started PID 15824
262 [34432] INFO perfrun.sdk <> - runCmd: "C:\Program Files (x86)\Intel\oneAPI\vtune\2023.0.0\bin64\emon.exe" -v
264 [34432] INFO perfrun.sdk <> - runCmd started PID 22980
318 [34432] INFO perfrun.sdk <> - runCmd: "C:\Program Files (x86)\Intel\oneAPI\vtune\2023.0.0\bin64\sep.exe" -dry-run -ec CPU_CLK_UNHALTED.THREAD,CPU_CLK_UNHALTED.REF_TSC:sample:sa=2800000,INST_RETIRED.ANY:sample:sa=2800000,CPU_CLK_UNHALTED.DISTRIBUTED,FP_ARITH_INST_RETIRED.SCALAR_SINGLE,FP_ARITH_INST_RETIRED.128B_PACKED_SINGLE,FP_ARITH_INST_RETIRED.256B_PACKED_SINGLE,FP_ARITH_INST_RETIRED.SCALAR_DOUBLE,FP_ARITH_INST_RETIRED.128B_PACKED_DOUBLE,FP_ARITH_INST_RETIRED.256B_PACKED_DOUBLE,UOPS_EXECUTED.X87,UOPS_RETIRED.SLOTS:sample:sa=2000003,UOPS_EXECUTED.THREAD,FP_ARITH_INST_RETIRED.512B_PACKED_DOUBLE,FP_ARITH_INST_RETIRED.512B_PACKED_SINGLE,TOPDOWN.SLOTS:sample:sa=2000003 -experimental
320 [34432] INFO perfrun.sdk <> - runCmd started PID 28868
375 [34432] INFO perfrun.sdk <> - runCmd: "C:\Program Files (x86)\Intel\oneAPI\vtune\2023.0.0\bin64\emon.exe" -u -t 0.050 -l0 -A -C CPU_CLK_UNHALTED.DISTRIBUTED,CPU_CLK_UNHALTED.REF_TSC,CPU_CLK_UNHALTED.THREAD,FP_ARITH_INST_RETIRED.128B_PACKED_DOUBLE,FP_ARITH_INST_RETIRED.128B_PACKED_SINGLE,FP_ARITH_INST_RETIRED.256B_PACKED_DOUBLE,FP_ARITH_INST_RETIRED.256B_PACKED_SINGLE,FP_ARITH_INST_RETIRED.512B_PACKED_DOUBLE,FP_ARITH_INST_RETIRED.512B_PACKED_SINGLE,FP_ARITH_INST_RETIRED.SCALAR_DOUBLE,FP_ARITH_INST_RETIRED.SCALAR_SINGLE,INST_RETIRED.ANY,TOPDOWN.SLOTS,UOPS_EXECUTED.THREAD,UOPS_EXECUTED.X87,UOPS_RETIRED.SLOTS -f "C:\Users\germa\source\repos\Project3\Project3\VTune Profiler Results\Project3\r031hs\data.0\emon.0.emon" -experimental
376 [34432] INFO perfrun.sdk <> - runCmd started PID 21672
377 [34432] INFO perfrun.emon <> - Waiting trace file creation: C:\Users\germa\source\repos\Project3\Project3\VTune Profiler Results\Project3\r031hs\data.0\emon.0.emon
587 [34432] INFO perfrun.emon <> - trace file was found
587 [34432] INFO perfrun.tpss <> - start tpss controller for pid #17728
647 [26312] INFO perfrun.launcher <> - Launcher: all plugins were started
648 [26312] INFO perfrun.launcher <> - DirectoryMonitor object was created
648 [26312] INFO perfrun.launcher <> - DirectoryMonitor: a callback was added
648 [26312] INFO perfrun.launcher <> - DirectoryMonitor was started with pingTime = 1000
648 [26312] INFO perfrun.launcher <> - DeadlineTimer is going to be constructed
649 [26312] INFO perfrun.launcher <> - DeadlineTimer: a callback was added
660 [26312] INFO perfrun.launcher <> - Launcher: resume the profiled application and  wait its termination or stop command
4786 [26312] INFO perfrun.launcher <> - Launcher: the profiled application was terminated  with exit code = 0
4792 [34432] INFO perfrun.itt <> - detach itt controller
4793 [34432] INFO perfrun.itt <> - detach itt controller done
4793 [34432] INFO perfrun.sdk <> - runCmd: "C:\Program Files (x86)\Intel\oneAPI\vtune\2023.0.0\bin64\emon.exe" -stop
4794 [34432] INFO perfrun.sdk <> - runCmd started PID 43276
5001 [34432] INFO perfrun.emon <> - EMON collector successfully stopped.

5001 [34432] INFO perfrun.emon <> - Waiting for main Emon process (21672) to finish...
5001 [34432] INFO perfrun.emon <> - Main Emon process finished
5001 [34432] INFO perfrun.tpss <> - stop tpss controller
5002 [34432] INFO perfrun.sdk <> - De-allocating TMU: C:\Users\germa\source\repos\Project3\Project3\VTune Profiler Results\Project3\r031hs\data.0\systemcollector-26300-DESKTOP-JB6HC7R.sc
5023 [34432] INFO perfrun.system <> - closed the system trace file: C:\Users\germa\source\repos\Project3\Project3\VTune Profiler Results\Project3\r031hs\data.0\systemcollector-26300-DESKTOP-JB6HC7R.sc
5023 [26312] INFO perfrun.launcher <> - Launcher: all plugins were stopped.
5024 [26312] INFO perfrun.launcher <> - DeadlineTimer is going to be destroyed
5024 [26312] INFO perfrun.launcher <> - DeadlineTimer was destroyed
5024 [26312] INFO perfrun.launcher <> - DirectoryMonitor object was destroyed
5024 [26312] WARN perfrun.launcher <> - Stop command is ignored because it is received when collection is already stopped, at file: C:\BB\ANphep2w6r\b\tmp2iy5aj\vcs\perfrun1\launcher\src\command_handler.cpp:226
5025 [26312] INFO perfrun.launcher <> - Application exit code: 0
5025 [26312] INFO perfrun.launcher <> - Exit code: 0
