71 [40660] INFO perfrun.launcher <> - Launcher main begin
76 [40660] INFO perfrun.launcher <> - MessageCatalogInit finished
76 [40660] INFO perfrun.launcher <> - Launcher instance created
76 [40660] INFO perfrun.launcher <> - argc = 7; cmdline = C:\Program Files (x86)\Intel\oneAPI\vtune\2023.0.0\bin64\amplxe-runss.exe --ui-output-format xml --ui-output-fd 664 --option-file C:\Users\germa\source\repos\Project3\Project3\VTune Profiler Results\Project3\r044hpc\config\runsa.options 
123 [40660] INFO perfrun.launcher <> - New signal handler callback was added
173 [40660] INFO perfrun.launcher <> - create msngr2::ICliToolContext
174 [40660] INFO perfrun.launcher <> - create file finder object
174 [40660] INFO perfrun.launcher <> - create a result directory: pattern = C:\Users\germa\source\repos\Project3\Project3\VTune Profiler Results\Project3\r044hpc pid = 4294967295
182 [40660] INFO perfrun.launcher <> - create data directory = C:\Users\germa\source\repos\Project3\Project3\VTune Profiler Results\Project3\r044hpc\data.0
183 [40660] INFO perfrun.launcher <> - Creating the master collection flag
192 [40660] INFO perfrun.launcher <> - Done creating the master collection flag
192 [3364] INFO perfrun.launcher <> - plugin [remoteplug] was disabled because it doesn't support the given collection type.
192 [3364] INFO perfrun.sdk <> - Allocating TMU :C:\Users\germa\source\repos\Project3\Project3\VTune Profiler Results\Project3\r044hpc\data.0\systemcollector-42064-DESKTOP-JB6HC7R.sc
193 [3364] INFO perfrun.launcher <> - plugin [] was disabled because it doesn't support the given collection type.
195 [3364] INFO perfrun.launcher <> - plugin [] was disabled because it doesn't support the given collection type.
195 [3364] INFO perfrun.gpu <> - Event consumer configurations: 
201 [3364] INFO perfrun.gpu <> - DeviceInfo: address 0:0:2.0 subdevice index 0 preset 2 sampling interval 1000us
201 [3364] INFO perfrun.launcher <> - plugin [etw.kernel] was disabled because it doesn't support the given collection type.
201 [3364] INFO perfrun.launcher <> - plugin [etw.dx] was disabled because it doesn't support the given collection type.
201 [3364] INFO perfrun.launcher <> - plugin [etw.wsa] was disabled because it doesn't support the given collection type.
201 [3364] INFO perfrun.mrte <> - system-wide mode is 0
201 [3364] INFO perfrun.mrte <> - Getting  mrte profiling environment ...
221 [3364] INFO perfrun.mrte <> - INTEL_MRTE_DATA_DIR=C:\Users\germa\source\repos\Project3\Project3\VTune Profiler Results\Project3\r044hpc\data.0
221 [3364] INFO perfrun.mrte <> - INTEL_MRTE_HOST_NAME=DESKTOP-JB6HC7R
221 [3364] INFO perfrun.mrte <> - JAVA_TOOL_OPTIONS=-agentlib:amplxe_samplingmrte_javaprof_1.0
221 [3364] INFO perfrun.mrte <> - PATH=C:\Program Files (x86)\Intel\oneAPI\vtune\2023.0.0\bin32\runtime;C:\Program Files (x86)\Intel\oneAPI\vtune\2023.0.0\bin64\runtime;C:\ProgramData\Oracle\Java\javapath;C:\Windows\system32;C:\Windows;C:\Windows\System32\Wbem;C:\Windows\System32\WindowsPowerShell\v1.0\;C:\Windows\System32\OpenSSH\;C:\Program Files\NVIDIA Corporation\NVIDIA NvDLISR;C:\Program Files (x86)\NVIDIA Corporation\PhysX\Common;D:\MATLAB\bin;C:\Program Files\PuTTY\;C:\Program Files\dotnet\;C:\Program Files\ibm\gsk8\lib64;C:\Program Files (x86)\ibm\gsk8\lib;C:\WINDOWS\system32;C:\WINDOWS;C:\WINDOWS\System32\Wbem;C:\WINDOWS\System32\WindowsPowerShell\v1.0\;C:\WINDOWS\System32\OpenSSH\;C:\Program Files\Docker\Docker\resources\bin;C:\ProgramData\DockerDesktop\version-bin;C:\Program Files\Azure Data Studio\bin;C:\Program Files\Microsoft SQL Server\Client SDK\ODBC\170\Tools\Binn\;C:\Program Files (x86)\Microsoft SQL Server\150\Tools\Binn\;C:\Program Files\Microsoft SQL Server\150\Tools\Binn\;C:\Program Files\Microsoft SQL Server\150\DTS\Binn\;C:\Program Files (x86)\Microsoft SQL Server\150\DTS\Binn\;C:\Program Files (x86)\Ghdl\Bin;C:\Program Files\Git\cmd;C:\Users\germa\AppData\Local\Programs\Python\Python310\Scripts\;C:\Users\germa\AppData\Local\Programs\Python\Python310\;C:\Users\germa\AppData\Local\Microsoft\WindowsApps;C:\Users\germa\AppData\Local\Programs\MiKTeX\miktex\bin\x64\;C:\Users\germa\.dotnet\tools;C:\Users\germa\AppData\Local\Programs\Microsoft VS Code\bin;C:\eda\Ghdl\bin;C:\eda\gtkwave\bin
221 [3364] INFO perfrun.mrte <> - COR_ENABLE_PROFILING=1
221 [3364] INFO perfrun.mrte <> - COR_PROFILER={AA5E4821-E3B1-479c-B7FF-5AD047D22CED}
221 [3364] INFO perfrun.mrte <> - COMPLUS_ProfAPI_ProfilerCompatibilitySetting=EnableV2Profiler
221 [3364] INFO perfrun.mrte <> - CORECLR_ENABLE_PROFILING=1
221 [3364] INFO perfrun.mrte <> - CORECLR_PROFILER={AA5E4821-E3B1-479c-B7FF-5AD047D22CED}
221 [3364] INFO perfrun.mrte <> - CORECLR_PROFILER_PATH=C:\Program Files (x86)\Intel\oneAPI\vtune\2023.0.0\bin64/amplxe_samplingmrte_clrprof_1.0.dll
221 [3364] INFO perfrun.mrte <> - INTEL_MRTE_PROFILER_MODE=mixed
221 [3364] INFO perfrun.mrte <> - Data directory: C:\Users\germa\source\repos\Project3\Project3\VTune Profiler Results\Project3\r044hpc\data.0
221 [3364] INFO perfrun.mrte <> - Mrte plugin is initialized
221 [3364] INFO perfrun.launcher <> - plugin [emon] was disabled because it doesn't support the given collection type.
221 [3364] INFO perfrun.launcher <> - plugin [cuscol] was disabled because it doesn't support the given collection type.
221 [3364] INFO perfrun.launcher <> - plugin [stdsrc] was disabled because it doesn't support the given collection type.
221 [3364] INFO perfrun.sdk <> - runCmd: "C:\Program Files (x86)\Intel\oneAPI\vtune\2023.0.0\bin64\sep.exe" -dry-run -ec CPU_CLK_UNHALTED.THREAD:sa=2800000,CPU_CLK_UNHALTED.REF_TSC:sample:sa=2800000,INST_RETIRED.ANY:sample:sa=2800000,CPU_CLK_UNHALTED.DISTRIBUTED:sa=2800000,CPU_CLK_UNHALTED.THREAD_P,CYCLE_ACTIVITY.STALLS_L1D_MISS,CYCLE_ACTIVITY.STALLS_L2_MISS,CYCLE_ACTIVITY.STALLS_L3_MISS,CYCLE_ACTIVITY.STALLS_MEM_ANY,CYCLE_ACTIVITY.STALLS_TOTAL,EXE_ACTIVITY.1_PORTS_UTIL,EXE_ACTIVITY.2_PORTS_UTIL,EXE_ACTIVITY.BOUND_ON_STORES,FRONTEND_RETIRED.LATENCY_GE_4,IDQ_UOPS_NOT_DELIVERED.CORE,INT_MISC.RECOVERY_CYCLES:cmask=1:e=yes,INT_MISC.UOP_DROPPING,L1D_PEND_MISS.FB_FULL_PERIODS,MEM_LOAD_RETIRED.FB_HIT,MEM_LOAD_RETIRED.L1_HIT,MEM_LOAD_RETIRED.L1_MISS,MEM_LOAD_RETIRED.L2_HIT,MEM_LOAD_RETIRED.L3_HIT,MEM_LOAD_RETIRED.L3_MISS,OFFCORE_REQUESTS_OUTSTANDING.ALL_DATA_RD:cmask=4,OFFCORE_REQUESTS_OUTSTANDING.CYCLES_WITH_DATA_RD,TOPDOWN.BACKEND_BOUND_SLOTS,TOPDOWN.SLOTS,UOPS_RETIRED.SLOTS:sa=2000003,MEM_INST_RETIRED.ALL_STORES:sa=100003,MEM_INST_RETIRED.ALL_LOADS:sa=100003,FP_ARITH_INST_RETIRED.SCALAR_SINGLE:sa=2000003,FP_ARITH_INST_RETIRED.128B_PACKED_SINGLE:sa=2000003,FP_ARITH_INST_RETIRED.256B_PACKED_SINGLE:sa=2000003,FP_ARITH_INST_RETIRED.SCALAR_DOUBLE:sa=2000003,FP_ARITH_INST_RETIRED.128B_PACKED_DOUBLE:sa=2000003,FP_ARITH_INST_RETIRED.256B_PACKED_DOUBLE:sa=2000003,UOPS_EXECUTED.X87:sa=2000003,UOPS_EXECUTED.THREAD:sa=2000003,FP_ARITH_INST_RETIRED.512B_PACKED_DOUBLE:sa=2000003,FP_ARITH_INST_RETIRED.512B_PACKED_SINGLE:sa=2000003,UNC_IMC_DRAM_DATA_READS,UNC_IMC_DRAM_DATA_WRITES -experimental
224 [3364] INFO perfrun.sdk <> - runCmd started PID 26844
300 [3364] INFO perfrun.launcher <> - plugin [vtsspp] was disabled because it doesn't support the given collection type.
300 [3364] INFO perfrun.launcher <> - plugin [] was disabled because it doesn't support the given collection type.
300 [3364] INFO perfrun.launcher <> - plugin [aoclprofile] was disabled because it doesn't support the given collection type.
300 [3364] INFO perfrun.tpss <> - initialize tpss controller
300 [3364] INFO perfrun.launcher <> - plugin [tpss] was disabled because it doesn't support the given collection type.
300 [3364] INFO perfrun.launcher <> - plugin [] was disabled because it doesn't support the given collection type.
300 [3364] INFO perfrun.launcher <> - plugin [] was disabled because it doesn't support the given collection type.
300 [3364] INFO perfrun.launcher <> - plugin [] was disabled because it doesn't support the given collection type.
300 [3364] INFO perfrun.launcher <> - plugin [] was disabled because it doesn't support the given collection type.
300 [3364] INFO perfrun.launcher <> - plugin [power] was disabled because it doesn't support the given collection type.
300 [3364] INFO perfrun.launcher <> - plugin [hwloc] was disabled because it doesn't support the given collection type.
300 [3364] INFO perfrun.launcher <> - plugin [ipmwatch] was disabled because it doesn't support the given collection type.
300 [3364] INFO perfrun.launcher <> - plugin [os_counters] was disabled because it doesn't support the given collection type.
300 [3364] INFO perfrun.launcher <> - plugin [l0_metrics] was disabled because it doesn't support the given collection type.
300 [40660] INFO perfrun.launcher <> - set environment variable: PATH = C:\Program Files (x86)\Intel\oneAPI\vtune\2023.0.0\bin32\runtime;C:\Program Files (x86)\Intel\oneAPI\vtune\2023.0.0\bin64\runtime;C:\ProgramData\Oracle\Java\javapath;C:\Windows\system32;C:\Windows;C:\Windows\System32\Wbem;C:\Windows\System32\WindowsPowerShell\v1.0\;C:\Windows\System32\OpenSSH\;C:\Program Files\NVIDIA Corporation\NVIDIA NvDLISR;C:\Program Files (x86)\NVIDIA Corporation\PhysX\Common;D:\MATLAB\bin;C:\Program Files\PuTTY\;C:\Program Files\dotnet\;C:\Program Files\ibm\gsk8\lib64;C:\Program Files (x86)\ibm\gsk8\lib;C:\WINDOWS\system32;C:\WINDOWS;C:\WINDOWS\System32\Wbem;C:\WINDOWS\System32\WindowsPowerShell\v1.0\;C:\WINDOWS\System32\OpenSSH\;C:\Program Files\Docker\Docker\resources\bin;C:\ProgramData\DockerDesktop\version-bin;C:\Program Files\Azure Data Studio\bin;C:\Program Files\Microsoft SQL Server\Client SDK\ODBC\170\Tools\Binn\;C:\Program Files (x86)\Microsoft SQL Server\150\Tools\Binn\;C:\Program Files\Microsoft SQL Server\150\Tools\Binn\;C:\Program Files\Microsoft SQL Server\150\DTS\Binn\;C:\Program Files (x86)\Microsoft SQL Server\150\DTS\Binn\;C:\Program Files (x86)\Ghdl\Bin;C:\Program Files\Git\cmd;C:\Users\germa\AppData\Local\Programs\Python\Python310\Scripts\;C:\Users\germa\AppData\Local\Programs\Python\Python310\;C:\Users\germa\AppData\Local\Microsoft\WindowsApps;C:\Users\germa\AppData\Local\Programs\MiKTeX\miktex\bin\x64\;C:\Users\germa\.dotnet\tools;C:\Users\germa\AppData\Local\Programs\Microsoft VS Code\bin;C:\eda\Ghdl\bin;C:\eda\gtkwave\bin
301 [40660] INFO perfrun.launcher <> - set environment variable: INTEL_LIBITTNOTIFY32 = C:\Program Files (x86)\Intel\oneAPI\vtune\2023.0.0\bin32\runtime\ittnotify_collector.dll
301 [40660] INFO perfrun.launcher <> - set environment variable: INTEL_LIBITTNOTIFY64 = C:\Program Files (x86)\Intel\oneAPI\vtune\2023.0.0\bin64\runtime\ittnotify_collector.dll
301 [40660] INFO perfrun.launcher <> - set environment variable: INTEL_ITTNOTIFY_GROUPS = 
301 [40660] INFO perfrun.launcher <> - set environment variable: INTEL_JIT_PROFILER32 = C:\Program Files (x86)\Intel\oneAPI\vtune\2023.0.0\bin32\runtime\ittnotify_collector.dll
302 [40660] INFO perfrun.launcher <> - set environment variable: INTEL_JIT_PROFILER64 = C:\Program Files (x86)\Intel\oneAPI\vtune\2023.0.0\bin64\runtime\ittnotify_collector.dll
302 [40660] INFO perfrun.launcher <> - set environment variable: OMP_TOOL_LIBRARIES = C:\Program Files (x86)\Intel\oneAPI\vtune\2023.0.0\bin32\runtime\ittnotify_collector.dll;C:\Program Files (x86)\Intel\oneAPI\vtune\2023.0.0\bin64\runtime\ittnotify_collector.dll
302 [40660] INFO perfrun.launcher <> - set environment variable: ENABLE_JITPROFILING = 1
302 [40660] INFO perfrun.launcher <> - set environment variable: CL_CONFIG_USE_VTUNE = True
302 [40660] INFO perfrun.launcher <> - set environment variable: INTEL_MRTE_DATA_DIR = C:\Users\germa\source\repos\Project3\Project3\VTune Profiler Results\Project3\r044hpc\data.0
302 [40660] INFO perfrun.launcher <> - set environment variable: INTEL_MRTE_HOST_NAME = DESKTOP-JB6HC7R
302 [40660] INFO perfrun.launcher <> - set environment variable: JAVA_TOOL_OPTIONS = -agentlib:amplxe_samplingmrte_javaprof_1.0
302 [40660] INFO perfrun.launcher <> - set environment variable: PATH = C:\Program Files (x86)\Intel\oneAPI\vtune\2023.0.0\bin32\runtime;C:\Program Files (x86)\Intel\oneAPI\vtune\2023.0.0\bin64\runtime;C:\ProgramData\Oracle\Java\javapath;C:\Windows\system32;C:\Windows;C:\Windows\System32\Wbem;C:\Windows\System32\WindowsPowerShell\v1.0\;C:\Windows\System32\OpenSSH\;C:\Program Files\NVIDIA Corporation\NVIDIA NvDLISR;C:\Program Files (x86)\NVIDIA Corporation\PhysX\Common;D:\MATLAB\bin;C:\Program Files\PuTTY\;C:\Program Files\dotnet\;C:\Program Files\ibm\gsk8\lib64;C:\Program Files (x86)\ibm\gsk8\lib;C:\WINDOWS\system32;C:\WINDOWS;C:\WINDOWS\System32\Wbem;C:\WINDOWS\System32\WindowsPowerShell\v1.0\;C:\WINDOWS\System32\OpenSSH\;C:\Program Files\Docker\Docker\resources\bin;C:\ProgramData\DockerDesktop\version-bin;C:\Program Files\Azure Data Studio\bin;C:\Program Files\Microsoft SQL Server\Client SDK\ODBC\170\Tools\Binn\;C:\Program Files (x86)\Microsoft SQL Server\150\Tools\Binn\;C:\Program Files\Microsoft SQL Server\150\Tools\Binn\;C:\Program Files\Microsoft SQL Server\150\DTS\Binn\;C:\Program Files (x86)\Microsoft SQL Server\150\DTS\Binn\;C:\Program Files (x86)\Ghdl\Bin;C:\Program Files\Git\cmd;C:\Users\germa\AppData\Local\Programs\Python\Python310\Scripts\;C:\Users\germa\AppData\Local\Programs\Python\Python310\;C:\Users\germa\AppData\Local\Microsoft\WindowsApps;C:\Users\germa\AppData\Local\Programs\MiKTeX\miktex\bin\x64\;C:\Users\germa\.dotnet\tools;C:\Users\germa\AppData\Local\Programs\Microsoft VS Code\bin;C:\eda\Ghdl\bin;C:\eda\gtkwave\bin
302 [40660] INFO perfrun.launcher <> - set environment variable: COR_ENABLE_PROFILING = 1
302 [40660] INFO perfrun.launcher <> - set environment variable: COR_PROFILER = {AA5E4821-E3B1-479c-B7FF-5AD047D22CED}
302 [40660] INFO perfrun.launcher <> - set environment variable: COMPLUS_ProfAPI_ProfilerCompatibilitySetting = EnableV2Profiler
303 [40660] INFO perfrun.launcher <> - set environment variable: CORECLR_ENABLE_PROFILING = 1
303 [40660] INFO perfrun.launcher <> - set environment variable: CORECLR_PROFILER = {AA5E4821-E3B1-479c-B7FF-5AD047D22CED}
303 [40660] INFO perfrun.launcher <> - set environment variable: CORECLR_PROFILER_PATH = C:\Program Files (x86)\Intel\oneAPI\vtune\2023.0.0\bin64/amplxe_samplingmrte_clrprof_1.0.dll
303 [40660] INFO perfrun.launcher <> - set environment variable: INTEL_MRTE_PROFILER_MODE = mixed
303 [40660] INFO perfrun.launcher <> - RpcServer: run RPC server to handle requests
307 [40660] INFO perfrun.sdk <> - IProcessUtil: the given executable 'C:\Users\germa\source\repos\Project3\Debug\Project3.exe' is valid.
307 [40660] INFO perfrun.launcher <> - Launcher: command line to start before modification = C:\Users\germa\source\repos\Project3\Debug\Project3.exe
307 [40660] INFO perfrun.launcher <> - Launcher: command line to start after modification = C:\Users\germa\source\repos\Project3\Debug\Project3.exe
307 [40660] INFO perfrun.launcher <> - ProcessCreator object was created
310 [40660] INFO perfrun.launcher <> - Launcher: the process was started in suspend mode
311 [3364] INFO perfrun.launcher <> - Messenger::say: Peak bandwidth measurement started.
4476 [3364] INFO perfrun.launcher <> - Messenger::say: Peak bandwidth measurement finished.
4478 [3364] INFO perfrun.itt <> - start itt controller for pid #23156
4482 [3364] INFO perfrun.sdk <> - Allocating TMU :C:\Users\germa\source\repos\Project3\Project3\VTune Profiler Results\Project3\r044hpc\data.0\gen_metrics0_0_2_0_0.0.cfg
4482 [3364] INFO perfrun.sdk <> - De-allocating TMU: C:\Users\germa\source\repos\Project3\Project3\VTune Profiler Results\Project3\r044hpc\data.0\gen_metrics0_0_2_0_0.0.cfg
4506 [3364] INFO perfrun.gpu <> - Creating main data processing loop
4506 [4916] INFO perfrun.sdk <> - Allocating TMU :C:\Users\germa\source\repos\Project3\Project3\VTune Profiler Results\Project3\r044hpc\data.0\gen_metrics0_0_2_0_0.0.vtss
4506 [3364] INFO perfrun.sdk <> - runCmd: "C:\Program Files (x86)\Intel\oneAPI\vtune\2023.0.0\bin64\sep.exe" -start -experimental -uem timer=10 -em factor=5 -p-state trigger=CPU_CLK_UNHALTED.REF_TSC -out "C:\Users\germa\source\repos\Project3\Project3\VTune Profiler Results\Project3\r044hpc\data.0\sepd24.20221226T142002.488122" -ec INST_RETIRED.ANY:sample:sa=2800000,CPU_CLK_UNHALTED.THREAD:sa=2800000,CPU_CLK_UNHALTED.REF_TSC:sample:sa=2800000,TOPDOWN.SLOTS,CYCLE_ACTIVITY.STALLS_L1D_MISS,CYCLE_ACTIVITY.STALLS_L2_MISS,CYCLE_ACTIVITY.STALLS_L3_MISS,L1D_PEND_MISS.FB_FULL_PERIODS,CPU_CLK_UNHALTED.DISTRIBUTED:sa=2800000,CPU_CLK_UNHALTED.THREAD_P,CYCLE_ACTIVITY.STALLS_MEM_ANY,CYCLE_ACTIVITY.STALLS_TOTAL,MEM_LOAD_RETIRED.FB_HIT,MEM_LOAD_RETIRED.L1_HIT,MEM_LOAD_RETIRED.L1_MISS,MEM_LOAD_RETIRED.L2_HIT,EXE_ACTIVITY.1_PORTS_UTIL,EXE_ACTIVITY.2_PORTS_UTIL,EXE_ACTIVITY.BOUND_ON_STORES,FRONTEND_RETIRED.LATENCY_GE_4,MEM_LOAD_RETIRED.L3_HIT,MEM_LOAD_RETIRED.L3_MISS,OFFCORE_REQUESTS_OUTSTANDING.ALL_DATA_RD:cmask=4,OFFCORE_REQUESTS_OUTSTANDING.CYCLES_WITH_DATA_RD,IDQ_UOPS_NOT_DELIVERED.CORE,INT_MISC.RECOVERY_CYCLES:cmask=1:e=yes,INT_MISC.UOP_DROPPING,TOPDOWN.BACKEND_BOUND_SLOTS,MEM_INST_RETIRED.ALL_STORES:sa=100003,MEM_INST_RETIRED.ALL_LOADS:sa=100003,UOPS_RETIRED.SLOTS:sa=2000003,FP_ARITH_INST_RETIRED.SCALAR_SINGLE:sa=2000003,FP_ARITH_INST_RETIRED.128B_PACKED_SINGLE:sa=2000003,FP_ARITH_INST_RETIRED.256B_PACKED_SINGLE:sa=2000003,FP_ARITH_INST_RETIRED.SCALAR_DOUBLE:sa=2000003,FP_ARITH_INST_RETIRED.128B_PACKED_DOUBLE:sa=2000003,FP_ARITH_INST_RETIRED.256B_PACKED_DOUBLE:sa=2000003,UOPS_EXECUTED.X87:sa=2000003,UOPS_EXECUTED.THREAD:sa=2000003,FP_ARITH_INST_RETIRED.512B_PACKED_DOUBLE:sa=2000003,FP_ARITH_INST_RETIRED.512B_PACKED_SINGLE:sa=2000003,UNC_IMC_DRAM_DATA_READS,UNC_IMC_DRAM_DATA_WRITES, -d 0 -uem factor=10
4507 [4916] INFO perfrun.gpu <> - IO stream opening, timer period: 1000000, buffer size: 0 subDevice 0 tile 0
4508 [3364] INFO perfrun.sdk <> - runCmd started PID 11360
4509 [4916] INFO perfrun.gpu <> - IO stream opened, timer period: 682666, buffer size: 16777216
5008 [40660] INFO perfrun.launcher <> - Launcher: all plugins were started
5008 [40660] INFO perfrun.launcher <> - DirectoryMonitor object was created
5009 [40660] INFO perfrun.launcher <> - DirectoryMonitor: a callback was added
5009 [40660] INFO perfrun.launcher <> - DirectoryMonitor was started with pingTime = 1000
5009 [40660] INFO perfrun.launcher <> - DeadlineTimer is going to be constructed
5009 [40660] INFO perfrun.launcher <> - DeadlineTimer: a callback was added
5018 [40660] INFO perfrun.launcher <> - Launcher: resume the profiled application and  wait its termination or stop command
10762 [40660] INFO perfrun.launcher <> - Launcher: the profiled application was terminated  with exit code = 0
10768 [3364] INFO perfrun.itt <> - detach itt controller
10768 [3364] INFO perfrun.itt <> - detach itt controller done
10768 [3364] INFO perfrun.gpu <> - Waiting for data collection thread to finish
11014 [4916] INFO perfrun.sdk <> - De-allocating TMU: C:\Users\germa\source\repos\Project3\Project3\VTune Profiler Results\Project3\r044hpc\data.0\gen_metrics0_0_2_0_0.0.vtss
11025 [4916] INFO perfrun.gpu <> - Data collection routine finished
11028 [3364] INFO perfrun.gpu <> - Data collection thread finished, shutting down the session
11028 [3364] INFO perfrun.sdk <> - runCmd: "C:\Program Files (x86)\Intel\oneAPI\vtune\2023.0.0\bin64\sep.exe" -stop
11030 [3364] INFO perfrun.sdk <> - runCmd started PID 27996
12307 [3364] INFO perfrun.sepdk <> - Sampling successfully stopped.

12308 [3364] INFO perfrun.sepdk <> - Waiting for main SEP process (11360) to finish...
12308 [3364] INFO perfrun.sepdk <> - Main SEP process finished
12309 [3364] INFO perfrun.sdk <> - De-allocating TMU: C:\Users\germa\source\repos\Project3\Project3\VTune Profiler Results\Project3\r044hpc\data.0\systemcollector-42064-DESKTOP-JB6HC7R.sc
12329 [3364] INFO perfrun.system <> - closed the system trace file: C:\Users\germa\source\repos\Project3\Project3\VTune Profiler Results\Project3\r044hpc\data.0\systemcollector-42064-DESKTOP-JB6HC7R.sc
12329 [40660] INFO perfrun.launcher <> - Launcher: all plugins were stopped.
12330 [40660] INFO perfrun.launcher <> - DeadlineTimer is going to be destroyed
12330 [40660] INFO perfrun.launcher <> - DeadlineTimer was destroyed
12330 [40660] INFO perfrun.launcher <> - DirectoryMonitor object was destroyed
12330 [40660] WARN perfrun.launcher <> - Stop command is ignored because it is received when collection is already stopped, at file: C:\BB\ANphep2w6r\b\tmp2iy5aj\vcs\perfrun1\launcher\src\command_handler.cpp:226
12331 [40660] INFO perfrun.launcher <> - Application exit code: 0
12331 [40660] INFO perfrun.launcher <> - Exit code: 0
