94 [27684] INFO perfrun.launcher <> - Launcher main begin
99 [27684] INFO perfrun.launcher <> - MessageCatalogInit finished
99 [27684] INFO perfrun.launcher <> - Launcher instance created
99 [27684] INFO perfrun.launcher <> - argc = 7; cmdline = C:\Program Files (x86)\Intel\oneAPI\vtune\2023.0.0\bin64\amplxe-runss.exe --ui-output-format xml --ui-output-fd 896 --option-file C:\Users\germa\source\repos\Project3\Project3\VTune Profiler Results\Project3\r088hs\config\runss.options 
129 [27684] INFO perfrun.launcher <> - New signal handler callback was added
180 [27684] INFO perfrun.launcher <> - create msngr2::ICliToolContext
181 [27684] INFO perfrun.launcher <> - create file finder object
185 [27684] INFO perfrun.launcher <> - create a result directory: pattern = C:\Users\germa\source\repos\Project3\Project3\VTune Profiler Results\Project3\r088hs pid = 4294967295
192 [27684] INFO perfrun.launcher <> - create data directory = C:\Users\germa\source\repos\Project3\Project3\VTune Profiler Results\Project3\r088hs\data.0
193 [27684] INFO perfrun.launcher <> - Creating the master collection flag
207 [27684] INFO perfrun.launcher <> - Done creating the master collection flag
208 [30748] INFO perfrun.launcher <> - plugin [remoteplug] was disabled because it doesn't support the given collection type.
214 [30748] INFO perfrun.sdk <> - Allocating TMU :C:\Users\germa\source\repos\Project3\Project3\VTune Profiler Results\Project3\r088hs\data.0\systemcollector-6600-DESKTOP-JB6HC7R.sc
215 [30748] INFO perfrun.launcher <> - plugin [] was disabled because it doesn't support the given collection type.
222 [30748] INFO perfrun.launcher <> - plugin [] was disabled because it doesn't support the given collection type.
222 [30748] INFO perfrun.launcher <> - plugin [gpu] was disabled because it doesn't support the given collection type.
223 [30748] INFO perfrun.launcher <> - plugin [etw.kernel] was disabled because it doesn't support the given collection type.
224 [30748] INFO perfrun.launcher <> - plugin [etw.dx] was disabled because it doesn't support the given collection type.
224 [30748] INFO perfrun.launcher <> - plugin [etw.wsa] was disabled because it doesn't support the given collection type.
226 [30748] INFO perfrun.mrte <> - system-wide mode is 0
228 [30748] INFO perfrun.mrte <> - Getting  mrte profiling environment ...
293 [30748] INFO perfrun.mrte <> - INTEL_MRTE_DATA_DIR=C:\Users\germa\source\repos\Project3\Project3\VTune Profiler Results\Project3\r088hs\data.0
293 [30748] INFO perfrun.mrte <> - INTEL_MRTE_HOST_NAME=DESKTOP-JB6HC7R
293 [30748] INFO perfrun.mrte <> - JAVA_TOOL_OPTIONS=-agentlib:amplxe_tpssmrte_javaprof_1.0
293 [30748] INFO perfrun.mrte <> - PATH=C:\Program Files (x86)\Intel\oneAPI\vtune\2023.0.0\bin32\runtime;C:\Program Files (x86)\Intel\oneAPI\vtune\2023.0.0\bin64\runtime;C:\ProgramData\Oracle\Java\javapath;C:\Windows\system32;C:\Windows;C:\Windows\System32\Wbem;C:\Windows\System32\WindowsPowerShell\v1.0\;C:\Windows\System32\OpenSSH\;C:\Program Files\NVIDIA Corporation\NVIDIA NvDLISR;C:\Program Files (x86)\NVIDIA Corporation\PhysX\Common;D:\MATLAB\bin;C:\Program Files\PuTTY\;C:\Program Files\dotnet\;C:\Program Files\ibm\gsk8\lib64;C:\Program Files (x86)\ibm\gsk8\lib;C:\WINDOWS\system32;C:\WINDOWS;C:\WINDOWS\System32\Wbem;C:\WINDOWS\System32\WindowsPowerShell\v1.0\;C:\WINDOWS\System32\OpenSSH\;C:\Program Files\Docker\Docker\resources\bin;C:\ProgramData\DockerDesktop\version-bin;C:\Program Files\Azure Data Studio\bin;C:\Program Files\Microsoft SQL Server\Client SDK\ODBC\170\Tools\Binn\;C:\Program Files (x86)\Microsoft SQL Server\150\Tools\Binn\;C:\Program Files\Microsoft SQL Server\150\Tools\Binn\;C:\Program Files\Microsoft SQL Server\150\DTS\Binn\;C:\Program Files (x86)\Microsoft SQL Server\150\DTS\Binn\;C:\Program Files (x86)\Ghdl\Bin;C:\Program Files\Git\cmd;C:\Users\germa\AppData\Local\Programs\Python\Python310\Scripts\;C:\Users\germa\AppData\Local\Programs\Python\Python310\;C:\Users\germa\AppData\Local\Microsoft\WindowsApps;C:\Users\germa\AppData\Local\Programs\MiKTeX\miktex\bin\x64\;C:\Users\germa\.dotnet\tools;C:\Users\germa\AppData\Local\Programs\Microsoft VS Code\bin;C:\eda\Ghdl\bin;C:\eda\gtkwave\bin
293 [30748] INFO perfrun.mrte <> - COR_ENABLE_PROFILING=1
293 [30748] INFO perfrun.mrte <> - COR_PROFILER={AA5E4821-E3B1-479c-B7FF-5AD047D22CED}
293 [30748] INFO perfrun.mrte <> - COMPLUS_ProfAPI_ProfilerCompatibilitySetting=EnableV2Profiler
293 [30748] INFO perfrun.mrte <> - CORECLR_ENABLE_PROFILING=1
293 [30748] INFO perfrun.mrte <> - CORECLR_PROFILER={AA5E4821-E3B1-479c-B7FF-5AD047D22CED}
293 [30748] INFO perfrun.mrte <> - CORECLR_PROFILER_PATH=C:\Program Files (x86)\Intel\oneAPI\vtune\2023.0.0\bin64/amplxe_samplingmrte_clrprof_1.0.dll
293 [30748] INFO perfrun.mrte <> - INTEL_MRTE_PROFILER_MODE=mixed
294 [30748] INFO perfrun.mrte <> - Data directory: C:\Users\germa\source\repos\Project3\Project3\VTune Profiler Results\Project3\r088hs\data.0
294 [30748] INFO perfrun.mrte <> - Mrte plugin is initialized
296 [30748] INFO perfrun.launcher <> - plugin [cuscol] was disabled because it doesn't support the given collection type.
297 [30748] INFO perfrun.launcher <> - plugin [stdsrc] was disabled because it doesn't support the given collection type.
298 [30748] INFO perfrun.launcher <> - plugin [sep] was disabled because it doesn't support the given collection type.
299 [30748] INFO perfrun.launcher <> - plugin [vtsspp] was disabled because it doesn't support the given collection type.
299 [30748] INFO perfrun.launcher <> - plugin [] was disabled because it doesn't support the given collection type.
299 [30748] INFO perfrun.launcher <> - plugin [aoclprofile] was disabled because it doesn't support the given collection type.
300 [30748] INFO perfrun.tpss <> - initialize tpss controller
301 [30748] INFO perfrun.tpss <> - configure collection mode: value = cpu:counters:nostack
307 [30748] INFO perfrun.tpss <> - configure collection mode: value = cpu:stack
307 [30748] INFO perfrun.tpss <> - default obj-size-min=1024
307 [30748] INFO perfrun.tpss <> - default hash-table-size=0
309 [30748] INFO perfrun.launcher <> - plugin [] was disabled because it doesn't support the given collection type.
309 [30748] INFO perfrun.launcher <> - plugin [] was disabled because it doesn't support the given collection type.
309 [30748] INFO perfrun.launcher <> - plugin [] was disabled because it doesn't support the given collection type.
309 [30748] INFO perfrun.launcher <> - plugin [] was disabled because it doesn't support the given collection type.
309 [30748] INFO perfrun.launcher <> - plugin [power] was disabled because it doesn't support the given collection type.
309 [30748] INFO perfrun.launcher <> - plugin [hwloc] was disabled because it doesn't support the given collection type.
309 [30748] INFO perfrun.launcher <> - plugin [ipmwatch] was disabled because it doesn't support the given collection type.
309 [30748] INFO perfrun.launcher <> - plugin [os_counters] was disabled because it doesn't support the given collection type.
310 [30748] INFO perfrun.launcher <> - plugin [l0_metrics] was disabled because it doesn't support the given collection type.
311 [27684] INFO perfrun.launcher <> - set environment variable: PATH = C:\Program Files (x86)\Intel\oneAPI\vtune\2023.0.0\bin32\runtime;C:\Program Files (x86)\Intel\oneAPI\vtune\2023.0.0\bin64\runtime;C:\ProgramData\Oracle\Java\javapath;C:\Windows\system32;C:\Windows;C:\Windows\System32\Wbem;C:\Windows\System32\WindowsPowerShell\v1.0\;C:\Windows\System32\OpenSSH\;C:\Program Files\NVIDIA Corporation\NVIDIA NvDLISR;C:\Program Files (x86)\NVIDIA Corporation\PhysX\Common;D:\MATLAB\bin;C:\Program Files\PuTTY\;C:\Program Files\dotnet\;C:\Program Files\ibm\gsk8\lib64;C:\Program Files (x86)\ibm\gsk8\lib;C:\WINDOWS\system32;C:\WINDOWS;C:\WINDOWS\System32\Wbem;C:\WINDOWS\System32\WindowsPowerShell\v1.0\;C:\WINDOWS\System32\OpenSSH\;C:\Program Files\Docker\Docker\resources\bin;C:\ProgramData\DockerDesktop\version-bin;C:\Program Files\Azure Data Studio\bin;C:\Program Files\Microsoft SQL Server\Client SDK\ODBC\170\Tools\Binn\;C:\Program Files (x86)\Microsoft SQL Server\150\Tools\Binn\;C:\Program Files\Microsoft SQL Server\150\Tools\Binn\;C:\Program Files\Microsoft SQL Server\150\DTS\Binn\;C:\Program Files (x86)\Microsoft SQL Server\150\DTS\Binn\;C:\Program Files (x86)\Ghdl\Bin;C:\Program Files\Git\cmd;C:\Users\germa\AppData\Local\Programs\Python\Python310\Scripts\;C:\Users\germa\AppData\Local\Programs\Python\Python310\;C:\Users\germa\AppData\Local\Microsoft\WindowsApps;C:\Users\germa\AppData\Local\Programs\MiKTeX\miktex\bin\x64\;C:\Users\germa\.dotnet\tools;C:\Users\germa\AppData\Local\Programs\Microsoft VS Code\bin;C:\eda\Ghdl\bin;C:\eda\gtkwave\bin
311 [27684] INFO perfrun.launcher <> - set environment variable: INTEL_LIBITTNOTIFY32 = C:\Program Files (x86)\Intel\oneAPI\vtune\2023.0.0\bin32\runtime\ittnotify_collector.dll
311 [27684] INFO perfrun.launcher <> - set environment variable: INTEL_LIBITTNOTIFY64 = C:\Program Files (x86)\Intel\oneAPI\vtune\2023.0.0\bin64\runtime\ittnotify_collector.dll
311 [27684] INFO perfrun.launcher <> - set environment variable: INTEL_ITTNOTIFY_GROUPS = 
311 [27684] INFO perfrun.launcher <> - set environment variable: INTEL_JIT_PROFILER32 = C:\Program Files (x86)\Intel\oneAPI\vtune\2023.0.0\bin32\runtime\ittnotify_collector.dll
311 [27684] INFO perfrun.launcher <> - set environment variable: INTEL_JIT_PROFILER64 = C:\Program Files (x86)\Intel\oneAPI\vtune\2023.0.0\bin64\runtime\ittnotify_collector.dll
311 [27684] INFO perfrun.launcher <> - set environment variable: OMP_TOOL_LIBRARIES = C:\Program Files (x86)\Intel\oneAPI\vtune\2023.0.0\bin32\runtime\ittnotify_collector.dll;C:\Program Files (x86)\Intel\oneAPI\vtune\2023.0.0\bin64\runtime\ittnotify_collector.dll
311 [27684] INFO perfrun.launcher <> - set environment variable: ENABLE_JITPROFILING = 1
311 [27684] INFO perfrun.launcher <> - set environment variable: CL_CONFIG_USE_VTUNE = True
312 [27684] INFO perfrun.launcher <> - set environment variable: KMP_FORKJOIN_FRAMES = 0
312 [27684] INFO perfrun.launcher <> - set environment variable: KMP_FORKJOIN_FRAMES_MODE = 0
312 [27684] INFO perfrun.launcher <> - set environment variable: OMP_TOOL = disabled
312 [27684] INFO perfrun.launcher <> - set environment variable: INTEL_MRTE_DATA_DIR = C:\Users\germa\source\repos\Project3\Project3\VTune Profiler Results\Project3\r088hs\data.0
312 [27684] INFO perfrun.launcher <> - set environment variable: INTEL_MRTE_HOST_NAME = DESKTOP-JB6HC7R
312 [27684] INFO perfrun.launcher <> - set environment variable: JAVA_TOOL_OPTIONS = -agentlib:amplxe_tpssmrte_javaprof_1.0
312 [27684] INFO perfrun.launcher <> - set environment variable: PATH = C:\Program Files (x86)\Intel\oneAPI\vtune\2023.0.0\bin32\runtime;C:\Program Files (x86)\Intel\oneAPI\vtune\2023.0.0\bin64\runtime;C:\ProgramData\Oracle\Java\javapath;C:\Windows\system32;C:\Windows;C:\Windows\System32\Wbem;C:\Windows\System32\WindowsPowerShell\v1.0\;C:\Windows\System32\OpenSSH\;C:\Program Files\NVIDIA Corporation\NVIDIA NvDLISR;C:\Program Files (x86)\NVIDIA Corporation\PhysX\Common;D:\MATLAB\bin;C:\Program Files\PuTTY\;C:\Program Files\dotnet\;C:\Program Files\ibm\gsk8\lib64;C:\Program Files (x86)\ibm\gsk8\lib;C:\WINDOWS\system32;C:\WINDOWS;C:\WINDOWS\System32\Wbem;C:\WINDOWS\System32\WindowsPowerShell\v1.0\;C:\WINDOWS\System32\OpenSSH\;C:\Program Files\Docker\Docker\resources\bin;C:\ProgramData\DockerDesktop\version-bin;C:\Program Files\Azure Data Studio\bin;C:\Program Files\Microsoft SQL Server\Client SDK\ODBC\170\Tools\Binn\;C:\Program Files (x86)\Microsoft SQL Server\150\Tools\Binn\;C:\Program Files\Microsoft SQL Server\150\Tools\Binn\;C:\Program Files\Microsoft SQL Server\150\DTS\Binn\;C:\Program Files (x86)\Microsoft SQL Server\150\DTS\Binn\;C:\Program Files (x86)\Ghdl\Bin;C:\Program Files\Git\cmd;C:\Users\germa\AppData\Local\Programs\Python\Python310\Scripts\;C:\Users\germa\AppData\Local\Programs\Python\Python310\;C:\Users\germa\AppData\Local\Microsoft\WindowsApps;C:\Users\germa\AppData\Local\Programs\MiKTeX\miktex\bin\x64\;C:\Users\germa\.dotnet\tools;C:\Users\germa\AppData\Local\Programs\Microsoft VS Code\bin;C:\eda\Ghdl\bin;C:\eda\gtkwave\bin
312 [27684] INFO perfrun.launcher <> - set environment variable: COR_ENABLE_PROFILING = 1
312 [27684] INFO perfrun.launcher <> - set environment variable: COR_PROFILER = {AA5E4821-E3B1-479c-B7FF-5AD047D22CED}
313 [27684] INFO perfrun.launcher <> - set environment variable: COMPLUS_ProfAPI_ProfilerCompatibilitySetting = EnableV2Profiler
313 [27684] INFO perfrun.launcher <> - set environment variable: CORECLR_ENABLE_PROFILING = 1
313 [27684] INFO perfrun.launcher <> - set environment variable: CORECLR_PROFILER = {AA5E4821-E3B1-479c-B7FF-5AD047D22CED}
313 [27684] INFO perfrun.launcher <> - set environment variable: CORECLR_PROFILER_PATH = C:\Program Files (x86)\Intel\oneAPI\vtune\2023.0.0\bin64/amplxe_samplingmrte_clrprof_1.0.dll
313 [27684] INFO perfrun.launcher <> - set environment variable: INTEL_MRTE_PROFILER_MODE = mixed
319 [27684] INFO perfrun.launcher <> - RpcServer: run RPC server to handle requests
327 [27684] INFO perfrun.sdk <> - IProcessUtil: the given executable 'C:\Users\germa\source\repos\Project3\Debug\Project3.exe' is valid.
328 [27684] INFO perfrun.launcher <> - Launcher: command line to start before modification = C:\Users\germa\source\repos\Project3\Debug\Project3.exe
331 [27684] INFO perfrun.launcher <> - Launcher: command line to start after modification = C:\Program Files (x86)\Intel\oneAPI\vtune\2023.0.0\bin64\pin.exe -error_file C:\Users\germa\source\repos\Project3\Project3\VTune Profiler Results\Project3\r088hs\data.0\pinerr.tpsslog -detach_reattach -probe -follow_execv -p32 C:\Program Files (x86)\Intel\oneAPI\vtune\2023.0.0\bin32\pin.exe -p64 C:\Program Files (x86)\Intel\oneAPI\vtune\2023.0.0\bin64\pin.exe -t64 C:\Program Files (x86)\Intel\oneAPI\vtune\2023.0.0\bin64\tpsstool.dll -t C:\Program Files (x86)\Intel\oneAPI\vtune\2023.0.0\bin32\tpsstool.dll -server_name tpss_ipc.6600 -prd_dir C:\Program Files (x86)\Intel\oneAPI\vtune\2023.0.0 -- C:\Users\germa\source\repos\Project3\Debug\Project3.exe
336 [27684] INFO perfrun.launcher <> - ProcessCreator object was created
355 [27684] INFO perfrun.launcher <> - Launcher: the process was started in suspend mode
358 [30748] INFO perfrun.itt <> - start itt controller for pid #32952
366 [30748] INFO perfrun.sdk <> - runCmd: "C:\Program Files (x86)\Intel\oneAPI\vtune\2023.0.0\bin64\emon.exe" -M
369 [30748] INFO perfrun.sdk <> - runCmd started PID 27136
429 [30748] INFO perfrun.sdk <> - runCmd: "C:\Program Files (x86)\Intel\oneAPI\vtune\2023.0.0\bin64\emon.exe" -v
431 [30748] INFO perfrun.sdk <> - runCmd started PID 21636
486 [30748] INFO perfrun.sdk <> - runCmd: "C:\Program Files (x86)\Intel\oneAPI\vtune\2023.0.0\bin64\sep.exe" -dry-run -ec CPU_CLK_UNHALTED.THREAD,CPU_CLK_UNHALTED.REF_TSC:sample:sa=2800000,INST_RETIRED.ANY:sample:sa=2800000,CPU_CLK_UNHALTED.DISTRIBUTED,FP_ARITH_INST_RETIRED.SCALAR_SINGLE,FP_ARITH_INST_RETIRED.128B_PACKED_SINGLE,FP_ARITH_INST_RETIRED.256B_PACKED_SINGLE,FP_ARITH_INST_RETIRED.SCALAR_DOUBLE,FP_ARITH_INST_RETIRED.128B_PACKED_DOUBLE,FP_ARITH_INST_RETIRED.256B_PACKED_DOUBLE,UOPS_EXECUTED.X87,UOPS_RETIRED.SLOTS:sample:sa=2000003,UOPS_EXECUTED.THREAD,FP_ARITH_INST_RETIRED.512B_PACKED_DOUBLE,FP_ARITH_INST_RETIRED.512B_PACKED_SINGLE,TOPDOWN.SLOTS:sample:sa=2000003 -experimental
488 [30748] INFO perfrun.sdk <> - runCmd started PID 10396
550 [30748] INFO perfrun.sdk <> - runCmd: "C:\Program Files (x86)\Intel\oneAPI\vtune\2023.0.0\bin64\emon.exe" -u -t 0.050 -l0 -A -C CPU_CLK_UNHALTED.DISTRIBUTED,CPU_CLK_UNHALTED.REF_TSC,CPU_CLK_UNHALTED.THREAD,FP_ARITH_INST_RETIRED.128B_PACKED_DOUBLE,FP_ARITH_INST_RETIRED.128B_PACKED_SINGLE,FP_ARITH_INST_RETIRED.256B_PACKED_DOUBLE,FP_ARITH_INST_RETIRED.256B_PACKED_SINGLE,FP_ARITH_INST_RETIRED.512B_PACKED_DOUBLE,FP_ARITH_INST_RETIRED.512B_PACKED_SINGLE,FP_ARITH_INST_RETIRED.SCALAR_DOUBLE,FP_ARITH_INST_RETIRED.SCALAR_SINGLE,INST_RETIRED.ANY,TOPDOWN.SLOTS,UOPS_EXECUTED.THREAD,UOPS_EXECUTED.X87,UOPS_RETIRED.SLOTS -f "C:\Users\germa\source\repos\Project3\Project3\VTune Profiler Results\Project3\r088hs\data.0\emon.0.emon" -experimental
551 [30748] INFO perfrun.sdk <> - runCmd started PID 34440
552 [30748] INFO perfrun.emon <> - Waiting trace file creation: C:\Users\germa\source\repos\Project3\Project3\VTune Profiler Results\Project3\r088hs\data.0\emon.0.emon
759 [30748] INFO perfrun.emon <> - trace file was found
759 [30748] INFO perfrun.tpss <> - start tpss controller for pid #32952
821 [27684] INFO perfrun.launcher <> - Launcher: all plugins were started
822 [27684] INFO perfrun.launcher <> - DirectoryMonitor object was created
822 [27684] INFO perfrun.launcher <> - DirectoryMonitor: a callback was added
822 [27684] INFO perfrun.launcher <> - DirectoryMonitor was started with pingTime = 1000
822 [27684] INFO perfrun.launcher <> - DeadlineTimer is going to be constructed
824 [27684] INFO perfrun.launcher <> - DeadlineTimer: a callback was added
835 [27684] INFO perfrun.launcher <> - Launcher: resume the profiled application and  wait its termination or stop command
7788 [27684] INFO perfrun.launcher <> - Launcher: the profiled application was terminated  with exit code = 0
7799 [30748] INFO perfrun.itt <> - detach itt controller
7799 [30748] INFO perfrun.itt <> - detach itt controller done
7799 [30748] INFO perfrun.sdk <> - runCmd: "C:\Program Files (x86)\Intel\oneAPI\vtune\2023.0.0\bin64\emon.exe" -stop
7801 [30748] INFO perfrun.sdk <> - runCmd started PID 21052
8024 [30748] INFO perfrun.emon <> - EMON collector successfully stopped.

8024 [30748] INFO perfrun.emon <> - Waiting for main Emon process (34440) to finish...
8024 [30748] INFO perfrun.emon <> - Main Emon process finished
8024 [30748] INFO perfrun.tpss <> - stop tpss controller
8026 [30748] INFO perfrun.sdk <> - De-allocating TMU: C:\Users\germa\source\repos\Project3\Project3\VTune Profiler Results\Project3\r088hs\data.0\systemcollector-6600-DESKTOP-JB6HC7R.sc
8047 [30748] INFO perfrun.system <> - closed the system trace file: C:\Users\germa\source\repos\Project3\Project3\VTune Profiler Results\Project3\r088hs\data.0\systemcollector-6600-DESKTOP-JB6HC7R.sc
8047 [27684] INFO perfrun.launcher <> - Launcher: all plugins were stopped.
8047 [27684] INFO perfrun.launcher <> - DeadlineTimer is going to be destroyed
8047 [27684] INFO perfrun.launcher <> - DeadlineTimer was destroyed
8047 [27684] INFO perfrun.launcher <> - DirectoryMonitor object was destroyed
8047 [27684] WARN perfrun.launcher <> - Stop command is ignored because it is received when collection is already stopped, at file: C:\BB\ANphep2w6r\b\tmp2iy5aj\vcs\perfrun1\launcher\src\command_handler.cpp:226
8048 [27684] INFO perfrun.launcher <> - Application exit code: 0
8048 [27684] INFO perfrun.launcher <> - Exit code: 0
