75 [32964] INFO perfrun.launcher <> - Launcher main begin
79 [32964] INFO perfrun.launcher <> - MessageCatalogInit finished
79 [32964] INFO perfrun.launcher <> - Launcher instance created
79 [32964] INFO perfrun.launcher <> - argc = 7; cmdline = C:\Program Files (x86)\Intel\oneAPI\vtune\2023.0.0\bin64\amplxe-runss.exe --ui-output-format xml --ui-output-fd 1160 --option-file C:\Users\germa\source\repos\Project3\Project3\VTune Profiler Results\Project3\r046ps\config\runsa.options 
127 [32964] INFO perfrun.launcher <> - New signal handler callback was added
166 [32964] INFO perfrun.launcher <> - create msngr2::ICliToolContext
166 [32964] INFO perfrun.launcher <> - create file finder object
166 [32964] INFO perfrun.launcher <> - create a result directory: pattern = C:\Users\germa\source\repos\Project3\Project3\VTune Profiler Results\Project3\r046ps pid = 4294967295
171 [32964] INFO perfrun.launcher <> - create data directory = C:\Users\germa\source\repos\Project3\Project3\VTune Profiler Results\Project3\r046ps\data.0
171 [32964] INFO perfrun.launcher <> - Creating the master collection flag
179 [32964] INFO perfrun.launcher <> - Done creating the master collection flag
179 [4392] INFO perfrun.launcher <> - plugin [remoteplug] was disabled because it doesn't support the given collection type.
180 [4392] INFO perfrun.sdk <> - Allocating TMU :C:\Users\germa\source\repos\Project3\Project3\VTune Profiler Results\Project3\r046ps\data.0\systemcollector-42212-DESKTOP-JB6HC7R.sc
180 [4392] INFO perfrun.launcher <> - plugin [] was disabled because it doesn't support the given collection type.
180 [4392] INFO perfrun.launcher <> - plugin [itt] was disabled because it doesn't support the given collection type.
180 [4392] INFO perfrun.launcher <> - plugin [] was disabled because it doesn't support the given collection type.
180 [4392] INFO perfrun.gpu <> - Event consumer configurations: 
187 [4392] INFO perfrun.gpu <> - DeviceInfo: address 0:0:2.0 subdevice index 0 preset 2 sampling interval 1000us
187 [4392] INFO perfrun.gpu <> -  counting mode enabled
187 [4392] INFO perfrun.launcher <> - plugin [etw.kernel] was disabled because it doesn't support the given collection type.
187 [4392] INFO perfrun.launcher <> - plugin [etw.dx] was disabled because it doesn't support the given collection type.
187 [4392] INFO perfrun.launcher <> - plugin [etw.wsa] was disabled because it doesn't support the given collection type.
187 [4392] INFO perfrun.mrte <> - system-wide mode is 0
187 [4392] INFO perfrun.mrte <> - Getting  mrte profiling environment ...
208 [4392] INFO perfrun.mrte <> - INTEL_MRTE_DATA_DIR=C:\Users\germa\source\repos\Project3\Project3\VTune Profiler Results\Project3\r046ps\data.0
208 [4392] INFO perfrun.mrte <> - INTEL_MRTE_HOST_NAME=DESKTOP-JB6HC7R
208 [4392] INFO perfrun.mrte <> - JAVA_TOOL_OPTIONS=-agentlib:amplxe_samplingmrte_javaprof_1.0
208 [4392] INFO perfrun.mrte <> - PATH=C:\Program Files (x86)\Intel\oneAPI\vtune\2023.0.0\bin32\runtime;C:\Program Files (x86)\Intel\oneAPI\vtune\2023.0.0\bin64\runtime;C:\ProgramData\Oracle\Java\javapath;C:\Windows\system32;C:\Windows;C:\Windows\System32\Wbem;C:\Windows\System32\WindowsPowerShell\v1.0\;C:\Windows\System32\OpenSSH\;C:\Program Files\NVIDIA Corporation\NVIDIA NvDLISR;C:\Program Files (x86)\NVIDIA Corporation\PhysX\Common;D:\MATLAB\bin;C:\Program Files\PuTTY\;C:\Program Files\dotnet\;C:\Program Files\ibm\gsk8\lib64;C:\Program Files (x86)\ibm\gsk8\lib;C:\WINDOWS\system32;C:\WINDOWS;C:\WINDOWS\System32\Wbem;C:\WINDOWS\System32\WindowsPowerShell\v1.0\;C:\WINDOWS\System32\OpenSSH\;C:\Program Files\Docker\Docker\resources\bin;C:\ProgramData\DockerDesktop\version-bin;C:\Program Files\Azure Data Studio\bin;C:\Program Files\Microsoft SQL Server\Client SDK\ODBC\170\Tools\Binn\;C:\Program Files (x86)\Microsoft SQL Server\150\Tools\Binn\;C:\Program Files\Microsoft SQL Server\150\Tools\Binn\;C:\Program Files\Microsoft SQL Server\150\DTS\Binn\;C:\Program Files (x86)\Microsoft SQL Server\150\DTS\Binn\;C:\Program Files (x86)\Ghdl\Bin;C:\Program Files\Git\cmd;C:\Users\germa\AppData\Local\Programs\Python\Python310\Scripts\;C:\Users\germa\AppData\Local\Programs\Python\Python310\;C:\Users\germa\AppData\Local\Microsoft\WindowsApps;C:\Users\germa\AppData\Local\Programs\MiKTeX\miktex\bin\x64\;C:\Users\germa\.dotnet\tools;C:\Users\germa\AppData\Local\Programs\Microsoft VS Code\bin;C:\eda\Ghdl\bin;C:\eda\gtkwave\bin
208 [4392] INFO perfrun.mrte <> - COR_ENABLE_PROFILING=1
208 [4392] INFO perfrun.mrte <> - COR_PROFILER={AA5E4821-E3B1-479c-B7FF-5AD047D22CED}
208 [4392] INFO perfrun.mrte <> - COMPLUS_ProfAPI_ProfilerCompatibilitySetting=EnableV2Profiler
208 [4392] INFO perfrun.mrte <> - CORECLR_ENABLE_PROFILING=1
208 [4392] INFO perfrun.mrte <> - CORECLR_PROFILER={AA5E4821-E3B1-479c-B7FF-5AD047D22CED}
208 [4392] INFO perfrun.mrte <> - CORECLR_PROFILER_PATH=C:\Program Files (x86)\Intel\oneAPI\vtune\2023.0.0\bin64/amplxe_samplingmrte_clrprof_1.0.dll
208 [4392] INFO perfrun.mrte <> - INTEL_MRTE_PROFILER_MODE=mixed
208 [4392] INFO perfrun.mrte <> - Data directory: C:\Users\germa\source\repos\Project3\Project3\VTune Profiler Results\Project3\r046ps\data.0
208 [4392] INFO perfrun.mrte <> - Mrte plugin is initialized
208 [4392] INFO perfrun.launcher <> - plugin [cuscol] was disabled because it doesn't support the given collection type.
208 [4392] INFO perfrun.launcher <> - plugin [stdsrc] was disabled because it doesn't support the given collection type.
208 [4392] INFO perfrun.launcher <> - plugin [sep] was disabled because it doesn't support the given collection type.
208 [4392] INFO perfrun.launcher <> - plugin [vtsspp] was disabled because it doesn't support the given collection type.
208 [4392] INFO perfrun.launcher <> - plugin [] was disabled because it doesn't support the given collection type.
208 [4392] INFO perfrun.launcher <> - plugin [aoclprofile] was disabled because it doesn't support the given collection type.
208 [4392] INFO perfrun.tpss <> - initialize tpss controller
208 [4392] INFO perfrun.launcher <> - plugin [tpss] was disabled because it doesn't support the given collection type.
208 [4392] INFO perfrun.launcher <> - plugin [] was disabled because it doesn't support the given collection type.
208 [4392] INFO perfrun.launcher <> - plugin [] was disabled because it doesn't support the given collection type.
208 [4392] INFO perfrun.launcher <> - plugin [] was disabled because it doesn't support the given collection type.
208 [4392] INFO perfrun.launcher <> - plugin [] was disabled because it doesn't support the given collection type.
208 [4392] INFO perfrun.launcher <> - plugin [power] was disabled because it doesn't support the given collection type.
208 [4392] INFO perfrun.launcher <> - plugin [hwloc] was disabled because it doesn't support the given collection type.
208 [4392] INFO perfrun.launcher <> - plugin [ipmwatch] was disabled because it doesn't support the given collection type.
208 [4392] INFO perfrun.launcher <> - plugin [os_counters] was disabled because it doesn't support the given collection type.
208 [4392] INFO perfrun.launcher <> - plugin [l0_metrics] was disabled because it doesn't support the given collection type.
209 [32964] INFO perfrun.launcher <> - set environment variable: INTEL_MRTE_DATA_DIR = C:\Users\germa\source\repos\Project3\Project3\VTune Profiler Results\Project3\r046ps\data.0
209 [32964] INFO perfrun.launcher <> - set environment variable: INTEL_MRTE_HOST_NAME = DESKTOP-JB6HC7R
209 [32964] INFO perfrun.launcher <> - set environment variable: JAVA_TOOL_OPTIONS = -agentlib:amplxe_samplingmrte_javaprof_1.0
210 [32964] INFO perfrun.launcher <> - set environment variable: PATH = C:\Program Files (x86)\Intel\oneAPI\vtune\2023.0.0\bin32\runtime;C:\Program Files (x86)\Intel\oneAPI\vtune\2023.0.0\bin64\runtime;C:\ProgramData\Oracle\Java\javapath;C:\Windows\system32;C:\Windows;C:\Windows\System32\Wbem;C:\Windows\System32\WindowsPowerShell\v1.0\;C:\Windows\System32\OpenSSH\;C:\Program Files\NVIDIA Corporation\NVIDIA NvDLISR;C:\Program Files (x86)\NVIDIA Corporation\PhysX\Common;D:\MATLAB\bin;C:\Program Files\PuTTY\;C:\Program Files\dotnet\;C:\Program Files\ibm\gsk8\lib64;C:\Program Files (x86)\ibm\gsk8\lib;C:\WINDOWS\system32;C:\WINDOWS;C:\WINDOWS\System32\Wbem;C:\WINDOWS\System32\WindowsPowerShell\v1.0\;C:\WINDOWS\System32\OpenSSH\;C:\Program Files\Docker\Docker\resources\bin;C:\ProgramData\DockerDesktop\version-bin;C:\Program Files\Azure Data Studio\bin;C:\Program Files\Microsoft SQL Server\Client SDK\ODBC\170\Tools\Binn\;C:\Program Files (x86)\Microsoft SQL Server\150\Tools\Binn\;C:\Program Files\Microsoft SQL Server\150\Tools\Binn\;C:\Program Files\Microsoft SQL Server\150\DTS\Binn\;C:\Program Files (x86)\Microsoft SQL Server\150\DTS\Binn\;C:\Program Files (x86)\Ghdl\Bin;C:\Program Files\Git\cmd;C:\Users\germa\AppData\Local\Programs\Python\Python310\Scripts\;C:\Users\germa\AppData\Local\Programs\Python\Python310\;C:\Users\germa\AppData\Local\Microsoft\WindowsApps;C:\Users\germa\AppData\Local\Programs\MiKTeX\miktex\bin\x64\;C:\Users\germa\.dotnet\tools;C:\Users\germa\AppData\Local\Programs\Microsoft VS Code\bin;C:\eda\Ghdl\bin;C:\eda\gtkwave\bin
210 [32964] INFO perfrun.launcher <> - set environment variable: COR_ENABLE_PROFILING = 1
210 [32964] INFO perfrun.launcher <> - set environment variable: COR_PROFILER = {AA5E4821-E3B1-479c-B7FF-5AD047D22CED}
210 [32964] INFO perfrun.launcher <> - set environment variable: COMPLUS_ProfAPI_ProfilerCompatibilitySetting = EnableV2Profiler
210 [32964] INFO perfrun.launcher <> - set environment variable: CORECLR_ENABLE_PROFILING = 1
210 [32964] INFO perfrun.launcher <> - set environment variable: CORECLR_PROFILER = {AA5E4821-E3B1-479c-B7FF-5AD047D22CED}
210 [32964] INFO perfrun.launcher <> - set environment variable: CORECLR_PROFILER_PATH = C:\Program Files (x86)\Intel\oneAPI\vtune\2023.0.0\bin64/amplxe_samplingmrte_clrprof_1.0.dll
210 [32964] INFO perfrun.launcher <> - set environment variable: INTEL_MRTE_PROFILER_MODE = mixed
211 [32964] INFO perfrun.launcher <> - RpcServer: run RPC server to handle requests
216 [32964] INFO perfrun.sdk <> - IProcessUtil: the given executable 'C:\Users\germa\source\repos\Project3\Debug\Project3.exe' is valid.
216 [32964] INFO perfrun.launcher <> - Launcher: command line to start before modification = C:\Users\germa\source\repos\Project3\Debug\Project3.exe
216 [32964] INFO perfrun.launcher <> - Launcher: command line to start after modification = C:\Users\germa\source\repos\Project3\Debug\Project3.exe
216 [32964] INFO perfrun.launcher <> - ProcessCreator object was created
218 [32964] INFO perfrun.launcher <> - Launcher: the process was started in suspend mode
218 [4392] INFO perfrun.launcher <> - Messenger::say: Peak bandwidth measurement started.
4394 [4392] INFO perfrun.launcher <> - Messenger::say: Peak bandwidth measurement finished.
4398 [4392] INFO perfrun.sdk <> - Allocating TMU :C:\Users\germa\source\repos\Project3\Project3\VTune Profiler Results\Project3\r046ps\data.0\gen_metrics0_0_2_0_0.0.cfg
4399 [4392] INFO perfrun.sdk <> - De-allocating TMU: C:\Users\germa\source\repos\Project3\Project3\VTune Profiler Results\Project3\r046ps\data.0\gen_metrics0_0_2_0_0.0.cfg
4423 [4392] INFO perfrun.gpu <> - GPU counting mode: initialization successful
4424 [4392] INFO perfrun.gpu <> - Creating main data processing loop
4424 [15204] INFO perfrun.sdk <> - Allocating TMU :C:\Users\germa\source\repos\Project3\Project3\VTune Profiler Results\Project3\r046ps\data.0\gen_metrics0_0_2_0_0.0.vtss
4425 [15204] INFO perfrun.gpu <> - IO stream opening, timer period: 1000000, buffer size: 0 subDevice 0 tile 0
4425 [4392] INFO perfrun.sdk <> - runCmd: "C:\Program Files (x86)\Intel\oneAPI\vtune\2023.0.0\bin64\emon.exe" -M
4427 [15204] INFO perfrun.gpu <> - IO stream opened, timer period: 682666, buffer size: 16777216
4427 [4392] INFO perfrun.sdk <> - runCmd started PID 39172
4467 [4392] INFO perfrun.sdk <> - runCmd: "C:\Program Files (x86)\Intel\oneAPI\vtune\2023.0.0\bin64\emon.exe" -v
4468 [4392] INFO perfrun.sdk <> - runCmd started PID 22136
4525 [4392] INFO perfrun.sdk <> - runCmd: "C:\Program Files (x86)\Intel\oneAPI\vtune\2023.0.0\bin64\sep.exe" -dry-run -ec CPU_CLK_UNHALTED.THREAD:sa=2800000,CPU_CLK_UNHALTED.REF_TSC:sample:sa=2800000,INST_RETIRED.ANY:sample:sa=2800000,CPU_CLK_UNHALTED.DISTRIBUTED:sa=2800000,TOPDOWN.SLOTS:sample:sa=2000003,UOPS_RETIRED.SLOTS:sample:sa=2000003,FP_ARITH_INST_RETIRED.SCALAR_SINGLE:sa=2000003,FP_ARITH_INST_RETIRED.128B_PACKED_SINGLE:sa=2000003,FP_ARITH_INST_RETIRED.256B_PACKED_SINGLE:sa=2000003,FP_ARITH_INST_RETIRED.SCALAR_DOUBLE:sa=2000003,FP_ARITH_INST_RETIRED.128B_PACKED_DOUBLE:sa=2000003,FP_ARITH_INST_RETIRED.256B_PACKED_DOUBLE:sa=2000003,UOPS_EXECUTED.X87:sa=2000003,UOPS_EXECUTED.THREAD:sa=2000003,FP_ARITH_INST_RETIRED.512B_PACKED_DOUBLE:sa=2000003,FP_ARITH_INST_RETIRED.512B_PACKED_SINGLE:sa=2000003,CPU_CLK_UNHALTED.THREAD_P,CYCLE_ACTIVITY.STALLS_L1D_MISS,CYCLE_ACTIVITY.STALLS_L2_MISS,CYCLE_ACTIVITY.STALLS_L3_MISS,CYCLE_ACTIVITY.STALLS_MEM_ANY,CYCLE_ACTIVITY.STALLS_TOTAL,EXE_ACTIVITY.1_PORTS_UTIL,EXE_ACTIVITY.2_PORTS_UTIL,EXE_ACTIVITY.BOUND_ON_STORES,FRONTEND_RETIRED.LATENCY_GE_4,IDQ_UOPS_NOT_DELIVERED.CORE,INT_MISC.RECOVERY_CYCLES:cmask=1:e=yes,INT_MISC.UOP_DROPPING,L1D_PEND_MISS.FB_FULL_PERIODS,MEM_LOAD_RETIRED.FB_HIT,MEM_LOAD_RETIRED.L1_HIT,MEM_LOAD_RETIRED.L1_MISS,MEM_LOAD_RETIRED.L2_HIT,MEM_LOAD_RETIRED.L3_HIT,MEM_LOAD_RETIRED.L3_MISS,OFFCORE_REQUESTS_OUTSTANDING.ALL_DATA_RD:cmask=4,OFFCORE_REQUESTS_OUTSTANDING.CYCLES_WITH_DATA_RD,TOPDOWN.BACKEND_BOUND_SLOTS,MEM_INST_RETIRED.ALL_STORES:sa=100003,MEM_INST_RETIRED.ALL_LOADS:sa=100003,UNC_IMC_DRAM_DATA_READS,UNC_IMC_DRAM_DATA_WRITES -experimental
4527 [4392] INFO perfrun.sdk <> - runCmd started PID 34712
4589 [4392] INFO perfrun.sdk <> - runCmd: "C:\Program Files (x86)\Intel\oneAPI\vtune\2023.0.0\bin64\emon.exe" -u -t 0.010 -l0 -A -C CPU_CLK_UNHALTED.DISTRIBUTED,CPU_CLK_UNHALTED.REF_TSC,CPU_CLK_UNHALTED.THREAD,CPU_CLK_UNHALTED.THREAD_P,CYCLE_ACTIVITY.STALLS_L1D_MISS,CYCLE_ACTIVITY.STALLS_L2_MISS,CYCLE_ACTIVITY.STALLS_L3_MISS,CYCLE_ACTIVITY.STALLS_MEM_ANY,CYCLE_ACTIVITY.STALLS_TOTAL,EXE_ACTIVITY.1_PORTS_UTIL,EXE_ACTIVITY.2_PORTS_UTIL,EXE_ACTIVITY.BOUND_ON_STORES,FP_ARITH_INST_RETIRED.128B_PACKED_DOUBLE,FP_ARITH_INST_RETIRED.128B_PACKED_SINGLE,FP_ARITH_INST_RETIRED.256B_PACKED_DOUBLE,FP_ARITH_INST_RETIRED.256B_PACKED_SINGLE,FP_ARITH_INST_RETIRED.512B_PACKED_DOUBLE,FP_ARITH_INST_RETIRED.512B_PACKED_SINGLE,FP_ARITH_INST_RETIRED.SCALAR_DOUBLE,FP_ARITH_INST_RETIRED.SCALAR_SINGLE,FRONTEND_RETIRED.LATENCY_GE_4,IDQ_UOPS_NOT_DELIVERED.CORE,INST_RETIRED.ANY,INT_MISC.RECOVERY_CYCLES:c1:e1,INT_MISC.UOP_DROPPING,L1D_PEND_MISS.FB_FULL_PERIODS,MEM_INST_RETIRED.ALL_LOADS,MEM_INST_RETIRED.ALL_STORES,MEM_LOAD_RETIRED.FB_HIT,MEM_LOAD_RETIRED.L1_HIT,MEM_LOAD_RETIRED.L1_MISS,MEM_LOAD_RETIRED.L2_HIT,MEM_LOAD_RETIRED.L3_HIT,MEM_LOAD_RETIRED.L3_MISS,OFFCORE_REQUESTS_OUTSTANDING.ALL_DATA_RD:c4,OFFCORE_REQUESTS_OUTSTANDING.CYCLES_WITH_DATA_RD,TOPDOWN.BACKEND_BOUND_SLOTS,TOPDOWN.SLOTS,UNC_IMC_DRAM_DATA_READS,UNC_IMC_DRAM_DATA_WRITES,UOPS_EXECUTED.THREAD,UOPS_EXECUTED.X87,UOPS_RETIRED.SLOTS -f "C:\Users\germa\source\repos\Project3\Project3\VTune Profiler Results\Project3\r046ps\data.0\emon.0.emon" -experimental
4591 [4392] INFO perfrun.sdk <> - runCmd started PID 9844
4591 [4392] INFO perfrun.emon <> - Waiting trace file creation: C:\Users\germa\source\repos\Project3\Project3\VTune Profiler Results\Project3\r046ps\data.0\emon.0.emon
4796 [4392] INFO perfrun.emon <> - trace file was found
4796 [32964] INFO perfrun.launcher <> - Launcher: all plugins were started
4796 [32964] INFO perfrun.launcher <> - DirectoryMonitor object was created
4796 [32964] INFO perfrun.launcher <> - DirectoryMonitor: a callback was added
4796 [32964] INFO perfrun.launcher <> - DirectoryMonitor was started with pingTime = 1000
4796 [32964] INFO perfrun.launcher <> - DeadlineTimer is going to be constructed
4796 [32964] INFO perfrun.launcher <> - DeadlineTimer: a callback was added
4805 [32964] INFO perfrun.launcher <> - Launcher: resume the profiled application and  wait its termination or stop command
4937 [15204] INFO perfrun.gpu <> - Next report we'll be handling the low-power state
4937 [15204] INFO perfrun.gpu <> - Entered handling of low-power state
6940 [32964] INFO perfrun.launcher <> - Launcher: the profiled application was terminated  with exit code = 0
6945 [4392] INFO perfrun.gpu <> - Waiting for data collection thread to finish
6953 [15204] INFO perfrun.gpu <> - Writing dual vector buffer
6953 [15204] INFO perfrun.sdk <> - De-allocating TMU: C:\Users\germa\source\repos\Project3\Project3\VTune Profiler Results\Project3\r046ps\data.0\gen_metrics0_0_2_0_0.0.vtss
6969 [15204] INFO perfrun.gpu <> - Data collection routine finished
6973 [4392] INFO perfrun.gpu <> - Data collection thread finished, shutting down the session
6973 [4392] INFO perfrun.sdk <> - runCmd: "C:\Program Files (x86)\Intel\oneAPI\vtune\2023.0.0\bin64\emon.exe" -stop
6975 [4392] INFO perfrun.sdk <> - runCmd started PID 28188
7154 [4392] INFO perfrun.emon <> - EMON collector successfully stopped.

7154 [4392] INFO perfrun.emon <> - Waiting for main Emon process (9844) to finish...
7154 [4392] INFO perfrun.emon <> - Main Emon process finished
7154 [4392] INFO perfrun.sdk <> - De-allocating TMU: C:\Users\germa\source\repos\Project3\Project3\VTune Profiler Results\Project3\r046ps\data.0\systemcollector-42212-DESKTOP-JB6HC7R.sc
7170 [4392] INFO perfrun.system <> - closed the system trace file: C:\Users\germa\source\repos\Project3\Project3\VTune Profiler Results\Project3\r046ps\data.0\systemcollector-42212-DESKTOP-JB6HC7R.sc
7170 [32964] INFO perfrun.launcher <> - Launcher: all plugins were stopped.
7170 [32964] INFO perfrun.launcher <> - DeadlineTimer is going to be destroyed
7171 [32964] INFO perfrun.launcher <> - DeadlineTimer was destroyed
7171 [32964] INFO perfrun.launcher <> - DirectoryMonitor object was destroyed
7171 [32964] WARN perfrun.launcher <> - Stop command is ignored because it is received when collection is already stopped, at file: C:\BB\ANphep2w6r\b\tmp2iy5aj\vcs\perfrun1\launcher\src\command_handler.cpp:226
7173 [32964] INFO perfrun.launcher <> - Application exit code: 0
7173 [32964] INFO perfrun.launcher <> - Exit code: 0
