72 [22004] INFO perfrun.launcher <> - Launcher main begin
78 [22004] INFO perfrun.launcher <> - MessageCatalogInit finished
78 [22004] INFO perfrun.launcher <> - Launcher instance created
78 [22004] INFO perfrun.launcher <> - argc = 7; cmdline = C:\Program Files (x86)\Intel\oneAPI\vtune\2023.0.0\bin64\amplxe-runss.exe --ui-output-format xml --ui-output-fd 1312 --option-file C:\Users\germa\source\repos\Project3\Project3\VTune Profiler Results\Project3\r057hs\config\runss.options 
101 [22004] INFO perfrun.launcher <> - New signal handler callback was added
153 [22004] INFO perfrun.launcher <> - create msngr2::ICliToolContext
154 [22004] INFO perfrun.launcher <> - create file finder object
158 [22004] INFO perfrun.launcher <> - create a result directory: pattern = C:\Users\germa\source\repos\Project3\Project3\VTune Profiler Results\Project3\r057hs pid = 4294967295
164 [22004] INFO perfrun.launcher <> - create data directory = C:\Users\germa\source\repos\Project3\Project3\VTune Profiler Results\Project3\r057hs\data.0
166 [22004] INFO perfrun.launcher <> - Creating the master collection flag
174 [22004] INFO perfrun.launcher <> - Done creating the master collection flag
176 [21248] INFO perfrun.launcher <> - plugin [remoteplug] was disabled because it doesn't support the given collection type.
182 [21248] INFO perfrun.sdk <> - Allocating TMU :C:\Users\germa\source\repos\Project3\Project3\VTune Profiler Results\Project3\r057hs\data.0\systemcollector-22000-DESKTOP-JB6HC7R.sc
183 [21248] INFO perfrun.launcher <> - plugin [] was disabled because it doesn't support the given collection type.
188 [21248] INFO perfrun.launcher <> - plugin [] was disabled because it doesn't support the given collection type.
188 [21248] INFO perfrun.launcher <> - plugin [gpu] was disabled because it doesn't support the given collection type.
188 [21248] INFO perfrun.launcher <> - plugin [etw.kernel] was disabled because it doesn't support the given collection type.
189 [21248] INFO perfrun.launcher <> - plugin [etw.dx] was disabled because it doesn't support the given collection type.
190 [21248] INFO perfrun.launcher <> - plugin [etw.wsa] was disabled because it doesn't support the given collection type.
192 [21248] INFO perfrun.mrte <> - system-wide mode is 0
193 [21248] INFO perfrun.mrte <> - Getting  mrte profiling environment ...
361 [21248] INFO perfrun.mrte <> - INTEL_MRTE_DATA_DIR=C:\Users\germa\source\repos\Project3\Project3\VTune Profiler Results\Project3\r057hs\data.0
361 [21248] INFO perfrun.mrte <> - INTEL_MRTE_HOST_NAME=DESKTOP-JB6HC7R
361 [21248] INFO perfrun.mrte <> - JAVA_TOOL_OPTIONS=-agentlib:amplxe_tpssmrte_javaprof_1.0
361 [21248] INFO perfrun.mrte <> - PATH=C:\Program Files (x86)\Intel\oneAPI\vtune\2023.0.0\bin32\runtime;C:\Program Files (x86)\Intel\oneAPI\vtune\2023.0.0\bin64\runtime;C:\ProgramData\Oracle\Java\javapath;C:\Windows\system32;C:\Windows;C:\Windows\System32\Wbem;C:\Windows\System32\WindowsPowerShell\v1.0\;C:\Windows\System32\OpenSSH\;C:\Program Files\NVIDIA Corporation\NVIDIA NvDLISR;C:\Program Files (x86)\NVIDIA Corporation\PhysX\Common;D:\MATLAB\bin;C:\Program Files\PuTTY\;C:\Program Files\dotnet\;C:\Program Files\ibm\gsk8\lib64;C:\Program Files (x86)\ibm\gsk8\lib;C:\WINDOWS\system32;C:\WINDOWS;C:\WINDOWS\System32\Wbem;C:\WINDOWS\System32\WindowsPowerShell\v1.0\;C:\WINDOWS\System32\OpenSSH\;C:\Program Files\Docker\Docker\resources\bin;C:\ProgramData\DockerDesktop\version-bin;C:\Program Files\Azure Data Studio\bin;C:\Program Files\Microsoft SQL Server\Client SDK\ODBC\170\Tools\Binn\;C:\Program Files (x86)\Microsoft SQL Server\150\Tools\Binn\;C:\Program Files\Microsoft SQL Server\150\Tools\Binn\;C:\Program Files\Microsoft SQL Server\150\DTS\Binn\;C:\Program Files (x86)\Microsoft SQL Server\150\DTS\Binn\;C:\Program Files (x86)\Ghdl\Bin;C:\Program Files\Git\cmd;C:\Users\germa\AppData\Local\Programs\Python\Python310\Scripts\;C:\Users\germa\AppData\Local\Programs\Python\Python310\;C:\Users\germa\AppData\Local\Microsoft\WindowsApps;C:\Users\germa\AppData\Local\Programs\MiKTeX\miktex\bin\x64\;C:\Users\germa\.dotnet\tools;C:\Users\germa\AppData\Local\Programs\Microsoft VS Code\bin;C:\eda\Ghdl\bin;C:\eda\gtkwave\bin
361 [21248] INFO perfrun.mrte <> - COR_ENABLE_PROFILING=1
361 [21248] INFO perfrun.mrte <> - COR_PROFILER={AA5E4821-E3B1-479c-B7FF-5AD047D22CED}
361 [21248] INFO perfrun.mrte <> - COMPLUS_ProfAPI_ProfilerCompatibilitySetting=EnableV2Profiler
361 [21248] INFO perfrun.mrte <> - CORECLR_ENABLE_PROFILING=1
361 [21248] INFO perfrun.mrte <> - CORECLR_PROFILER={AA5E4821-E3B1-479c-B7FF-5AD047D22CED}
361 [21248] INFO perfrun.mrte <> - CORECLR_PROFILER_PATH=C:\Program Files (x86)\Intel\oneAPI\vtune\2023.0.0\bin64/amplxe_samplingmrte_clrprof_1.0.dll
361 [21248] INFO perfrun.mrte <> - INTEL_MRTE_PROFILER_MODE=mixed
362 [21248] INFO perfrun.mrte <> - Data directory: C:\Users\germa\source\repos\Project3\Project3\VTune Profiler Results\Project3\r057hs\data.0
362 [21248] INFO perfrun.mrte <> - Mrte plugin is initialized
365 [21248] INFO perfrun.launcher <> - plugin [cuscol] was disabled because it doesn't support the given collection type.
366 [21248] INFO perfrun.launcher <> - plugin [stdsrc] was disabled because it doesn't support the given collection type.
367 [21248] INFO perfrun.launcher <> - plugin [sep] was disabled because it doesn't support the given collection type.
368 [21248] INFO perfrun.launcher <> - plugin [vtsspp] was disabled because it doesn't support the given collection type.
368 [21248] INFO perfrun.launcher <> - plugin [] was disabled because it doesn't support the given collection type.
368 [21248] INFO perfrun.launcher <> - plugin [aoclprofile] was disabled because it doesn't support the given collection type.
369 [21248] INFO perfrun.tpss <> - initialize tpss controller
370 [21248] INFO perfrun.tpss <> - configure collection mode: value = cpu:counters:nostack
374 [21248] INFO perfrun.tpss <> - configure collection mode: value = cpu:stack
374 [21248] INFO perfrun.tpss <> - default obj-size-min=1024
374 [21248] INFO perfrun.tpss <> - default hash-table-size=0
377 [21248] INFO perfrun.launcher <> - plugin [] was disabled because it doesn't support the given collection type.
377 [21248] INFO perfrun.launcher <> - plugin [] was disabled because it doesn't support the given collection type.
377 [21248] INFO perfrun.launcher <> - plugin [] was disabled because it doesn't support the given collection type.
377 [21248] INFO perfrun.launcher <> - plugin [] was disabled because it doesn't support the given collection type.
377 [21248] INFO perfrun.launcher <> - plugin [power] was disabled because it doesn't support the given collection type.
378 [21248] INFO perfrun.launcher <> - plugin [hwloc] was disabled because it doesn't support the given collection type.
378 [21248] INFO perfrun.launcher <> - plugin [ipmwatch] was disabled because it doesn't support the given collection type.
378 [21248] INFO perfrun.launcher <> - plugin [os_counters] was disabled because it doesn't support the given collection type.
379 [21248] INFO perfrun.launcher <> - plugin [l0_metrics] was disabled because it doesn't support the given collection type.
379 [22004] INFO perfrun.launcher <> - set environment variable: PATH = C:\Program Files (x86)\Intel\oneAPI\vtune\2023.0.0\bin32\runtime;C:\Program Files (x86)\Intel\oneAPI\vtune\2023.0.0\bin64\runtime;C:\ProgramData\Oracle\Java\javapath;C:\Windows\system32;C:\Windows;C:\Windows\System32\Wbem;C:\Windows\System32\WindowsPowerShell\v1.0\;C:\Windows\System32\OpenSSH\;C:\Program Files\NVIDIA Corporation\NVIDIA NvDLISR;C:\Program Files (x86)\NVIDIA Corporation\PhysX\Common;D:\MATLAB\bin;C:\Program Files\PuTTY\;C:\Program Files\dotnet\;C:\Program Files\ibm\gsk8\lib64;C:\Program Files (x86)\ibm\gsk8\lib;C:\WINDOWS\system32;C:\WINDOWS;C:\WINDOWS\System32\Wbem;C:\WINDOWS\System32\WindowsPowerShell\v1.0\;C:\WINDOWS\System32\OpenSSH\;C:\Program Files\Docker\Docker\resources\bin;C:\ProgramData\DockerDesktop\version-bin;C:\Program Files\Azure Data Studio\bin;C:\Program Files\Microsoft SQL Server\Client SDK\ODBC\170\Tools\Binn\;C:\Program Files (x86)\Microsoft SQL Server\150\Tools\Binn\;C:\Program Files\Microsoft SQL Server\150\Tools\Binn\;C:\Program Files\Microsoft SQL Server\150\DTS\Binn\;C:\Program Files (x86)\Microsoft SQL Server\150\DTS\Binn\;C:\Program Files (x86)\Ghdl\Bin;C:\Program Files\Git\cmd;C:\Users\germa\AppData\Local\Programs\Python\Python310\Scripts\;C:\Users\germa\AppData\Local\Programs\Python\Python310\;C:\Users\germa\AppData\Local\Microsoft\WindowsApps;C:\Users\germa\AppData\Local\Programs\MiKTeX\miktex\bin\x64\;C:\Users\germa\.dotnet\tools;C:\Users\germa\AppData\Local\Programs\Microsoft VS Code\bin;C:\eda\Ghdl\bin;C:\eda\gtkwave\bin
379 [22004] INFO perfrun.launcher <> - set environment variable: INTEL_LIBITTNOTIFY32 = C:\Program Files (x86)\Intel\oneAPI\vtune\2023.0.0\bin32\runtime\ittnotify_collector.dll
380 [22004] INFO perfrun.launcher <> - set environment variable: INTEL_LIBITTNOTIFY64 = C:\Program Files (x86)\Intel\oneAPI\vtune\2023.0.0\bin64\runtime\ittnotify_collector.dll
380 [22004] INFO perfrun.launcher <> - set environment variable: INTEL_ITTNOTIFY_GROUPS = 
380 [22004] INFO perfrun.launcher <> - set environment variable: INTEL_JIT_PROFILER32 = C:\Program Files (x86)\Intel\oneAPI\vtune\2023.0.0\bin32\runtime\ittnotify_collector.dll
380 [22004] INFO perfrun.launcher <> - set environment variable: INTEL_JIT_PROFILER64 = C:\Program Files (x86)\Intel\oneAPI\vtune\2023.0.0\bin64\runtime\ittnotify_collector.dll
380 [22004] INFO perfrun.launcher <> - set environment variable: OMP_TOOL_LIBRARIES = C:\Program Files (x86)\Intel\oneAPI\vtune\2023.0.0\bin32\runtime\ittnotify_collector.dll;C:\Program Files (x86)\Intel\oneAPI\vtune\2023.0.0\bin64\runtime\ittnotify_collector.dll
380 [22004] INFO perfrun.launcher <> - set environment variable: ENABLE_JITPROFILING = 1
380 [22004] INFO perfrun.launcher <> - set environment variable: CL_CONFIG_USE_VTUNE = True
380 [22004] INFO perfrun.launcher <> - set environment variable: KMP_FORKJOIN_FRAMES = 0
380 [22004] INFO perfrun.launcher <> - set environment variable: KMP_FORKJOIN_FRAMES_MODE = 0
380 [22004] INFO perfrun.launcher <> - set environment variable: OMP_TOOL = disabled
380 [22004] INFO perfrun.launcher <> - set environment variable: INTEL_MRTE_DATA_DIR = C:\Users\germa\source\repos\Project3\Project3\VTune Profiler Results\Project3\r057hs\data.0
380 [22004] INFO perfrun.launcher <> - set environment variable: INTEL_MRTE_HOST_NAME = DESKTOP-JB6HC7R
380 [22004] INFO perfrun.launcher <> - set environment variable: JAVA_TOOL_OPTIONS = -agentlib:amplxe_tpssmrte_javaprof_1.0
380 [22004] INFO perfrun.launcher <> - set environment variable: PATH = C:\Program Files (x86)\Intel\oneAPI\vtune\2023.0.0\bin32\runtime;C:\Program Files (x86)\Intel\oneAPI\vtune\2023.0.0\bin64\runtime;C:\ProgramData\Oracle\Java\javapath;C:\Windows\system32;C:\Windows;C:\Windows\System32\Wbem;C:\Windows\System32\WindowsPowerShell\v1.0\;C:\Windows\System32\OpenSSH\;C:\Program Files\NVIDIA Corporation\NVIDIA NvDLISR;C:\Program Files (x86)\NVIDIA Corporation\PhysX\Common;D:\MATLAB\bin;C:\Program Files\PuTTY\;C:\Program Files\dotnet\;C:\Program Files\ibm\gsk8\lib64;C:\Program Files (x86)\ibm\gsk8\lib;C:\WINDOWS\system32;C:\WINDOWS;C:\WINDOWS\System32\Wbem;C:\WINDOWS\System32\WindowsPowerShell\v1.0\;C:\WINDOWS\System32\OpenSSH\;C:\Program Files\Docker\Docker\resources\bin;C:\ProgramData\DockerDesktop\version-bin;C:\Program Files\Azure Data Studio\bin;C:\Program Files\Microsoft SQL Server\Client SDK\ODBC\170\Tools\Binn\;C:\Program Files (x86)\Microsoft SQL Server\150\Tools\Binn\;C:\Program Files\Microsoft SQL Server\150\Tools\Binn\;C:\Program Files\Microsoft SQL Server\150\DTS\Binn\;C:\Program Files (x86)\Microsoft SQL Server\150\DTS\Binn\;C:\Program Files (x86)\Ghdl\Bin;C:\Program Files\Git\cmd;C:\Users\germa\AppData\Local\Programs\Python\Python310\Scripts\;C:\Users\germa\AppData\Local\Programs\Python\Python310\;C:\Users\germa\AppData\Local\Microsoft\WindowsApps;C:\Users\germa\AppData\Local\Programs\MiKTeX\miktex\bin\x64\;C:\Users\germa\.dotnet\tools;C:\Users\germa\AppData\Local\Programs\Microsoft VS Code\bin;C:\eda\Ghdl\bin;C:\eda\gtkwave\bin
380 [22004] INFO perfrun.launcher <> - set environment variable: COR_ENABLE_PROFILING = 1
380 [22004] INFO perfrun.launcher <> - set environment variable: COR_PROFILER = {AA5E4821-E3B1-479c-B7FF-5AD047D22CED}
380 [22004] INFO perfrun.launcher <> - set environment variable: COMPLUS_ProfAPI_ProfilerCompatibilitySetting = EnableV2Profiler
380 [22004] INFO perfrun.launcher <> - set environment variable: CORECLR_ENABLE_PROFILING = 1
381 [22004] INFO perfrun.launcher <> - set environment variable: CORECLR_PROFILER = {AA5E4821-E3B1-479c-B7FF-5AD047D22CED}
381 [22004] INFO perfrun.launcher <> - set environment variable: CORECLR_PROFILER_PATH = C:\Program Files (x86)\Intel\oneAPI\vtune\2023.0.0\bin64/amplxe_samplingmrte_clrprof_1.0.dll
381 [22004] INFO perfrun.launcher <> - set environment variable: INTEL_MRTE_PROFILER_MODE = mixed
385 [22004] INFO perfrun.launcher <> - RpcServer: run RPC server to handle requests
393 [22004] INFO perfrun.sdk <> - IProcessUtil: the given executable 'C:\Users\germa\source\repos\Project3\Debug\Project3.exe' is valid.
394 [22004] INFO perfrun.launcher <> - Launcher: command line to start before modification = C:\Users\germa\source\repos\Project3\Debug\Project3.exe
398 [22004] INFO perfrun.launcher <> - Launcher: command line to start after modification = C:\Program Files (x86)\Intel\oneAPI\vtune\2023.0.0\bin64\pin.exe -error_file C:\Users\germa\source\repos\Project3\Project3\VTune Profiler Results\Project3\r057hs\data.0\pinerr.tpsslog -detach_reattach -probe -follow_execv -p32 C:\Program Files (x86)\Intel\oneAPI\vtune\2023.0.0\bin32\pin.exe -p64 C:\Program Files (x86)\Intel\oneAPI\vtune\2023.0.0\bin64\pin.exe -t64 C:\Program Files (x86)\Intel\oneAPI\vtune\2023.0.0\bin64\tpsstool.dll -t C:\Program Files (x86)\Intel\oneAPI\vtune\2023.0.0\bin32\tpsstool.dll -server_name tpss_ipc.22000 -prd_dir C:\Program Files (x86)\Intel\oneAPI\vtune\2023.0.0 -- C:\Users\germa\source\repos\Project3\Debug\Project3.exe
400 [22004] INFO perfrun.launcher <> - ProcessCreator object was created
404 [22004] INFO perfrun.launcher <> - Launcher: the process was started in suspend mode
407 [21248] INFO perfrun.itt <> - start itt controller for pid #3488
411 [21248] INFO perfrun.sdk <> - runCmd: "C:\Program Files (x86)\Intel\oneAPI\vtune\2023.0.0\bin64\emon.exe" -M
414 [21248] INFO perfrun.sdk <> - runCmd started PID 21832
469 [21248] INFO perfrun.sdk <> - runCmd: "C:\Program Files (x86)\Intel\oneAPI\vtune\2023.0.0\bin64\emon.exe" -v
471 [21248] INFO perfrun.sdk <> - runCmd started PID 6304
528 [21248] INFO perfrun.sdk <> - runCmd: "C:\Program Files (x86)\Intel\oneAPI\vtune\2023.0.0\bin64\sep.exe" -dry-run -ec CPU_CLK_UNHALTED.THREAD,CPU_CLK_UNHALTED.REF_TSC:sample:sa=2800000,INST_RETIRED.ANY:sample:sa=2800000,CPU_CLK_UNHALTED.DISTRIBUTED,FP_ARITH_INST_RETIRED.SCALAR_SINGLE,FP_ARITH_INST_RETIRED.128B_PACKED_SINGLE,FP_ARITH_INST_RETIRED.256B_PACKED_SINGLE,FP_ARITH_INST_RETIRED.SCALAR_DOUBLE,FP_ARITH_INST_RETIRED.128B_PACKED_DOUBLE,FP_ARITH_INST_RETIRED.256B_PACKED_DOUBLE,UOPS_EXECUTED.X87,UOPS_RETIRED.SLOTS:sample:sa=2000003,UOPS_EXECUTED.THREAD,FP_ARITH_INST_RETIRED.512B_PACKED_DOUBLE,FP_ARITH_INST_RETIRED.512B_PACKED_SINGLE,TOPDOWN.SLOTS:sample:sa=2000003 -experimental
529 [21248] INFO perfrun.sdk <> - runCmd started PID 22032
587 [21248] INFO perfrun.sdk <> - runCmd: "C:\Program Files (x86)\Intel\oneAPI\vtune\2023.0.0\bin64\emon.exe" -u -t 0.050 -l0 -A -C CPU_CLK_UNHALTED.DISTRIBUTED,CPU_CLK_UNHALTED.REF_TSC,CPU_CLK_UNHALTED.THREAD,FP_ARITH_INST_RETIRED.128B_PACKED_DOUBLE,FP_ARITH_INST_RETIRED.128B_PACKED_SINGLE,FP_ARITH_INST_RETIRED.256B_PACKED_DOUBLE,FP_ARITH_INST_RETIRED.256B_PACKED_SINGLE,FP_ARITH_INST_RETIRED.512B_PACKED_DOUBLE,FP_ARITH_INST_RETIRED.512B_PACKED_SINGLE,FP_ARITH_INST_RETIRED.SCALAR_DOUBLE,FP_ARITH_INST_RETIRED.SCALAR_SINGLE,INST_RETIRED.ANY,TOPDOWN.SLOTS,UOPS_EXECUTED.THREAD,UOPS_EXECUTED.X87,UOPS_RETIRED.SLOTS -f "C:\Users\germa\source\repos\Project3\Project3\VTune Profiler Results\Project3\r057hs\data.0\emon.0.emon" -experimental
589 [21248] INFO perfrun.sdk <> - runCmd started PID 22052
589 [21248] INFO perfrun.emon <> - Waiting trace file creation: C:\Users\germa\source\repos\Project3\Project3\VTune Profiler Results\Project3\r057hs\data.0\emon.0.emon
792 [21248] INFO perfrun.emon <> - trace file was found
793 [21248] INFO perfrun.tpss <> - start tpss controller for pid #3488
854 [22004] INFO perfrun.launcher <> - Launcher: all plugins were started
857 [22004] INFO perfrun.launcher <> - DirectoryMonitor object was created
857 [22004] INFO perfrun.launcher <> - DirectoryMonitor: a callback was added
857 [22004] INFO perfrun.launcher <> - DirectoryMonitor was started with pingTime = 1000
857 [22004] INFO perfrun.launcher <> - DeadlineTimer is going to be constructed
860 [22004] INFO perfrun.launcher <> - DeadlineTimer: a callback was added
868 [22004] INFO perfrun.launcher <> - Launcher: resume the profiled application and  wait its termination or stop command
2719 [22004] INFO perfrun.launcher <> - Launcher: the profiled application was terminated  with exit code = 0
2733 [21248] INFO perfrun.itt <> - detach itt controller
2733 [21248] INFO perfrun.itt <> - detach itt controller done
2733 [21248] INFO perfrun.sdk <> - runCmd: "C:\Program Files (x86)\Intel\oneAPI\vtune\2023.0.0\bin64\emon.exe" -stop
2734 [21248] INFO perfrun.sdk <> - runCmd started PID 16956
2907 [21248] INFO perfrun.emon <> - EMON collector successfully stopped.

2907 [21248] INFO perfrun.emon <> - Waiting for main Emon process (22052) to finish...
2907 [21248] INFO perfrun.emon <> - Main Emon process finished
2907 [21248] INFO perfrun.tpss <> - stop tpss controller
2909 [21248] INFO perfrun.sdk <> - De-allocating TMU: C:\Users\germa\source\repos\Project3\Project3\VTune Profiler Results\Project3\r057hs\data.0\systemcollector-22000-DESKTOP-JB6HC7R.sc
2931 [21248] INFO perfrun.system <> - closed the system trace file: C:\Users\germa\source\repos\Project3\Project3\VTune Profiler Results\Project3\r057hs\data.0\systemcollector-22000-DESKTOP-JB6HC7R.sc
2931 [22004] INFO perfrun.launcher <> - Launcher: all plugins were stopped.
2931 [22004] INFO perfrun.launcher <> - DeadlineTimer is going to be destroyed
2932 [22004] INFO perfrun.launcher <> - DeadlineTimer was destroyed
2932 [22004] INFO perfrun.launcher <> - DirectoryMonitor object was destroyed
2932 [22004] WARN perfrun.launcher <> - Stop command is ignored because it is received when collection is already stopped, at file: C:\BB\ANphep2w6r\b\tmp2iy5aj\vcs\perfrun1\launcher\src\command_handler.cpp:226
2933 [22004] INFO perfrun.launcher <> - Application exit code: 0
2933 [22004] INFO perfrun.launcher <> - Exit code: 0
