67 [3592] INFO perfrun.launcher <> - Launcher main begin
71 [3592] INFO perfrun.launcher <> - MessageCatalogInit finished
71 [3592] INFO perfrun.launcher <> - Launcher instance created
71 [3592] INFO perfrun.launcher <> - argc = 7; cmdline = C:\Program Files (x86)\Intel\oneAPI\vtune\2023.0.0\bin64\amplxe-runss.exe --ui-output-format xml --ui-output-fd 1244 --option-file C:\Users\germa\source\repos\Project3\Project3\VTune Profiler Results\Project3\r049ps\config\runsa.options 
120 [3592] INFO perfrun.launcher <> - New signal handler callback was added
160 [3592] INFO perfrun.launcher <> - create msngr2::ICliToolContext
160 [3592] INFO perfrun.launcher <> - create file finder object
160 [3592] INFO perfrun.launcher <> - create a result directory: pattern = C:\Users\germa\source\repos\Project3\Project3\VTune Profiler Results\Project3\r049ps pid = 4294967295
165 [3592] INFO perfrun.launcher <> - create data directory = C:\Users\germa\source\repos\Project3\Project3\VTune Profiler Results\Project3\r049ps\data.0
165 [3592] INFO perfrun.launcher <> - Creating the master collection flag
173 [3592] INFO perfrun.launcher <> - Done creating the master collection flag
174 [20452] INFO perfrun.launcher <> - plugin [remoteplug] was disabled because it doesn't support the given collection type.
174 [20452] INFO perfrun.sdk <> - Allocating TMU :C:\Users\germa\source\repos\Project3\Project3\VTune Profiler Results\Project3\r049ps\data.0\systemcollector-16748-DESKTOP-JB6HC7R.sc
174 [20452] INFO perfrun.launcher <> - plugin [] was disabled because it doesn't support the given collection type.
174 [20452] INFO perfrun.launcher <> - plugin [itt] was disabled because it doesn't support the given collection type.
174 [20452] INFO perfrun.launcher <> - plugin [] was disabled because it doesn't support the given collection type.
174 [20452] INFO perfrun.gpu <> - Event consumer configurations: 
181 [20452] INFO perfrun.gpu <> - DeviceInfo: address 0:0:2.0 subdevice index 0 preset 2 sampling interval 1000us
181 [20452] INFO perfrun.gpu <> -  counting mode enabled
181 [20452] INFO perfrun.launcher <> - plugin [etw.kernel] was disabled because it doesn't support the given collection type.
181 [20452] INFO perfrun.launcher <> - plugin [etw.dx] was disabled because it doesn't support the given collection type.
181 [20452] INFO perfrun.launcher <> - plugin [etw.wsa] was disabled because it doesn't support the given collection type.
181 [20452] INFO perfrun.mrte <> - system-wide mode is 0
181 [20452] INFO perfrun.mrte <> - Getting  mrte profiling environment ...
200 [20452] INFO perfrun.mrte <> - INTEL_MRTE_DATA_DIR=C:\Users\germa\source\repos\Project3\Project3\VTune Profiler Results\Project3\r049ps\data.0
200 [20452] INFO perfrun.mrte <> - INTEL_MRTE_HOST_NAME=DESKTOP-JB6HC7R
200 [20452] INFO perfrun.mrte <> - JAVA_TOOL_OPTIONS=-agentlib:amplxe_samplingmrte_javaprof_1.0
200 [20452] INFO perfrun.mrte <> - PATH=C:\Program Files (x86)\Intel\oneAPI\vtune\2023.0.0\bin32\runtime;C:\Program Files (x86)\Intel\oneAPI\vtune\2023.0.0\bin64\runtime;C:\ProgramData\Oracle\Java\javapath;C:\Windows\system32;C:\Windows;C:\Windows\System32\Wbem;C:\Windows\System32\WindowsPowerShell\v1.0\;C:\Windows\System32\OpenSSH\;C:\Program Files\NVIDIA Corporation\NVIDIA NvDLISR;C:\Program Files (x86)\NVIDIA Corporation\PhysX\Common;D:\MATLAB\bin;C:\Program Files\PuTTY\;C:\Program Files\dotnet\;C:\Program Files\ibm\gsk8\lib64;C:\Program Files (x86)\ibm\gsk8\lib;C:\WINDOWS\system32;C:\WINDOWS;C:\WINDOWS\System32\Wbem;C:\WINDOWS\System32\WindowsPowerShell\v1.0\;C:\WINDOWS\System32\OpenSSH\;C:\Program Files\Docker\Docker\resources\bin;C:\ProgramData\DockerDesktop\version-bin;C:\Program Files\Azure Data Studio\bin;C:\Program Files\Microsoft SQL Server\Client SDK\ODBC\170\Tools\Binn\;C:\Program Files (x86)\Microsoft SQL Server\150\Tools\Binn\;C:\Program Files\Microsoft SQL Server\150\Tools\Binn\;C:\Program Files\Microsoft SQL Server\150\DTS\Binn\;C:\Program Files (x86)\Microsoft SQL Server\150\DTS\Binn\;C:\Program Files (x86)\Ghdl\Bin;C:\Program Files\Git\cmd;C:\Users\germa\AppData\Local\Programs\Python\Python310\Scripts\;C:\Users\germa\AppData\Local\Programs\Python\Python310\;C:\Users\germa\AppData\Local\Microsoft\WindowsApps;C:\Users\germa\AppData\Local\Programs\MiKTeX\miktex\bin\x64\;C:\Users\germa\.dotnet\tools;C:\Users\germa\AppData\Local\Programs\Microsoft VS Code\bin;C:\eda\Ghdl\bin;C:\eda\gtkwave\bin
200 [20452] INFO perfrun.mrte <> - COR_ENABLE_PROFILING=1
200 [20452] INFO perfrun.mrte <> - COR_PROFILER={AA5E4821-E3B1-479c-B7FF-5AD047D22CED}
200 [20452] INFO perfrun.mrte <> - COMPLUS_ProfAPI_ProfilerCompatibilitySetting=EnableV2Profiler
200 [20452] INFO perfrun.mrte <> - CORECLR_ENABLE_PROFILING=1
200 [20452] INFO perfrun.mrte <> - CORECLR_PROFILER={AA5E4821-E3B1-479c-B7FF-5AD047D22CED}
200 [20452] INFO perfrun.mrte <> - CORECLR_PROFILER_PATH=C:\Program Files (x86)\Intel\oneAPI\vtune\2023.0.0\bin64/amplxe_samplingmrte_clrprof_1.0.dll
200 [20452] INFO perfrun.mrte <> - INTEL_MRTE_PROFILER_MODE=mixed
200 [20452] INFO perfrun.mrte <> - Data directory: C:\Users\germa\source\repos\Project3\Project3\VTune Profiler Results\Project3\r049ps\data.0
200 [20452] INFO perfrun.mrte <> - Mrte plugin is initialized
201 [20452] INFO perfrun.launcher <> - plugin [cuscol] was disabled because it doesn't support the given collection type.
201 [20452] INFO perfrun.launcher <> - plugin [stdsrc] was disabled because it doesn't support the given collection type.
201 [20452] INFO perfrun.launcher <> - plugin [sep] was disabled because it doesn't support the given collection type.
201 [20452] INFO perfrun.launcher <> - plugin [vtsspp] was disabled because it doesn't support the given collection type.
201 [20452] INFO perfrun.launcher <> - plugin [] was disabled because it doesn't support the given collection type.
201 [20452] INFO perfrun.launcher <> - plugin [aoclprofile] was disabled because it doesn't support the given collection type.
201 [20452] INFO perfrun.tpss <> - initialize tpss controller
201 [20452] INFO perfrun.launcher <> - plugin [tpss] was disabled because it doesn't support the given collection type.
201 [20452] INFO perfrun.launcher <> - plugin [] was disabled because it doesn't support the given collection type.
201 [20452] INFO perfrun.launcher <> - plugin [] was disabled because it doesn't support the given collection type.
201 [20452] INFO perfrun.launcher <> - plugin [] was disabled because it doesn't support the given collection type.
201 [20452] INFO perfrun.launcher <> - plugin [] was disabled because it doesn't support the given collection type.
201 [20452] INFO perfrun.launcher <> - plugin [power] was disabled because it doesn't support the given collection type.
201 [20452] INFO perfrun.launcher <> - plugin [hwloc] was disabled because it doesn't support the given collection type.
201 [20452] INFO perfrun.launcher <> - plugin [ipmwatch] was disabled because it doesn't support the given collection type.
201 [20452] INFO perfrun.launcher <> - plugin [os_counters] was disabled because it doesn't support the given collection type.
201 [20452] INFO perfrun.launcher <> - plugin [l0_metrics] was disabled because it doesn't support the given collection type.
201 [3592] INFO perfrun.launcher <> - set environment variable: INTEL_MRTE_DATA_DIR = C:\Users\germa\source\repos\Project3\Project3\VTune Profiler Results\Project3\r049ps\data.0
201 [3592] INFO perfrun.launcher <> - set environment variable: INTEL_MRTE_HOST_NAME = DESKTOP-JB6HC7R
202 [3592] INFO perfrun.launcher <> - set environment variable: JAVA_TOOL_OPTIONS = -agentlib:amplxe_samplingmrte_javaprof_1.0
202 [3592] INFO perfrun.launcher <> - set environment variable: PATH = C:\Program Files (x86)\Intel\oneAPI\vtune\2023.0.0\bin32\runtime;C:\Program Files (x86)\Intel\oneAPI\vtune\2023.0.0\bin64\runtime;C:\ProgramData\Oracle\Java\javapath;C:\Windows\system32;C:\Windows;C:\Windows\System32\Wbem;C:\Windows\System32\WindowsPowerShell\v1.0\;C:\Windows\System32\OpenSSH\;C:\Program Files\NVIDIA Corporation\NVIDIA NvDLISR;C:\Program Files (x86)\NVIDIA Corporation\PhysX\Common;D:\MATLAB\bin;C:\Program Files\PuTTY\;C:\Program Files\dotnet\;C:\Program Files\ibm\gsk8\lib64;C:\Program Files (x86)\ibm\gsk8\lib;C:\WINDOWS\system32;C:\WINDOWS;C:\WINDOWS\System32\Wbem;C:\WINDOWS\System32\WindowsPowerShell\v1.0\;C:\WINDOWS\System32\OpenSSH\;C:\Program Files\Docker\Docker\resources\bin;C:\ProgramData\DockerDesktop\version-bin;C:\Program Files\Azure Data Studio\bin;C:\Program Files\Microsoft SQL Server\Client SDK\ODBC\170\Tools\Binn\;C:\Program Files (x86)\Microsoft SQL Server\150\Tools\Binn\;C:\Program Files\Microsoft SQL Server\150\Tools\Binn\;C:\Program Files\Microsoft SQL Server\150\DTS\Binn\;C:\Program Files (x86)\Microsoft SQL Server\150\DTS\Binn\;C:\Program Files (x86)\Ghdl\Bin;C:\Program Files\Git\cmd;C:\Users\germa\AppData\Local\Programs\Python\Python310\Scripts\;C:\Users\germa\AppData\Local\Programs\Python\Python310\;C:\Users\germa\AppData\Local\Microsoft\WindowsApps;C:\Users\germa\AppData\Local\Programs\MiKTeX\miktex\bin\x64\;C:\Users\germa\.dotnet\tools;C:\Users\germa\AppData\Local\Programs\Microsoft VS Code\bin;C:\eda\Ghdl\bin;C:\eda\gtkwave\bin
202 [3592] INFO perfrun.launcher <> - set environment variable: COR_ENABLE_PROFILING = 1
202 [3592] INFO perfrun.launcher <> - set environment variable: COR_PROFILER = {AA5E4821-E3B1-479c-B7FF-5AD047D22CED}
202 [3592] INFO perfrun.launcher <> - set environment variable: COMPLUS_ProfAPI_ProfilerCompatibilitySetting = EnableV2Profiler
203 [3592] INFO perfrun.launcher <> - set environment variable: CORECLR_ENABLE_PROFILING = 1
203 [3592] INFO perfrun.launcher <> - set environment variable: CORECLR_PROFILER = {AA5E4821-E3B1-479c-B7FF-5AD047D22CED}
203 [3592] INFO perfrun.launcher <> - set environment variable: CORECLR_PROFILER_PATH = C:\Program Files (x86)\Intel\oneAPI\vtune\2023.0.0\bin64/amplxe_samplingmrte_clrprof_1.0.dll
203 [3592] INFO perfrun.launcher <> - set environment variable: INTEL_MRTE_PROFILER_MODE = mixed
203 [3592] INFO perfrun.launcher <> - RpcServer: run RPC server to handle requests
207 [3592] INFO perfrun.sdk <> - IProcessUtil: the given executable 'C:\Users\germa\source\repos\Project3\Debug\Project3.exe' is valid.
207 [3592] INFO perfrun.launcher <> - Launcher: command line to start before modification = C:\Users\germa\source\repos\Project3\Debug\Project3.exe
207 [3592] INFO perfrun.launcher <> - Launcher: command line to start after modification = C:\Users\germa\source\repos\Project3\Debug\Project3.exe
207 [3592] INFO perfrun.launcher <> - ProcessCreator object was created
209 [3592] INFO perfrun.launcher <> - Launcher: the process was started in suspend mode
210 [20452] INFO perfrun.launcher <> - Messenger::say: Peak bandwidth measurement started.
4347 [20452] INFO perfrun.launcher <> - Messenger::say: Peak bandwidth measurement finished.
4354 [20452] INFO perfrun.sdk <> - Allocating TMU :C:\Users\germa\source\repos\Project3\Project3\VTune Profiler Results\Project3\r049ps\data.0\gen_metrics0_0_2_0_0.0.cfg
4355 [20452] INFO perfrun.sdk <> - De-allocating TMU: C:\Users\germa\source\repos\Project3\Project3\VTune Profiler Results\Project3\r049ps\data.0\gen_metrics0_0_2_0_0.0.cfg
4374 [20452] INFO perfrun.gpu <> - GPU counting mode: initialization successful
4375 [20452] INFO perfrun.gpu <> - Creating main data processing loop
4376 [30104] INFO perfrun.sdk <> - Allocating TMU :C:\Users\germa\source\repos\Project3\Project3\VTune Profiler Results\Project3\r049ps\data.0\gen_metrics0_0_2_0_0.0.vtss
4377 [30104] INFO perfrun.gpu <> - IO stream opening, timer period: 1000000, buffer size: 0 subDevice 0 tile 0
4377 [20452] INFO perfrun.sdk <> - runCmd: "C:\Program Files (x86)\Intel\oneAPI\vtune\2023.0.0\bin64\emon.exe" -M
4379 [30104] INFO perfrun.gpu <> - IO stream opened, timer period: 682666, buffer size: 16777216
4380 [20452] INFO perfrun.sdk <> - runCmd started PID 43628
4418 [20452] INFO perfrun.sdk <> - runCmd: "C:\Program Files (x86)\Intel\oneAPI\vtune\2023.0.0\bin64\emon.exe" -v
4420 [20452] INFO perfrun.sdk <> - runCmd started PID 31340
4470 [20452] INFO perfrun.sdk <> - runCmd: "C:\Program Files (x86)\Intel\oneAPI\vtune\2023.0.0\bin64\sep.exe" -dry-run -ec CPU_CLK_UNHALTED.THREAD:sa=2800000,CPU_CLK_UNHALTED.REF_TSC:sample:sa=2800000,INST_RETIRED.ANY:sample:sa=2800000,CPU_CLK_UNHALTED.DISTRIBUTED:sa=2800000,TOPDOWN.SLOTS:sample:sa=2000003,UOPS_RETIRED.SLOTS:sample:sa=2000003,FP_ARITH_INST_RETIRED.SCALAR_SINGLE:sa=2000003,FP_ARITH_INST_RETIRED.128B_PACKED_SINGLE:sa=2000003,FP_ARITH_INST_RETIRED.256B_PACKED_SINGLE:sa=2000003,FP_ARITH_INST_RETIRED.SCALAR_DOUBLE:sa=2000003,FP_ARITH_INST_RETIRED.128B_PACKED_DOUBLE:sa=2000003,FP_ARITH_INST_RETIRED.256B_PACKED_DOUBLE:sa=2000003,UOPS_EXECUTED.X87:sa=2000003,UOPS_EXECUTED.THREAD:sa=2000003,FP_ARITH_INST_RETIRED.512B_PACKED_DOUBLE:sa=2000003,FP_ARITH_INST_RETIRED.512B_PACKED_SINGLE:sa=2000003,CPU_CLK_UNHALTED.THREAD_P,CYCLE_ACTIVITY.STALLS_L1D_MISS,CYCLE_ACTIVITY.STALLS_L2_MISS,CYCLE_ACTIVITY.STALLS_L3_MISS,CYCLE_ACTIVITY.STALLS_MEM_ANY,CYCLE_ACTIVITY.STALLS_TOTAL,EXE_ACTIVITY.1_PORTS_UTIL,EXE_ACTIVITY.2_PORTS_UTIL,EXE_ACTIVITY.BOUND_ON_STORES,FRONTEND_RETIRED.LATENCY_GE_4,IDQ_UOPS_NOT_DELIVERED.CORE,INT_MISC.RECOVERY_CYCLES:cmask=1:e=yes,INT_MISC.UOP_DROPPING,L1D_PEND_MISS.FB_FULL_PERIODS,MEM_LOAD_RETIRED.FB_HIT,MEM_LOAD_RETIRED.L1_HIT,MEM_LOAD_RETIRED.L1_MISS,MEM_LOAD_RETIRED.L2_HIT,MEM_LOAD_RETIRED.L3_HIT,MEM_LOAD_RETIRED.L3_MISS,OFFCORE_REQUESTS_OUTSTANDING.ALL_DATA_RD:cmask=4,OFFCORE_REQUESTS_OUTSTANDING.CYCLES_WITH_DATA_RD,TOPDOWN.BACKEND_BOUND_SLOTS,MEM_INST_RETIRED.ALL_STORES:sa=100003,MEM_INST_RETIRED.ALL_LOADS:sa=100003,UNC_IMC_DRAM_DATA_READS,UNC_IMC_DRAM_DATA_WRITES -experimental
4472 [20452] INFO perfrun.sdk <> - runCmd started PID 7760
4539 [20452] INFO perfrun.sdk <> - runCmd: "C:\Program Files (x86)\Intel\oneAPI\vtune\2023.0.0\bin64\emon.exe" -u -t 0.010 -l0 -A -C CPU_CLK_UNHALTED.DISTRIBUTED,CPU_CLK_UNHALTED.REF_TSC,CPU_CLK_UNHALTED.THREAD,CPU_CLK_UNHALTED.THREAD_P,CYCLE_ACTIVITY.STALLS_L1D_MISS,CYCLE_ACTIVITY.STALLS_L2_MISS,CYCLE_ACTIVITY.STALLS_L3_MISS,CYCLE_ACTIVITY.STALLS_MEM_ANY,CYCLE_ACTIVITY.STALLS_TOTAL,EXE_ACTIVITY.1_PORTS_UTIL,EXE_ACTIVITY.2_PORTS_UTIL,EXE_ACTIVITY.BOUND_ON_STORES,FP_ARITH_INST_RETIRED.128B_PACKED_DOUBLE,FP_ARITH_INST_RETIRED.128B_PACKED_SINGLE,FP_ARITH_INST_RETIRED.256B_PACKED_DOUBLE,FP_ARITH_INST_RETIRED.256B_PACKED_SINGLE,FP_ARITH_INST_RETIRED.512B_PACKED_DOUBLE,FP_ARITH_INST_RETIRED.512B_PACKED_SINGLE,FP_ARITH_INST_RETIRED.SCALAR_DOUBLE,FP_ARITH_INST_RETIRED.SCALAR_SINGLE,FRONTEND_RETIRED.LATENCY_GE_4,IDQ_UOPS_NOT_DELIVERED.CORE,INST_RETIRED.ANY,INT_MISC.RECOVERY_CYCLES:c1:e1,INT_MISC.UOP_DROPPING,L1D_PEND_MISS.FB_FULL_PERIODS,MEM_INST_RETIRED.ALL_LOADS,MEM_INST_RETIRED.ALL_STORES,MEM_LOAD_RETIRED.FB_HIT,MEM_LOAD_RETIRED.L1_HIT,MEM_LOAD_RETIRED.L1_MISS,MEM_LOAD_RETIRED.L2_HIT,MEM_LOAD_RETIRED.L3_HIT,MEM_LOAD_RETIRED.L3_MISS,OFFCORE_REQUESTS_OUTSTANDING.ALL_DATA_RD:c4,OFFCORE_REQUESTS_OUTSTANDING.CYCLES_WITH_DATA_RD,TOPDOWN.BACKEND_BOUND_SLOTS,TOPDOWN.SLOTS,UNC_IMC_DRAM_DATA_READS,UNC_IMC_DRAM_DATA_WRITES,UOPS_EXECUTED.THREAD,UOPS_EXECUTED.X87,UOPS_RETIRED.SLOTS -f "C:\Users\germa\source\repos\Project3\Project3\VTune Profiler Results\Project3\r049ps\data.0\emon.0.emon" -experimental
4541 [20452] INFO perfrun.sdk <> - runCmd started PID 35792
4541 [20452] INFO perfrun.emon <> - Waiting trace file creation: C:\Users\germa\source\repos\Project3\Project3\VTune Profiler Results\Project3\r049ps\data.0\emon.0.emon
4748 [20452] INFO perfrun.emon <> - trace file was found
4748 [3592] INFO perfrun.launcher <> - Launcher: all plugins were started
4748 [3592] INFO perfrun.launcher <> - DirectoryMonitor object was created
4748 [3592] INFO perfrun.launcher <> - DirectoryMonitor: a callback was added
4748 [3592] INFO perfrun.launcher <> - DirectoryMonitor was started with pingTime = 1000
4748 [3592] INFO perfrun.launcher <> - DeadlineTimer is going to be constructed
4748 [3592] INFO perfrun.launcher <> - DeadlineTimer: a callback was added
4757 [3592] INFO perfrun.launcher <> - Launcher: resume the profiled application and  wait its termination or stop command
4887 [30104] INFO perfrun.gpu <> - Next report we'll be handling the low-power state
4887 [30104] INFO perfrun.gpu <> - Entered handling of low-power state
6418 [3592] INFO perfrun.launcher <> - Launcher: the profiled application was terminated  with exit code = 0
6425 [20452] INFO perfrun.gpu <> - Waiting for data collection thread to finish
6917 [30104] INFO perfrun.gpu <> - Writing dual vector buffer
6917 [30104] INFO perfrun.sdk <> - De-allocating TMU: C:\Users\germa\source\repos\Project3\Project3\VTune Profiler Results\Project3\r049ps\data.0\gen_metrics0_0_2_0_0.0.vtss
6932 [30104] INFO perfrun.gpu <> - Data collection routine finished
6935 [20452] INFO perfrun.gpu <> - Data collection thread finished, shutting down the session
6935 [20452] INFO perfrun.sdk <> - runCmd: "C:\Program Files (x86)\Intel\oneAPI\vtune\2023.0.0\bin64\emon.exe" -stop
6937 [20452] INFO perfrun.sdk <> - runCmd started PID 36152
7116 [20452] INFO perfrun.emon <> - EMON collector successfully stopped.

7116 [20452] INFO perfrun.emon <> - Waiting for main Emon process (35792) to finish...
7116 [20452] INFO perfrun.emon <> - Main Emon process finished
7117 [20452] INFO perfrun.sdk <> - De-allocating TMU: C:\Users\germa\source\repos\Project3\Project3\VTune Profiler Results\Project3\r049ps\data.0\systemcollector-16748-DESKTOP-JB6HC7R.sc
7134 [20452] INFO perfrun.system <> - closed the system trace file: C:\Users\germa\source\repos\Project3\Project3\VTune Profiler Results\Project3\r049ps\data.0\systemcollector-16748-DESKTOP-JB6HC7R.sc
7134 [3592] INFO perfrun.launcher <> - Launcher: all plugins were stopped.
7134 [3592] INFO perfrun.launcher <> - DeadlineTimer is going to be destroyed
7134 [3592] INFO perfrun.launcher <> - DeadlineTimer was destroyed
7135 [3592] INFO perfrun.launcher <> - DirectoryMonitor object was destroyed
7135 [3592] WARN perfrun.launcher <> - Stop command is ignored because it is received when collection is already stopped, at file: C:\BB\ANphep2w6r\b\tmp2iy5aj\vcs\perfrun1\launcher\src\command_handler.cpp:226
7136 [3592] INFO perfrun.launcher <> - Application exit code: 0
7136 [3592] INFO perfrun.launcher <> - Exit code: 0
