73 [27840] INFO perfrun.launcher <> - Launcher main begin
77 [27840] INFO perfrun.launcher <> - MessageCatalogInit finished
77 [27840] INFO perfrun.launcher <> - Launcher instance created
77 [27840] INFO perfrun.launcher <> - argc = 7; cmdline = C:\Program Files (x86)\Intel\oneAPI\vtune\2023.0.0\bin64\amplxe-runss.exe --ui-output-format xml --ui-output-fd 1348 --option-file C:\Users\germa\source\repos\Project3\Project3\VTune Profiler Results\Project3\r036hs\config\runss.options 
116 [27840] INFO perfrun.launcher <> - New signal handler callback was added
154 [27840] INFO perfrun.launcher <> - create msngr2::ICliToolContext
154 [27840] INFO perfrun.launcher <> - create file finder object
154 [27840] INFO perfrun.launcher <> - create a result directory: pattern = C:\Users\germa\source\repos\Project3\Project3\VTune Profiler Results\Project3\r036hs pid = 4294967295
158 [27840] INFO perfrun.launcher <> - create data directory = C:\Users\germa\source\repos\Project3\Project3\VTune Profiler Results\Project3\r036hs\data.0
159 [27840] INFO perfrun.launcher <> - Creating the master collection flag
167 [27840] INFO perfrun.launcher <> - Done creating the master collection flag
167 [41804] INFO perfrun.launcher <> - plugin [remoteplug] was disabled because it doesn't support the given collection type.
167 [41804] INFO perfrun.sdk <> - Allocating TMU :C:\Users\germa\source\repos\Project3\Project3\VTune Profiler Results\Project3\r036hs\data.0\systemcollector-44008-DESKTOP-JB6HC7R.sc
168 [41804] INFO perfrun.launcher <> - plugin [] was disabled because it doesn't support the given collection type.
170 [41804] INFO perfrun.launcher <> - plugin [] was disabled because it doesn't support the given collection type.
170 [41804] INFO perfrun.launcher <> - plugin [gpu] was disabled because it doesn't support the given collection type.
170 [41804] INFO perfrun.launcher <> - plugin [etw.kernel] was disabled because it doesn't support the given collection type.
170 [41804] INFO perfrun.launcher <> - plugin [etw.dx] was disabled because it doesn't support the given collection type.
170 [41804] INFO perfrun.launcher <> - plugin [etw.wsa] was disabled because it doesn't support the given collection type.
170 [41804] INFO perfrun.mrte <> - system-wide mode is 0
170 [41804] INFO perfrun.mrte <> - Getting  mrte profiling environment ...
190 [41804] INFO perfrun.mrte <> - INTEL_MRTE_DATA_DIR=C:\Users\germa\source\repos\Project3\Project3\VTune Profiler Results\Project3\r036hs\data.0
190 [41804] INFO perfrun.mrte <> - INTEL_MRTE_HOST_NAME=DESKTOP-JB6HC7R
190 [41804] INFO perfrun.mrte <> - JAVA_TOOL_OPTIONS=-agentlib:amplxe_tpssmrte_javaprof_1.0
190 [41804] INFO perfrun.mrte <> - PATH=C:\Program Files (x86)\Intel\oneAPI\vtune\2023.0.0\bin32\runtime;C:\Program Files (x86)\Intel\oneAPI\vtune\2023.0.0\bin64\runtime;C:\ProgramData\Oracle\Java\javapath;C:\Windows\system32;C:\Windows;C:\Windows\System32\Wbem;C:\Windows\System32\WindowsPowerShell\v1.0\;C:\Windows\System32\OpenSSH\;C:\Program Files\NVIDIA Corporation\NVIDIA NvDLISR;C:\Program Files (x86)\NVIDIA Corporation\PhysX\Common;D:\MATLAB\bin;C:\Program Files\PuTTY\;C:\Program Files\dotnet\;C:\Program Files\ibm\gsk8\lib64;C:\Program Files (x86)\ibm\gsk8\lib;C:\WINDOWS\system32;C:\WINDOWS;C:\WINDOWS\System32\Wbem;C:\WINDOWS\System32\WindowsPowerShell\v1.0\;C:\WINDOWS\System32\OpenSSH\;C:\Program Files\Docker\Docker\resources\bin;C:\ProgramData\DockerDesktop\version-bin;C:\Program Files\Azure Data Studio\bin;C:\Program Files\Microsoft SQL Server\Client SDK\ODBC\170\Tools\Binn\;C:\Program Files (x86)\Microsoft SQL Server\150\Tools\Binn\;C:\Program Files\Microsoft SQL Server\150\Tools\Binn\;C:\Program Files\Microsoft SQL Server\150\DTS\Binn\;C:\Program Files (x86)\Microsoft SQL Server\150\DTS\Binn\;C:\Program Files (x86)\Ghdl\Bin;C:\Program Files\Git\cmd;C:\Users\germa\AppData\Local\Programs\Python\Python310\Scripts\;C:\Users\germa\AppData\Local\Programs\Python\Python310\;C:\Users\germa\AppData\Local\Microsoft\WindowsApps;C:\Users\germa\AppData\Local\Programs\MiKTeX\miktex\bin\x64\;C:\Users\germa\.dotnet\tools;C:\Users\germa\AppData\Local\Programs\Microsoft VS Code\bin;C:\eda\Ghdl\bin;C:\eda\gtkwave\bin
190 [41804] INFO perfrun.mrte <> - COR_ENABLE_PROFILING=1
190 [41804] INFO perfrun.mrte <> - COR_PROFILER={AA5E4821-E3B1-479c-B7FF-5AD047D22CED}
190 [41804] INFO perfrun.mrte <> - COMPLUS_ProfAPI_ProfilerCompatibilitySetting=EnableV2Profiler
190 [41804] INFO perfrun.mrte <> - CORECLR_ENABLE_PROFILING=1
190 [41804] INFO perfrun.mrte <> - CORECLR_PROFILER={AA5E4821-E3B1-479c-B7FF-5AD047D22CED}
190 [41804] INFO perfrun.mrte <> - CORECLR_PROFILER_PATH=C:\Program Files (x86)\Intel\oneAPI\vtune\2023.0.0\bin64/amplxe_samplingmrte_clrprof_1.0.dll
190 [41804] INFO perfrun.mrte <> - INTEL_MRTE_PROFILER_MODE=mixed
190 [41804] INFO perfrun.mrte <> - Data directory: C:\Users\germa\source\repos\Project3\Project3\VTune Profiler Results\Project3\r036hs\data.0
190 [41804] INFO perfrun.mrte <> - Mrte plugin is initialized
190 [41804] INFO perfrun.launcher <> - plugin [cuscol] was disabled because it doesn't support the given collection type.
190 [41804] INFO perfrun.launcher <> - plugin [stdsrc] was disabled because it doesn't support the given collection type.
190 [41804] INFO perfrun.launcher <> - plugin [sep] was disabled because it doesn't support the given collection type.
190 [41804] INFO perfrun.launcher <> - plugin [vtsspp] was disabled because it doesn't support the given collection type.
190 [41804] INFO perfrun.launcher <> - plugin [] was disabled because it doesn't support the given collection type.
190 [41804] INFO perfrun.launcher <> - plugin [aoclprofile] was disabled because it doesn't support the given collection type.
190 [41804] INFO perfrun.tpss <> - initialize tpss controller
190 [41804] INFO perfrun.tpss <> - configure collection mode: value = cpu:counters:nostack
190 [41804] INFO perfrun.tpss <> - configure collection mode: value = cpu:stack
190 [41804] INFO perfrun.tpss <> - default obj-size-min=1024
190 [41804] INFO perfrun.tpss <> - default hash-table-size=0
190 [41804] INFO perfrun.launcher <> - plugin [] was disabled because it doesn't support the given collection type.
190 [41804] INFO perfrun.launcher <> - plugin [] was disabled because it doesn't support the given collection type.
190 [41804] INFO perfrun.launcher <> - plugin [] was disabled because it doesn't support the given collection type.
190 [41804] INFO perfrun.launcher <> - plugin [] was disabled because it doesn't support the given collection type.
190 [41804] INFO perfrun.launcher <> - plugin [power] was disabled because it doesn't support the given collection type.
190 [41804] INFO perfrun.launcher <> - plugin [hwloc] was disabled because it doesn't support the given collection type.
190 [41804] INFO perfrun.launcher <> - plugin [ipmwatch] was disabled because it doesn't support the given collection type.
190 [41804] INFO perfrun.launcher <> - plugin [os_counters] was disabled because it doesn't support the given collection type.
190 [41804] INFO perfrun.launcher <> - plugin [l0_metrics] was disabled because it doesn't support the given collection type.
191 [27840] INFO perfrun.launcher <> - set environment variable: PATH = C:\Program Files (x86)\Intel\oneAPI\vtune\2023.0.0\bin32\runtime;C:\Program Files (x86)\Intel\oneAPI\vtune\2023.0.0\bin64\runtime;C:\ProgramData\Oracle\Java\javapath;C:\Windows\system32;C:\Windows;C:\Windows\System32\Wbem;C:\Windows\System32\WindowsPowerShell\v1.0\;C:\Windows\System32\OpenSSH\;C:\Program Files\NVIDIA Corporation\NVIDIA NvDLISR;C:\Program Files (x86)\NVIDIA Corporation\PhysX\Common;D:\MATLAB\bin;C:\Program Files\PuTTY\;C:\Program Files\dotnet\;C:\Program Files\ibm\gsk8\lib64;C:\Program Files (x86)\ibm\gsk8\lib;C:\WINDOWS\system32;C:\WINDOWS;C:\WINDOWS\System32\Wbem;C:\WINDOWS\System32\WindowsPowerShell\v1.0\;C:\WINDOWS\System32\OpenSSH\;C:\Program Files\Docker\Docker\resources\bin;C:\ProgramData\DockerDesktop\version-bin;C:\Program Files\Azure Data Studio\bin;C:\Program Files\Microsoft SQL Server\Client SDK\ODBC\170\Tools\Binn\;C:\Program Files (x86)\Microsoft SQL Server\150\Tools\Binn\;C:\Program Files\Microsoft SQL Server\150\Tools\Binn\;C:\Program Files\Microsoft SQL Server\150\DTS\Binn\;C:\Program Files (x86)\Microsoft SQL Server\150\DTS\Binn\;C:\Program Files (x86)\Ghdl\Bin;C:\Program Files\Git\cmd;C:\Users\germa\AppData\Local\Programs\Python\Python310\Scripts\;C:\Users\germa\AppData\Local\Programs\Python\Python310\;C:\Users\germa\AppData\Local\Microsoft\WindowsApps;C:\Users\germa\AppData\Local\Programs\MiKTeX\miktex\bin\x64\;C:\Users\germa\.dotnet\tools;C:\Users\germa\AppData\Local\Programs\Microsoft VS Code\bin;C:\eda\Ghdl\bin;C:\eda\gtkwave\bin
191 [27840] INFO perfrun.launcher <> - set environment variable: INTEL_LIBITTNOTIFY32 = C:\Program Files (x86)\Intel\oneAPI\vtune\2023.0.0\bin32\runtime\ittnotify_collector.dll
191 [27840] INFO perfrun.launcher <> - set environment variable: INTEL_LIBITTNOTIFY64 = C:\Program Files (x86)\Intel\oneAPI\vtune\2023.0.0\bin64\runtime\ittnotify_collector.dll
191 [27840] INFO perfrun.launcher <> - set environment variable: INTEL_ITTNOTIFY_GROUPS = 
192 [27840] INFO perfrun.launcher <> - set environment variable: INTEL_JIT_PROFILER32 = C:\Program Files (x86)\Intel\oneAPI\vtune\2023.0.0\bin32\runtime\ittnotify_collector.dll
192 [27840] INFO perfrun.launcher <> - set environment variable: INTEL_JIT_PROFILER64 = C:\Program Files (x86)\Intel\oneAPI\vtune\2023.0.0\bin64\runtime\ittnotify_collector.dll
192 [27840] INFO perfrun.launcher <> - set environment variable: OMP_TOOL_LIBRARIES = C:\Program Files (x86)\Intel\oneAPI\vtune\2023.0.0\bin32\runtime\ittnotify_collector.dll;C:\Program Files (x86)\Intel\oneAPI\vtune\2023.0.0\bin64\runtime\ittnotify_collector.dll
192 [27840] INFO perfrun.launcher <> - set environment variable: ENABLE_JITPROFILING = 1
192 [27840] INFO perfrun.launcher <> - set environment variable: CL_CONFIG_USE_VTUNE = True
192 [27840] INFO perfrun.launcher <> - set environment variable: KMP_FORKJOIN_FRAMES = 0
193 [27840] INFO perfrun.launcher <> - set environment variable: KMP_FORKJOIN_FRAMES_MODE = 0
193 [27840] INFO perfrun.launcher <> - set environment variable: OMP_TOOL = disabled
193 [27840] INFO perfrun.launcher <> - set environment variable: INTEL_MRTE_DATA_DIR = C:\Users\germa\source\repos\Project3\Project3\VTune Profiler Results\Project3\r036hs\data.0
193 [27840] INFO perfrun.launcher <> - set environment variable: INTEL_MRTE_HOST_NAME = DESKTOP-JB6HC7R
193 [27840] INFO perfrun.launcher <> - set environment variable: JAVA_TOOL_OPTIONS = -agentlib:amplxe_tpssmrte_javaprof_1.0
193 [27840] INFO perfrun.launcher <> - set environment variable: PATH = C:\Program Files (x86)\Intel\oneAPI\vtune\2023.0.0\bin32\runtime;C:\Program Files (x86)\Intel\oneAPI\vtune\2023.0.0\bin64\runtime;C:\ProgramData\Oracle\Java\javapath;C:\Windows\system32;C:\Windows;C:\Windows\System32\Wbem;C:\Windows\System32\WindowsPowerShell\v1.0\;C:\Windows\System32\OpenSSH\;C:\Program Files\NVIDIA Corporation\NVIDIA NvDLISR;C:\Program Files (x86)\NVIDIA Corporation\PhysX\Common;D:\MATLAB\bin;C:\Program Files\PuTTY\;C:\Program Files\dotnet\;C:\Program Files\ibm\gsk8\lib64;C:\Program Files (x86)\ibm\gsk8\lib;C:\WINDOWS\system32;C:\WINDOWS;C:\WINDOWS\System32\Wbem;C:\WINDOWS\System32\WindowsPowerShell\v1.0\;C:\WINDOWS\System32\OpenSSH\;C:\Program Files\Docker\Docker\resources\bin;C:\ProgramData\DockerDesktop\version-bin;C:\Program Files\Azure Data Studio\bin;C:\Program Files\Microsoft SQL Server\Client SDK\ODBC\170\Tools\Binn\;C:\Program Files (x86)\Microsoft SQL Server\150\Tools\Binn\;C:\Program Files\Microsoft SQL Server\150\Tools\Binn\;C:\Program Files\Microsoft SQL Server\150\DTS\Binn\;C:\Program Files (x86)\Microsoft SQL Server\150\DTS\Binn\;C:\Program Files (x86)\Ghdl\Bin;C:\Program Files\Git\cmd;C:\Users\germa\AppData\Local\Programs\Python\Python310\Scripts\;C:\Users\germa\AppData\Local\Programs\Python\Python310\;C:\Users\germa\AppData\Local\Microsoft\WindowsApps;C:\Users\germa\AppData\Local\Programs\MiKTeX\miktex\bin\x64\;C:\Users\germa\.dotnet\tools;C:\Users\germa\AppData\Local\Programs\Microsoft VS Code\bin;C:\eda\Ghdl\bin;C:\eda\gtkwave\bin
193 [27840] INFO perfrun.launcher <> - set environment variable: COR_ENABLE_PROFILING = 1
193 [27840] INFO perfrun.launcher <> - set environment variable: COR_PROFILER = {AA5E4821-E3B1-479c-B7FF-5AD047D22CED}
193 [27840] INFO perfrun.launcher <> - set environment variable: COMPLUS_ProfAPI_ProfilerCompatibilitySetting = EnableV2Profiler
193 [27840] INFO perfrun.launcher <> - set environment variable: CORECLR_ENABLE_PROFILING = 1
193 [27840] INFO perfrun.launcher <> - set environment variable: CORECLR_PROFILER = {AA5E4821-E3B1-479c-B7FF-5AD047D22CED}
193 [27840] INFO perfrun.launcher <> - set environment variable: CORECLR_PROFILER_PATH = C:\Program Files (x86)\Intel\oneAPI\vtune\2023.0.0\bin64/amplxe_samplingmrte_clrprof_1.0.dll
194 [27840] INFO perfrun.launcher <> - set environment variable: INTEL_MRTE_PROFILER_MODE = mixed
194 [27840] INFO perfrun.launcher <> - RpcServer: run RPC server to handle requests
199 [27840] INFO perfrun.sdk <> - IProcessUtil: the given executable 'C:\Users\germa\source\repos\Project3\Debug\Project3.exe' is valid.
199 [27840] INFO perfrun.launcher <> - Launcher: command line to start before modification = C:\Users\germa\source\repos\Project3\Debug\Project3.exe
201 [27840] INFO perfrun.launcher <> - Launcher: command line to start after modification = C:\Program Files (x86)\Intel\oneAPI\vtune\2023.0.0\bin64\pin.exe -error_file C:\Users\germa\source\repos\Project3\Project3\VTune Profiler Results\Project3\r036hs\data.0\pinerr.tpsslog -detach_reattach -probe -follow_execv -p32 C:\Program Files (x86)\Intel\oneAPI\vtune\2023.0.0\bin32\pin.exe -p64 C:\Program Files (x86)\Intel\oneAPI\vtune\2023.0.0\bin64\pin.exe -t64 C:\Program Files (x86)\Intel\oneAPI\vtune\2023.0.0\bin64\tpsstool.dll -t C:\Program Files (x86)\Intel\oneAPI\vtune\2023.0.0\bin32\tpsstool.dll -server_name tpss_ipc.44008 -prd_dir C:\Program Files (x86)\Intel\oneAPI\vtune\2023.0.0 -- C:\Users\germa\source\repos\Project3\Debug\Project3.exe
202 [27840] INFO perfrun.launcher <> - ProcessCreator object was created
204 [27840] INFO perfrun.launcher <> - Launcher: the process was started in suspend mode
204 [41804] INFO perfrun.itt <> - start itt controller for pid #14960
206 [41804] INFO perfrun.sdk <> - runCmd: "C:\Program Files (x86)\Intel\oneAPI\vtune\2023.0.0\bin64\emon.exe" -M
208 [41804] INFO perfrun.sdk <> - runCmd started PID 26040
254 [41804] INFO perfrun.sdk <> - runCmd: "C:\Program Files (x86)\Intel\oneAPI\vtune\2023.0.0\bin64\emon.exe" -v
255 [41804] INFO perfrun.sdk <> - runCmd started PID 44516
310 [41804] INFO perfrun.sdk <> - runCmd: "C:\Program Files (x86)\Intel\oneAPI\vtune\2023.0.0\bin64\sep.exe" -dry-run -ec CPU_CLK_UNHALTED.THREAD,CPU_CLK_UNHALTED.REF_TSC:sample:sa=2800000,INST_RETIRED.ANY:sample:sa=2800000,CPU_CLK_UNHALTED.DISTRIBUTED,FP_ARITH_INST_RETIRED.SCALAR_SINGLE,FP_ARITH_INST_RETIRED.128B_PACKED_SINGLE,FP_ARITH_INST_RETIRED.256B_PACKED_SINGLE,FP_ARITH_INST_RETIRED.SCALAR_DOUBLE,FP_ARITH_INST_RETIRED.128B_PACKED_DOUBLE,FP_ARITH_INST_RETIRED.256B_PACKED_DOUBLE,UOPS_EXECUTED.X87,UOPS_RETIRED.SLOTS:sample:sa=2000003,UOPS_EXECUTED.THREAD,FP_ARITH_INST_RETIRED.512B_PACKED_DOUBLE,FP_ARITH_INST_RETIRED.512B_PACKED_SINGLE,TOPDOWN.SLOTS:sample:sa=2000003 -experimental
312 [41804] INFO perfrun.sdk <> - runCmd started PID 26600
373 [41804] INFO perfrun.sdk <> - runCmd: "C:\Program Files (x86)\Intel\oneAPI\vtune\2023.0.0\bin64\emon.exe" -u -t 0.050 -l0 -A -C CPU_CLK_UNHALTED.DISTRIBUTED,CPU_CLK_UNHALTED.REF_TSC,CPU_CLK_UNHALTED.THREAD,FP_ARITH_INST_RETIRED.128B_PACKED_DOUBLE,FP_ARITH_INST_RETIRED.128B_PACKED_SINGLE,FP_ARITH_INST_RETIRED.256B_PACKED_DOUBLE,FP_ARITH_INST_RETIRED.256B_PACKED_SINGLE,FP_ARITH_INST_RETIRED.512B_PACKED_DOUBLE,FP_ARITH_INST_RETIRED.512B_PACKED_SINGLE,FP_ARITH_INST_RETIRED.SCALAR_DOUBLE,FP_ARITH_INST_RETIRED.SCALAR_SINGLE,INST_RETIRED.ANY,TOPDOWN.SLOTS,UOPS_EXECUTED.THREAD,UOPS_EXECUTED.X87,UOPS_RETIRED.SLOTS -f "C:\Users\germa\source\repos\Project3\Project3\VTune Profiler Results\Project3\r036hs\data.0\emon.0.emon" -experimental
375 [41804] INFO perfrun.sdk <> - runCmd started PID 24476
375 [41804] INFO perfrun.emon <> - Waiting trace file creation: C:\Users\germa\source\repos\Project3\Project3\VTune Profiler Results\Project3\r036hs\data.0\emon.0.emon
591 [41804] INFO perfrun.emon <> - trace file was found
591 [41804] INFO perfrun.tpss <> - start tpss controller for pid #14960
651 [27840] INFO perfrun.launcher <> - Launcher: all plugins were started
651 [27840] INFO perfrun.launcher <> - DirectoryMonitor object was created
651 [27840] INFO perfrun.launcher <> - DirectoryMonitor: a callback was added
651 [27840] INFO perfrun.launcher <> - DirectoryMonitor was started with pingTime = 1000
651 [27840] INFO perfrun.launcher <> - DeadlineTimer is going to be constructed
652 [27840] INFO perfrun.launcher <> - DeadlineTimer: a callback was added
662 [27840] INFO perfrun.launcher <> - Launcher: resume the profiled application and  wait its termination or stop command
5808 [27840] INFO perfrun.launcher <> - Launcher: the profiled application was terminated  with exit code = 0
5816 [41804] INFO perfrun.itt <> - detach itt controller
5816 [41804] INFO perfrun.itt <> - detach itt controller done
5816 [41804] INFO perfrun.sdk <> - runCmd: "C:\Program Files (x86)\Intel\oneAPI\vtune\2023.0.0\bin64\emon.exe" -stop
5818 [41804] INFO perfrun.sdk <> - runCmd started PID 17144
6032 [41804] INFO perfrun.emon <> - EMON collector successfully stopped.

6032 [41804] INFO perfrun.emon <> - Waiting for main Emon process (24476) to finish...
6032 [41804] INFO perfrun.emon <> - Main Emon process finished
6032 [41804] INFO perfrun.tpss <> - stop tpss controller
6033 [41804] INFO perfrun.sdk <> - De-allocating TMU: C:\Users\germa\source\repos\Project3\Project3\VTune Profiler Results\Project3\r036hs\data.0\systemcollector-44008-DESKTOP-JB6HC7R.sc
6061 [41804] INFO perfrun.system <> - closed the system trace file: C:\Users\germa\source\repos\Project3\Project3\VTune Profiler Results\Project3\r036hs\data.0\systemcollector-44008-DESKTOP-JB6HC7R.sc
6061 [27840] INFO perfrun.launcher <> - Launcher: all plugins were stopped.
6061 [27840] INFO perfrun.launcher <> - DeadlineTimer is going to be destroyed
6062 [27840] INFO perfrun.launcher <> - DeadlineTimer was destroyed
6062 [27840] INFO perfrun.launcher <> - DirectoryMonitor object was destroyed
6062 [27840] WARN perfrun.launcher <> - Stop command is ignored because it is received when collection is already stopped, at file: C:\BB\ANphep2w6r\b\tmp2iy5aj\vcs\perfrun1\launcher\src\command_handler.cpp:226
6064 [27840] INFO perfrun.launcher <> - Application exit code: 0
6064 [27840] INFO perfrun.launcher <> - Exit code: 0
